#
# There is insufficient memory for the Java Runtime Environment to continue.
# Native memory allocation (malloc) failed to allocate 2097152 bytes for AllocateHeap
# Possible reasons:
#   The system is out of physical RAM or swap space
#   The process is running with CompressedOops enabled, and the Java Heap may be blocking the growth of the native heap
# Possible solutions:
#   Reduce memory load on the system
#   Increase physical memory or swap space
#   Check if swap backing store is full
#   Decrease Java heap size (-Xmx/-Xms)
#   Decrease number of Java threads
#   Decrease Java thread stack sizes (-Xss)
#   Set larger code cache with -XX:ReservedCodeCacheSize=
#   JVM is running with Unscaled Compressed Oops mode in which the Java heap is
#     placed in the first 4GB address space. The Java Heap base address is the
#     maximum limit for the native heap growth. Please use -XX:HeapBaseMinAddress
#     to set the Java Heap base and to place the Java Heap above 4GB virtual address.
# This output file may be truncated or incomplete.
#
#  Out of Memory Error (allocation.cpp:44), pid=3256, tid=14084
#
# JRE version: OpenJDK Runtime Environment Temurin-17.0.6+10 (17.0.6+10) (build 17.0.6+10)
# Java VM: OpenJDK 64-Bit Server VM Temurin-17.0.6+10 (17.0.6+10, mixed mode, emulated-client, tiered, compressed oops, compressed class ptrs, g1 gc, windows-amd64)
# No core dump will be written. Minidumps are not enabled by default on client versions of Windows
#

---------------  S U M M A R Y ------------

Command Line: -XX:+HeapDumpOnOutOfMemoryError -Xmx1024m -Dsts.lsp.client=vscode -Dsts.log.file=/dev/null -XX:TieredStopAtLevel=1 -Xlog:jni+resolve=off -Dspring.config.location=file:c:\Users\ruanr\.vscode\extensions\vmware.vscode-spring-boot-1.45.0\language-server\BOOT-INF\classes\application.properties org.springframework.ide.vscode.boot.app.BootLanguageServerBootApp

Host: Intel(R) Core(TM) i5-10210U CPU @ 1.60GHz, 8 cores, 11G,  Windows 11 , 64 bit Build 22621 (10.0.22621.1344)
Time: Sat Mar 18 20:05:03 2023 Hora oficial do Brasil elapsed time: 279.494913 seconds (0d 0h 4m 39s)

---------------  T H R E A D  ---------------

Current thread (0x000001c6398c5b70):  VMThread "VM Thread" [stack: 0x000000871a400000,0x000000871a500000] [id=14084]

Stack: [0x000000871a400000,0x000000871a500000]
Native frames: (J=compiled Java code, j=interpreted, Vv=VM code, C=native code)
V  [jvm.dll+0x67741a]
V  [jvm.dll+0x834434]
V  [jvm.dll+0x835bde]
V  [jvm.dll+0x836243]
V  [jvm.dll+0x2457b5]
V  [jvm.dll+0xa626f]
V  [jvm.dll+0x2f5b61]
V  [jvm.dll+0x2f17e0]
V  [jvm.dll+0x2d9ee7]
V  [jvm.dll+0x31ce67]
V  [jvm.dll+0x83a6eb]
V  [jvm.dll+0x83b424]
V  [jvm.dll+0x83b93c]
V  [jvm.dll+0x83bd14]
V  [jvm.dll+0x83bde0]
V  [jvm.dll+0x7e483a]
V  [jvm.dll+0x6762c5]
C  [ucrtbase.dll+0x29363]
C  [KERNEL32.DLL+0x126bd]
C  [ntdll.dll+0x5a9f8]

VM_Operation (0x000000871bdfed70): G1CollectFull, mode: safepoint, requested by thread 0x000001c63ae747f0


---------------  P R O C E S S  ---------------

Threads class SMR info:
_java_thread_list=0x000001c64b5f9b30, length=33, elements={
0x000001c63a4016d0, 0x000001c63a402930, 0x000001c6398ee510, 0x000001c63a41cec0,
0x000001c63a421f40, 0x000001c63a422800, 0x000001c63a44b0c0, 0x000001c63a4519e0,
0x000001c63a634180, 0x000001c63a63c0c0, 0x000001c63aded400, 0x000001c63af46fd0,
0x000001c63ae747f0, 0x000001c63a57cc70, 0x000001c62ea95880, 0x000001c63bde1550,
0x000001c63c113f10, 0x000001c63c1147f0, 0x000001c63c3e7890, 0x000001c63c3e6550,
0x000001c63c3e8230, 0x000001c63c3e7d60, 0x000001c63c3e09e0, 0x000001c63c3e6080,
0x000001c63c3e0eb0, 0x000001c63c3e3ed0, 0x000001c63c3e1380, 0x000001c63c3e1850,
0x000001c63c3e6a20, 0x000001c63c3e26c0, 0x000001c63c3e3a00, 0x000001c63c3e4d40,
0x000001c63c3e6ef0
}

Java Threads: ( => current thread )
  0x000001c63a4016d0 JavaThread "Reference Handler" daemon [_thread_blocked, id=8252, stack(0x000000871a500000,0x000000871a600000)]
  0x000001c63a402930 JavaThread "Finalizer" daemon [_thread_blocked, id=1256, stack(0x000000871a600000,0x000000871a700000)]
  0x000001c6398ee510 JavaThread "Signal Dispatcher" daemon [_thread_blocked, id=14680, stack(0x000000871a700000,0x000000871a800000)]
  0x000001c63a41cec0 JavaThread "Attach Listener" daemon [_thread_blocked, id=13576, stack(0x000000871a800000,0x000000871a900000)]
  0x000001c63a421f40 JavaThread "Service Thread" daemon [_thread_blocked, id=7620, stack(0x000000871a900000,0x000000871aa00000)]
  0x000001c63a422800 JavaThread "Monitor Deflation Thread" daemon [_thread_blocked, id=13644, stack(0x000000871aa00000,0x000000871ab00000)]
  0x000001c63a44b0c0 JavaThread "C1 CompilerThread0" daemon [_thread_blocked, id=1992, stack(0x000000871ab00000,0x000000871ac00000)]
  0x000001c63a4519e0 JavaThread "Sweeper thread" daemon [_thread_blocked, id=18276, stack(0x000000871ac00000,0x000000871ad00000)]
  0x000001c63a634180 JavaThread "Notification Thread" daemon [_thread_blocked, id=13860, stack(0x000000871af00000,0x000000871b000000)]
  0x000001c63a63c0c0 JavaThread "Common-Cleaner" daemon [_thread_blocked, id=1716, stack(0x000000871b100000,0x000000871b200000)]
  0x000001c63aded400 JavaThread "boundedElastic-evictor-1" daemon [_thread_blocked, id=8808, stack(0x000000871b900000,0x000000871ba00000)]
  0x000001c63af46fd0 JavaThread "boundedElastic-evictor-2" daemon [_thread_blocked, id=15688, stack(0x000000871bc00000,0x000000871bd00000)]
  0x000001c63ae747f0 JavaThread "pool-10-thread-1" [_thread_blocked, id=17748, stack(0x000000871bd00000,0x000000871be00000)]
  0x000001c63a57cc70 JavaThread "LanguageServerApp-lifecycle" [_thread_blocked, id=6160, stack(0x000000871be00000,0x000000871bf00000)]
  0x000001c62ea95880 JavaThread "DestroyJavaVM" [_thread_blocked, id=3188, stack(0x0000008719e00000,0x0000008719f00000)]
  0x000001c63bde1550 JavaThread "pool-11-thread-1" [_thread_in_native, id=8524, stack(0x000000871bf00000,0x000000871c000000)]
  0x000001c63c113f10 JavaThread "Simple-Language-Server main thread" daemon [_thread_blocked, id=8772, stack(0x000000871c000000,0x000000871c100000)]
  0x000001c63c1147f0 JavaThread "pool-6-thread-1" [_thread_blocked, id=7324, stack(0x000000871c100000,0x000000871c200000)]
  0x000001c63c3e7890 JavaThread "parallel-1" daemon [_thread_blocked, id=17644, stack(0x000000871d100000,0x000000871d200000)]
  0x000001c63c3e6550 JavaThread "ForkJoinPool.commonPool-worker-2" daemon [_thread_blocked, id=9452, stack(0x000000871d300000,0x000000871d400000)]
  0x000001c63c3e8230 JavaThread "pool-4-thread-1" [_thread_blocked, id=10316, stack(0x000000871d500000,0x000000871d600000)]
  0x000001c63c3e7d60 JavaThread "parallel-2" daemon [_thread_blocked, id=9876, stack(0x000000871d700000,0x000000871d800000)]
  0x000001c63c3e09e0 JavaThread "ForkJoinPool.commonPool-worker-3" daemon [_thread_blocked, id=11120, stack(0x000000871d900000,0x000000871da00000)]
  0x000001c63c3e6080 JavaThread "ForkJoinPool.commonPool-worker-4" daemon [_thread_blocked, id=11512, stack(0x000000871dc00000,0x000000871dd00000)]
  0x000001c63c3e0eb0 JavaThread "ForkJoinPool.commonPool-worker-5" daemon [_thread_blocked, id=13316, stack(0x000000871de00000,0x000000871df00000)]
  0x000001c63c3e3ed0 JavaThread "parallel-3" daemon [_thread_blocked, id=3124, stack(0x000000871c300000,0x000000871c400000)]
  0x000001c63c3e1380 JavaThread "parallel-4" daemon [_thread_blocked, id=9488, stack(0x000000871c400000,0x000000871c500000)]
  0x000001c63c3e1850 JavaThread "Reconciler-1" daemon [_thread_blocked, id=14016, stack(0x000000871c600000,0x000000871c700000)]
  0x000001c63c3e6a20 JavaThread "pool-3-thread-3" [_thread_blocked, id=16304, stack(0x0000008719b00000,0x0000008719c00000)]
  0x000001c63c3e26c0 JavaThread "parallel-5" daemon [_thread_blocked, id=17564, stack(0x0000008719c00000,0x0000008719d00000)]
  0x000001c63c3e3a00 JavaThread "parallel-6" daemon [_thread_blocked, id=9392, stack(0x0000008719d00000,0x0000008719e00000)]
  0x000001c63c3e4d40 JavaThread "parallel-7" daemon [_thread_blocked, id=5832, stack(0x000000871c200000,0x000000871c300000)]
  0x000001c63c3e6ef0 JavaThread "parallel-8" daemon [_thread_blocked, id=3052, stack(0x000000871c500000,0x000000871c600000)]

Other Threads:
=>0x000001c6398c5b70 VMThread "VM Thread" [stack: 0x000000871a400000,0x000000871a500000] [id=14084]
  0x000001c62eae2d80 WatcherThread [stack: 0x000000871b000000,0x000000871b100000] [id=7400]
  0x000001c62ead1ba0 GCTaskThread "GC Thread#0" [stack: 0x0000008719f00000,0x000000871a000000] [id=6500]
  0x000001c63b823050 GCTaskThread "GC Thread#1" [stack: 0x000000871b200000,0x000000871b300000] [id=7996]
  0x000001c63b823300 GCTaskThread "GC Thread#2" [stack: 0x000000871b300000,0x000000871b400000] [id=18296]
  0x000001c63b8235b0 GCTaskThread "GC Thread#3" [stack: 0x000000871b400000,0x000000871b500000] [id=13900]
  0x000001c63b83a370 GCTaskThread "GC Thread#4" [stack: 0x000000871b500000,0x000000871b600000] [id=13612]
  0x000001c63ba9d150 GCTaskThread "GC Thread#5" [stack: 0x000000871b600000,0x000000871b700000] [id=14120]
  0x000001c63ba9d400 GCTaskThread "GC Thread#6" [stack: 0x000000871b700000,0x000000871b800000] [id=7876]
  0x000001c63ba9d6b0 GCTaskThread "GC Thread#7" [stack: 0x000000871b800000,0x000000871b900000] [id=6060]
  0x000001c62eadab50 ConcurrentGCThread "G1 Main Marker" [stack: 0x000000871a000000,0x000000871a100000] [id=3088]
  0x000001c62eadbc10 ConcurrentGCThread "G1 Conc#0" [stack: 0x000000871a100000,0x000000871a200000] [id=896]
  0x000001c63bc1e8b0 ConcurrentGCThread "G1 Conc#1" [stack: 0x000000871bb00000,0x000000871bc00000] [id=2368]
  0x000001c6397344e0 ConcurrentGCThread "G1 Refine#0" [stack: 0x000000871a200000,0x000000871a300000] [id=5308]
  0x000001c63e401910 ConcurrentGCThread "G1 Refine#1" [stack: 0x000000871d600000,0x000000871d700000] [id=17552]
  0x000001c63e401630 ConcurrentGCThread "G1 Refine#2" [stack: 0x000000871da00000,0x000000871db00000] [id=7208]
  0x000001c63e401bf0 ConcurrentGCThread "G1 Refine#3" [stack: 0x000000871db00000,0x000000871dc00000] [id=9892]
  0x000001c63e402490 ConcurrentGCThread "G1 Refine#4" [stack: 0x000000871dd00000,0x000000871de00000] [id=3060]
  0x000001c63ad46be0 ConcurrentGCThread "G1 Refine#5" [stack: 0x000000871d000000,0x000000871d100000] [id=14840]
  0x000001c63ad499e0 ConcurrentGCThread "G1 Refine#6" [stack: 0x000000871c700000,0x000000871c800000] [id=14184]
  0x000001c62eb4bcc0 ConcurrentGCThread "G1 Service" [stack: 0x000000871a300000,0x000000871a400000] [id=12436]

Threads with active compile tasks:

VM state: at safepoint (normal execution)

VM Mutex/Monitor currently owned by a thread:  ([mutex/lock_event])
[0x000001c62c8fd3b0] Threads_lock - owner thread: 0x000001c6398c5b70
[0x000001c62ea844a0] Heap_lock - owner thread: 0x000001c63ae747f0

Heap address: 0x00000000c0000000, size: 1024 MB, Compressed Oops mode: 32-bit

CDS archive(s) not mapped
Compressed class space mapped at: 0x0000000100000000-0x0000000140000000, reserved size: 1073741824
Narrow klass base: 0x0000000000000000, Narrow klass shift: 3, Narrow klass range: 0x140000000

GC Precious Log:
 CPUs: 8 total, 8 available
 Memory: 12119M
 Large Page Support: Disabled
 NUMA Support: Disabled
 Compressed Oops: Enabled (32-bit)
 Heap Region Size: 1M
 Heap Min Capacity: 8M
 Heap Initial Capacity: 190M
 Heap Max Capacity: 1G
 Pre-touch: Disabled
 Parallel Workers: 8
 Concurrent Workers: 2
 Concurrent Refinement Workers: 8
 Periodic GC: Disabled

Heap:
 garbage-first heap   total 219136K, used 64031K [0x00000000c0000000, 0x0000000100000000)
  region size 1024K, 1 young (1024K), 0 survivors (0K)
 Metaspace       used 70648K, committed 71360K, reserved 1114112K
  class space    used 9652K, committed 9920K, reserved 1048576K

Heap Regions: E=young(eden), S=young(survivor), O=old, HS=humongous(starts), HC=humongous(continues), CS=collection set, F=free, OA=open archive, CA=closed archive, TAMS=top-at-mark-start (previous, next)
|   0|0x00000000c0000000, 0x00000000c0100000, 0x00000000c0100000|100%| O|  |TAMS 0x00000000c0100000, 0x00000000c0000000| Untracked 
|   1|0x00000000c0100000, 0x00000000c0200000, 0x00000000c0200000|100%| O|  |TAMS 0x00000000c0200000, 0x00000000c0100000| Untracked 
|   2|0x00000000c0200000, 0x00000000c02ffff0, 0x00000000c0300000| 99%| O|  |TAMS 0x00000000c02ffff0, 0x00000000c0200000| Untracked 
|   3|0x00000000c0300000, 0x00000000c03ffc58, 0x00000000c0400000| 99%| O|  |TAMS 0x00000000c03ffc58, 0x00000000c0300000| Untracked 
|   4|0x00000000c0400000, 0x00000000c04fffe8, 0x00000000c0500000| 99%| O|  |TAMS 0x00000000c04fffe8, 0x00000000c0400000| Untracked 
|   5|0x00000000c0500000, 0x00000000c05ffff8, 0x00000000c0600000| 99%| O|  |TAMS 0x00000000c05ffff8, 0x00000000c0500000| Untracked 
|   6|0x00000000c0600000, 0x00000000c0700000, 0x00000000c0700000|100%| O|  |TAMS 0x00000000c0700000, 0x00000000c0600000| Untracked 
|   7|0x00000000c0700000, 0x00000000c07fffe8, 0x00000000c0800000| 99%| O|  |TAMS 0x00000000c07fffe8, 0x00000000c0700000| Untracked 
|   8|0x00000000c0800000, 0x00000000c08fffe8, 0x00000000c0900000| 99%| O|  |TAMS 0x00000000c08fffe8, 0x00000000c0800000| Untracked 
|   9|0x00000000c0900000, 0x00000000c09fffe0, 0x00000000c0a00000| 99%| O|  |TAMS 0x00000000c09fffe0, 0x00000000c0900000| Untracked 
|  10|0x00000000c0a00000, 0x00000000c0b00000, 0x00000000c0b00000|100%| O|  |TAMS 0x00000000c0b00000, 0x00000000c0a00000| Untracked 
|  11|0x00000000c0b00000, 0x00000000c0bffff0, 0x00000000c0c00000| 99%| O|  |TAMS 0x00000000c0bffff0, 0x00000000c0b00000| Untracked 
|  12|0x00000000c0c00000, 0x00000000c0cfffe8, 0x00000000c0d00000| 99%| O|  |TAMS 0x00000000c0cfffe8, 0x00000000c0c00000| Untracked 
|  13|0x00000000c0d00000, 0x00000000c0dfffc8, 0x00000000c0e00000| 99%| O|  |TAMS 0x00000000c0dfffc8, 0x00000000c0d00000| Untracked 
|  14|0x00000000c0e00000, 0x00000000c0efffe0, 0x00000000c0f00000| 99%| O|  |TAMS 0x00000000c0efffe0, 0x00000000c0e00000| Untracked 
|  15|0x00000000c0f00000, 0x00000000c0ffb498, 0x00000000c1000000| 98%| O|  |TAMS 0x00000000c0ffb498, 0x00000000c0f00000| Untracked 
|  16|0x00000000c1000000, 0x00000000c1100000, 0x00000000c1100000|100%| O|  |TAMS 0x00000000c1100000, 0x00000000c1000000| Untracked 
|  17|0x00000000c1100000, 0x00000000c11ffff0, 0x00000000c1200000| 99%| O|  |TAMS 0x00000000c11ffff0, 0x00000000c1100000| Untracked 
|  18|0x00000000c1200000, 0x00000000c12fffb0, 0x00000000c1300000| 99%| O|  |TAMS 0x00000000c12fffb0, 0x00000000c1200000| Untracked 
|  19|0x00000000c1300000, 0x00000000c13fffc0, 0x00000000c1400000| 99%| O|  |TAMS 0x00000000c13fffc0, 0x00000000c1300000| Untracked 
|  20|0x00000000c1400000, 0x00000000c14ffff0, 0x00000000c1500000| 99%| O|  |TAMS 0x00000000c14ffff0, 0x00000000c1400000| Untracked 
|  21|0x00000000c1500000, 0x00000000c15f8d90, 0x00000000c1600000| 97%| O|  |TAMS 0x00000000c15f8d90, 0x00000000c1500000| Untracked 
|  22|0x00000000c1600000, 0x00000000c16ffff8, 0x00000000c1700000| 99%| O|  |TAMS 0x00000000c16ffff8, 0x00000000c1600000| Untracked 
|  23|0x00000000c1700000, 0x00000000c17fffe8, 0x00000000c1800000| 99%| O|  |TAMS 0x00000000c1700000, 0x00000000c1700000| Untracked 
|  24|0x00000000c1800000, 0x00000000c18fffe8, 0x00000000c1900000| 99%| O|  |TAMS 0x00000000c18fffe8, 0x00000000c1800000| Untracked 
|  25|0x00000000c1900000, 0x00000000c19fffe8, 0x00000000c1a00000| 99%| O|  |TAMS 0x00000000c19fffe8, 0x00000000c1900000| Untracked 
|  26|0x00000000c1a00000, 0x00000000c1affff0, 0x00000000c1b00000| 99%| O|  |TAMS 0x00000000c1affff0, 0x00000000c1a00000| Untracked 
|  27|0x00000000c1b00000, 0x00000000c1bffff8, 0x00000000c1c00000| 99%| O|  |TAMS 0x00000000c1bffff8, 0x00000000c1b00000| Untracked 
|  28|0x00000000c1c00000, 0x00000000c1cffff8, 0x00000000c1d00000| 99%| O|  |TAMS 0x00000000c1cffff8, 0x00000000c1c00000| Untracked 
|  29|0x00000000c1d00000, 0x00000000c1dffff8, 0x00000000c1e00000| 99%| O|  |TAMS 0x00000000c1dffff8, 0x00000000c1d00000| Untracked 
|  30|0x00000000c1e00000, 0x00000000c1efff40, 0x00000000c1f00000| 99%| O|  |TAMS 0x00000000c1efff40, 0x00000000c1e00000| Untracked 
|  31|0x00000000c1f00000, 0x00000000c1fffff0, 0x00000000c2000000| 99%| O|  |TAMS 0x00000000c1fffff0, 0x00000000c1f00000| Untracked 
|  32|0x00000000c2000000, 0x00000000c20fffd0, 0x00000000c2100000| 99%| O|  |TAMS 0x00000000c20fffd0, 0x00000000c2000000| Untracked 
|  33|0x00000000c2100000, 0x00000000c21ffff0, 0x00000000c2200000| 99%| O|  |TAMS 0x00000000c21ffff0, 0x00000000c2100000| Untracked 
|  34|0x00000000c2200000, 0x00000000c22ffff0, 0x00000000c2300000| 99%| O|  |TAMS 0x00000000c22ffff0, 0x00000000c2200000| Untracked 
|  35|0x00000000c2300000, 0x00000000c23fffc0, 0x00000000c2400000| 99%| O|  |TAMS 0x00000000c23fffc0, 0x00000000c2300000| Untracked 
|  36|0x00000000c2400000, 0x00000000c24ffea8, 0x00000000c2500000| 99%| O|  |TAMS 0x00000000c24ffea8, 0x00000000c2400000| Untracked 
|  37|0x00000000c2500000, 0x00000000c2600000, 0x00000000c2600000|100%| O|  |TAMS 0x00000000c2600000, 0x00000000c2500000| Untracked 
|  38|0x00000000c2600000, 0x00000000c26ffff8, 0x00000000c2700000| 99%| O|  |TAMS 0x00000000c26ffff8, 0x00000000c2600000| Untracked 
|  39|0x00000000c2700000, 0x00000000c27fffc8, 0x00000000c2800000| 99%| O|  |TAMS 0x00000000c27fffc8, 0x00000000c2700000| Untracked 
|  40|0x00000000c2800000, 0x00000000c28ffff0, 0x00000000c2900000| 99%| O|  |TAMS 0x00000000c28ffff0, 0x00000000c2800000| Untracked 
|  41|0x00000000c2900000, 0x00000000c29ffff0, 0x00000000c2a00000| 99%| O|  |TAMS 0x00000000c29ffff0, 0x00000000c2900000| Untracked 
|  42|0x00000000c2a00000, 0x00000000c2afff38, 0x00000000c2b00000| 99%| O|  |TAMS 0x00000000c2afff38, 0x00000000c2a00000| Untracked 
|  43|0x00000000c2b00000, 0x00000000c2c00000, 0x00000000c2c00000|100%| O|  |TAMS 0x00000000c2c00000, 0x00000000c2b00000| Untracked 
|  44|0x00000000c2c00000, 0x00000000c2cf2c78, 0x00000000c2d00000| 94%| O|  |TAMS 0x00000000c2c00000, 0x00000000c2c00000| Untracked 
|  45|0x00000000c2d00000, 0x00000000c2dfffd0, 0x00000000c2e00000| 99%| O|  |TAMS 0x00000000c2dfffd0, 0x00000000c2d00000| Untracked 
|  46|0x00000000c2e00000, 0x00000000c2effcc0, 0x00000000c2f00000| 99%| O|  |TAMS 0x00000000c2effcc0, 0x00000000c2e00000| Untracked 
|  47|0x00000000c2f00000, 0x00000000c2ffffd8, 0x00000000c3000000| 99%| O|  |TAMS 0x00000000c2ffffd8, 0x00000000c2f00000| Untracked 
|  48|0x00000000c3000000, 0x00000000c30fffb0, 0x00000000c3100000| 99%| O|  |TAMS 0x00000000c30fffb0, 0x00000000c3000000| Untracked 
|  49|0x00000000c3100000, 0x00000000c3200000, 0x00000000c3200000|100%| O|  |TAMS 0x00000000c3200000, 0x00000000c3100000| Untracked 
|  50|0x00000000c3200000, 0x00000000c32d1c60, 0x00000000c3300000| 81%| O|  |TAMS 0x00000000c3200000, 0x00000000c3200000| Untracked 
|  51|0x00000000c3300000, 0x00000000c33fffd8, 0x00000000c3400000| 99%| O|  |TAMS 0x00000000c3300000, 0x00000000c3300000| Untracked 
|  52|0x00000000c3400000, 0x00000000c34fffe0, 0x00000000c3500000| 99%| O|  |TAMS 0x00000000c34fffe0, 0x00000000c3400000| Untracked 
|  53|0x00000000c3500000, 0x00000000c35ffff0, 0x00000000c3600000| 99%| O|  |TAMS 0x00000000c35ffff0, 0x00000000c3500000| Untracked 
|  54|0x00000000c3600000, 0x00000000c36000c0, 0x00000000c3700000|  0%| O|  |TAMS 0x00000000c3600000, 0x00000000c3600000| Untracked 
|  55|0x00000000c3700000, 0x00000000c37ffff8, 0x00000000c3800000| 99%| O|  |TAMS 0x00000000c37ffff8, 0x00000000c3700000| Untracked 
|  56|0x00000000c3800000, 0x00000000c3800000, 0x00000000c3900000|  0%| F|  |TAMS 0x00000000c3800000, 0x00000000c3800000| Untracked 
|  57|0x00000000c3900000, 0x00000000c3900000, 0x00000000c3a00000|  0%| F|  |TAMS 0x00000000c3900000, 0x00000000c3900000| Untracked 
|  58|0x00000000c3a00000, 0x00000000c3a00000, 0x00000000c3b00000|  0%| F|  |TAMS 0x00000000c3a00000, 0x00000000c3a00000| Untracked 
|  59|0x00000000c3b00000, 0x00000000c3b00000, 0x00000000c3c00000|  0%| F|  |TAMS 0x00000000c3b00000, 0x00000000c3b00000| Untracked 
|  60|0x00000000c3c00000, 0x00000000c3c00000, 0x00000000c3d00000|  0%| F|  |TAMS 0x00000000c3c00000, 0x00000000c3c00000| Untracked 
|  61|0x00000000c3d00000, 0x00000000c3d00000, 0x00000000c3e00000|  0%| F|  |TAMS 0x00000000c3d00000, 0x00000000c3d00000| Untracked 
|  62|0x00000000c3e00000, 0x00000000c3e00000, 0x00000000c3f00000|  0%| F|  |TAMS 0x00000000c3e00000, 0x00000000c3e00000| Untracked 
|  63|0x00000000c3f00000, 0x00000000c3f00000, 0x00000000c4000000|  0%| F|  |TAMS 0x00000000c3f00000, 0x00000000c3f00000| Untracked 
|  64|0x00000000c4000000, 0x00000000c4000000, 0x00000000c4100000|  0%| F|  |TAMS 0x00000000c4000000, 0x00000000c4000000| Untracked 
|  65|0x00000000c4100000, 0x00000000c4100000, 0x00000000c4200000|  0%| F|  |TAMS 0x00000000c4100000, 0x00000000c4100000| Untracked 
|  66|0x00000000c4200000, 0x00000000c4200000, 0x00000000c4300000|  0%| F|  |TAMS 0x00000000c4200000, 0x00000000c4200000| Untracked 
|  67|0x00000000c4300000, 0x00000000c4300000, 0x00000000c4400000|  0%| F|  |TAMS 0x00000000c4300000, 0x00000000c4300000| Untracked 
|  68|0x00000000c4400000, 0x00000000c4400000, 0x00000000c4500000|  0%| F|  |TAMS 0x00000000c4400000, 0x00000000c4400000| Untracked 
|  69|0x00000000c4500000, 0x00000000c4500000, 0x00000000c4600000|  0%| F|  |TAMS 0x00000000c4500000, 0x00000000c4500000| Untracked 
|  70|0x00000000c4600000, 0x00000000c4600000, 0x00000000c4700000|  0%| F|  |TAMS 0x00000000c4600000, 0x00000000c4600000| Untracked 
|  71|0x00000000c4700000, 0x00000000c4700000, 0x00000000c4800000|  0%| F|  |TAMS 0x00000000c4700000, 0x00000000c4700000| Untracked 
|  72|0x00000000c4800000, 0x00000000c4800000, 0x00000000c4900000|  0%| F|  |TAMS 0x00000000c4800000, 0x00000000c4800000| Untracked 
|  73|0x00000000c4900000, 0x00000000c4900000, 0x00000000c4a00000|  0%| F|  |TAMS 0x00000000c4900000, 0x00000000c4900000| Untracked 
|  74|0x00000000c4a00000, 0x00000000c4acdc88, 0x00000000c4b00000| 80%| O|  |TAMS 0x00000000c4a00000, 0x00000000c4a00000| Untracked 
|  75|0x00000000c4b00000, 0x00000000c4b00000, 0x00000000c4c00000|  0%| F|  |TAMS 0x00000000c4b00000, 0x00000000c4b00000| Untracked 
|  76|0x00000000c4c00000, 0x00000000c4c02270, 0x00000000c4d00000|  0%| O|  |TAMS 0x00000000c4c00000, 0x00000000c4c00000| Untracked 
|  77|0x00000000c4d00000, 0x00000000c4d00000, 0x00000000c4e00000|  0%| F|  |TAMS 0x00000000c4d00000, 0x00000000c4d00000| Untracked 
|  78|0x00000000c4e00000, 0x00000000c4e00000, 0x00000000c4f00000|  0%| F|  |TAMS 0x00000000c4e00000, 0x00000000c4e00000| Untracked 
|  79|0x00000000c4f00000, 0x00000000c4f00000, 0x00000000c5000000|  0%| F|  |TAMS 0x00000000c4f00000, 0x00000000c4f00000| Untracked 
|  80|0x00000000c5000000, 0x00000000c5000000, 0x00000000c5100000|  0%| F|  |TAMS 0x00000000c5000000, 0x00000000c5000000| Untracked 
|  81|0x00000000c5100000, 0x00000000c5100000, 0x00000000c5200000|  0%| F|  |TAMS 0x00000000c5100000, 0x00000000c5100000| Untracked 
|  82|0x00000000c5200000, 0x00000000c5200000, 0x00000000c5300000|  0%| F|  |TAMS 0x00000000c5200000, 0x00000000c5200000| Untracked 
|  83|0x00000000c5300000, 0x00000000c5300000, 0x00000000c5400000|  0%| F|  |TAMS 0x00000000c5300000, 0x00000000c5300000| Untracked 
|  84|0x00000000c5400000, 0x00000000c5400000, 0x00000000c5500000|  0%| F|  |TAMS 0x00000000c5400000, 0x00000000c5400000| Untracked 
|  85|0x00000000c5500000, 0x00000000c5500000, 0x00000000c5600000|  0%| F|  |TAMS 0x00000000c5500000, 0x00000000c5500000| Untracked 
|  86|0x00000000c5600000, 0x00000000c5600000, 0x00000000c5700000|  0%| F|  |TAMS 0x00000000c5600000, 0x00000000c5600000| Untracked 
|  87|0x00000000c5700000, 0x00000000c5700000, 0x00000000c5800000|  0%| F|  |TAMS 0x00000000c5700000, 0x00000000c5700000| Untracked 
|  88|0x00000000c5800000, 0x00000000c5800000, 0x00000000c5900000|  0%| F|  |TAMS 0x00000000c5800000, 0x00000000c5800000| Untracked 
|  89|0x00000000c5900000, 0x00000000c5900000, 0x00000000c5a00000|  0%| F|  |TAMS 0x00000000c5900000, 0x00000000c5900000| Untracked 
|  90|0x00000000c5a00000, 0x00000000c5a00000, 0x00000000c5b00000|  0%| F|  |TAMS 0x00000000c5a00000, 0x00000000c5a00000| Untracked 
|  91|0x00000000c5b00000, 0x00000000c5b00000, 0x00000000c5c00000|  0%| F|  |TAMS 0x00000000c5b00000, 0x00000000c5b00000| Untracked 
|  92|0x00000000c5c00000, 0x00000000c5c00000, 0x00000000c5d00000|  0%| F|  |TAMS 0x00000000c5c00000, 0x00000000c5c00000| Untracked 
|  93|0x00000000c5d00000, 0x00000000c5d00000, 0x00000000c5e00000|  0%| F|  |TAMS 0x00000000c5d00000, 0x00000000c5d00000| Untracked 
|  94|0x00000000c5e00000, 0x00000000c5e00000, 0x00000000c5f00000|  0%| F|  |TAMS 0x00000000c5e00000, 0x00000000c5e00000| Untracked 
|  95|0x00000000c5f00000, 0x00000000c5f00000, 0x00000000c6000000|  0%| F|  |TAMS 0x00000000c5f00000, 0x00000000c5f00000| Untracked 
|  96|0x00000000c6000000, 0x00000000c6000000, 0x00000000c6100000|  0%| F|  |TAMS 0x00000000c6000000, 0x00000000c6000000| Untracked 
|  97|0x00000000c6100000, 0x00000000c6100000, 0x00000000c6200000|  0%| F|  |TAMS 0x00000000c6100000, 0x00000000c6100000| Untracked 
|  98|0x00000000c6200000, 0x00000000c6200000, 0x00000000c6300000|  0%| F|  |TAMS 0x00000000c6200000, 0x00000000c6200000| Untracked 
|  99|0x00000000c6300000, 0x00000000c6300000, 0x00000000c6400000|  0%| F|  |TAMS 0x00000000c6300000, 0x00000000c6300000| Untracked 
| 100|0x00000000c6400000, 0x00000000c6400000, 0x00000000c6500000|  0%| F|  |TAMS 0x00000000c6400000, 0x00000000c6400000| Untracked 
| 101|0x00000000c6500000, 0x00000000c6500000, 0x00000000c6600000|  0%| F|  |TAMS 0x00000000c6500000, 0x00000000c6500000| Untracked 
| 102|0x00000000c6600000, 0x00000000c6600000, 0x00000000c6700000|  0%| F|  |TAMS 0x00000000c6600000, 0x00000000c6600000| Untracked 
| 103|0x00000000c6700000, 0x00000000c6700000, 0x00000000c6800000|  0%| F|  |TAMS 0x00000000c6700000, 0x00000000c6700000| Untracked 
| 104|0x00000000c6800000, 0x00000000c6800000, 0x00000000c6900000|  0%| F|  |TAMS 0x00000000c6800000, 0x00000000c6800000| Untracked 
| 105|0x00000000c6900000, 0x00000000c6900000, 0x00000000c6a00000|  0%| F|  |TAMS 0x00000000c6900000, 0x00000000c6900000| Untracked 
| 106|0x00000000c6a00000, 0x00000000c6a00000, 0x00000000c6b00000|  0%| F|  |TAMS 0x00000000c6a00000, 0x00000000c6a00000| Untracked 
| 107|0x00000000c6b00000, 0x00000000c6b00000, 0x00000000c6c00000|  0%| F|  |TAMS 0x00000000c6b00000, 0x00000000c6b00000| Untracked 
| 108|0x00000000c6c00000, 0x00000000c6c00000, 0x00000000c6d00000|  0%| F|  |TAMS 0x00000000c6c00000, 0x00000000c6c00000| Untracked 
| 109|0x00000000c6d00000, 0x00000000c6d00000, 0x00000000c6e00000|  0%| F|  |TAMS 0x00000000c6d00000, 0x00000000c6d00000| Untracked 
| 110|0x00000000c6e00000, 0x00000000c6e00000, 0x00000000c6f00000|  0%| F|  |TAMS 0x00000000c6e00000, 0x00000000c6e00000| Untracked 
| 111|0x00000000c6f00000, 0x00000000c6f00000, 0x00000000c7000000|  0%| F|  |TAMS 0x00000000c6f00000, 0x00000000c6f00000| Untracked 
| 112|0x00000000c7000000, 0x00000000c7000000, 0x00000000c7100000|  0%| F|  |TAMS 0x00000000c7000000, 0x00000000c7000000| Untracked 
| 113|0x00000000c7100000, 0x00000000c7100000, 0x00000000c7200000|  0%| F|  |TAMS 0x00000000c7100000, 0x00000000c7100000| Untracked 
| 114|0x00000000c7200000, 0x00000000c7200000, 0x00000000c7300000|  0%| F|  |TAMS 0x00000000c7200000, 0x00000000c7200000| Untracked 
| 115|0x00000000c7300000, 0x00000000c7300000, 0x00000000c7400000|  0%| F|  |TAMS 0x00000000c7300000, 0x00000000c7300000| Untracked 
| 116|0x00000000c7400000, 0x00000000c7400000, 0x00000000c7500000|  0%| F|  |TAMS 0x00000000c7400000, 0x00000000c7400000| Untracked 
| 117|0x00000000c7500000, 0x00000000c7500000, 0x00000000c7600000|  0%| F|  |TAMS 0x00000000c7500000, 0x00000000c7500000| Untracked 
| 118|0x00000000c7600000, 0x00000000c7600000, 0x00000000c7700000|  0%| F|  |TAMS 0x00000000c7600000, 0x00000000c7600000| Untracked 
| 119|0x00000000c7700000, 0x00000000c7700000, 0x00000000c7800000|  0%| F|  |TAMS 0x00000000c7700000, 0x00000000c7700000| Untracked 
| 120|0x00000000c7800000, 0x00000000c7800000, 0x00000000c7900000|  0%| F|  |TAMS 0x00000000c7800000, 0x00000000c7800000| Untracked 
| 121|0x00000000c7900000, 0x00000000c7900000, 0x00000000c7a00000|  0%| F|  |TAMS 0x00000000c7900000, 0x00000000c7900000| Untracked 
| 122|0x00000000c7a00000, 0x00000000c7a00000, 0x00000000c7b00000|  0%| F|  |TAMS 0x00000000c7a00000, 0x00000000c7a00000| Untracked 
| 123|0x00000000c7b00000, 0x00000000c7b00000, 0x00000000c7c00000|  0%| F|  |TAMS 0x00000000c7b00000, 0x00000000c7b00000| Untracked 
| 124|0x00000000c7c00000, 0x00000000c7c00000, 0x00000000c7d00000|  0%| F|  |TAMS 0x00000000c7c00000, 0x00000000c7c00000| Untracked 
| 125|0x00000000c7d00000, 0x00000000c7d00000, 0x00000000c7e00000|  0%| F|  |TAMS 0x00000000c7d00000, 0x00000000c7d00000| Untracked 
| 126|0x00000000c7e00000, 0x00000000c7e00000, 0x00000000c7f00000|  0%| F|  |TAMS 0x00000000c7e00000, 0x00000000c7e00000| Untracked 
| 127|0x00000000c7f00000, 0x00000000c7f00000, 0x00000000c8000000|  0%| F|  |TAMS 0x00000000c7f00000, 0x00000000c7f00000| Untracked 
| 128|0x00000000c8000000, 0x00000000c8000000, 0x00000000c8100000|  0%| F|  |TAMS 0x00000000c8000000, 0x00000000c8000000| Untracked 
| 129|0x00000000c8100000, 0x00000000c8100000, 0x00000000c8200000|  0%| F|  |TAMS 0x00000000c8100000, 0x00000000c8100000| Untracked 
| 130|0x00000000c8200000, 0x00000000c8200000, 0x00000000c8300000|  0%| F|  |TAMS 0x00000000c8200000, 0x00000000c8200000| Untracked 
| 131|0x00000000c8300000, 0x00000000c8300000, 0x00000000c8400000|  0%| F|  |TAMS 0x00000000c8300000, 0x00000000c8300000| Untracked 
| 132|0x00000000c8400000, 0x00000000c8400000, 0x00000000c8500000|  0%| F|  |TAMS 0x00000000c8400000, 0x00000000c8400000| Untracked 
| 133|0x00000000c8500000, 0x00000000c8500000, 0x00000000c8600000|  0%| F|  |TAMS 0x00000000c8500000, 0x00000000c8500000| Untracked 
| 134|0x00000000c8600000, 0x00000000c8600000, 0x00000000c8700000|  0%| F|  |TAMS 0x00000000c8600000, 0x00000000c8600000| Untracked 
| 135|0x00000000c8700000, 0x00000000c8700000, 0x00000000c8800000|  0%| F|  |TAMS 0x00000000c8700000, 0x00000000c8700000| Untracked 
| 136|0x00000000c8800000, 0x00000000c8800000, 0x00000000c8900000|  0%| F|  |TAMS 0x00000000c8800000, 0x00000000c8800000| Untracked 
| 137|0x00000000c8900000, 0x00000000c8900000, 0x00000000c8a00000|  0%| F|  |TAMS 0x00000000c8900000, 0x00000000c8900000| Untracked 
| 138|0x00000000c8a00000, 0x00000000c8a00000, 0x00000000c8b00000|  0%| F|  |TAMS 0x00000000c8a00000, 0x00000000c8a00000| Untracked 
| 139|0x00000000c8b00000, 0x00000000c8b00000, 0x00000000c8c00000|  0%| F|  |TAMS 0x00000000c8b00000, 0x00000000c8b00000| Untracked 
| 140|0x00000000c8c00000, 0x00000000c8c00000, 0x00000000c8d00000|  0%| F|  |TAMS 0x00000000c8c00000, 0x00000000c8c00000| Untracked 
| 141|0x00000000c8d00000, 0x00000000c8d00000, 0x00000000c8e00000|  0%| F|  |TAMS 0x00000000c8d00000, 0x00000000c8d00000| Untracked 
| 142|0x00000000c8e00000, 0x00000000c8e00000, 0x00000000c8f00000|  0%| F|  |TAMS 0x00000000c8e00000, 0x00000000c8e00000| Untracked 
| 143|0x00000000c8f00000, 0x00000000c8f00000, 0x00000000c9000000|  0%| F|  |TAMS 0x00000000c8f00000, 0x00000000c8f00000| Untracked 
| 144|0x00000000c9000000, 0x00000000c9000000, 0x00000000c9100000|  0%| F|  |TAMS 0x00000000c9000000, 0x00000000c9000000| Untracked 
| 145|0x00000000c9100000, 0x00000000c9100000, 0x00000000c9200000|  0%| F|  |TAMS 0x00000000c9100000, 0x00000000c9100000| Untracked 
| 146|0x00000000c9200000, 0x00000000c9200000, 0x00000000c9300000|  0%| F|  |TAMS 0x00000000c9200000, 0x00000000c9200000| Untracked 
| 147|0x00000000c9300000, 0x00000000c9300000, 0x00000000c9400000|  0%| F|  |TAMS 0x00000000c9300000, 0x00000000c9300000| Untracked 
| 148|0x00000000c9400000, 0x00000000c9400000, 0x00000000c9500000|  0%| F|  |TAMS 0x00000000c9400000, 0x00000000c9400000| Untracked 
| 149|0x00000000c9500000, 0x00000000c9500000, 0x00000000c9600000|  0%| F|  |TAMS 0x00000000c9500000, 0x00000000c9500000| Untracked 
| 150|0x00000000c9600000, 0x00000000c9600000, 0x00000000c9700000|  0%| F|  |TAMS 0x00000000c9600000, 0x00000000c9600000| Untracked 
| 151|0x00000000c9700000, 0x00000000c9700000, 0x00000000c9800000|  0%| F|  |TAMS 0x00000000c9700000, 0x00000000c9700000| Untracked 
| 152|0x00000000c9800000, 0x00000000c9800000, 0x00000000c9900000|  0%| F|  |TAMS 0x00000000c9800000, 0x00000000c9800000| Untracked 
| 153|0x00000000c9900000, 0x00000000c9900000, 0x00000000c9a00000|  0%| F|  |TAMS 0x00000000c9900000, 0x00000000c9900000| Untracked 
| 154|0x00000000c9a00000, 0x00000000c9a00000, 0x00000000c9b00000|  0%| F|  |TAMS 0x00000000c9a00000, 0x00000000c9a00000| Untracked 
| 155|0x00000000c9b00000, 0x00000000c9b00000, 0x00000000c9c00000|  0%| F|  |TAMS 0x00000000c9b00000, 0x00000000c9b00000| Untracked 
| 156|0x00000000c9c00000, 0x00000000c9c00000, 0x00000000c9d00000|  0%| F|  |TAMS 0x00000000c9c00000, 0x00000000c9c00000| Untracked 
| 157|0x00000000c9d00000, 0x00000000c9d00000, 0x00000000c9e00000|  0%| F|  |TAMS 0x00000000c9d00000, 0x00000000c9d00000| Untracked 
| 158|0x00000000c9e00000, 0x00000000c9e00000, 0x00000000c9f00000|  0%| F|  |TAMS 0x00000000c9e00000, 0x00000000c9e00000| Untracked 
| 159|0x00000000c9f00000, 0x00000000c9f00000, 0x00000000ca000000|  0%| F|  |TAMS 0x00000000c9f00000, 0x00000000c9f00000| Untracked 
| 160|0x00000000ca000000, 0x00000000ca000000, 0x00000000ca100000|  0%| F|  |TAMS 0x00000000ca000000, 0x00000000ca000000| Untracked 
| 161|0x00000000ca100000, 0x00000000ca100000, 0x00000000ca200000|  0%| F|  |TAMS 0x00000000ca100000, 0x00000000ca100000| Untracked 
| 162|0x00000000ca200000, 0x00000000ca200000, 0x00000000ca300000|  0%| F|  |TAMS 0x00000000ca200000, 0x00000000ca200000| Untracked 
| 163|0x00000000ca300000, 0x00000000ca300000, 0x00000000ca400000|  0%| F|  |TAMS 0x00000000ca300000, 0x00000000ca300000| Untracked 
| 164|0x00000000ca400000, 0x00000000ca400000, 0x00000000ca500000|  0%| F|  |TAMS 0x00000000ca400000, 0x00000000ca400000| Untracked 
| 165|0x00000000ca500000, 0x00000000ca500000, 0x00000000ca600000|  0%| F|  |TAMS 0x00000000ca500000, 0x00000000ca500000| Untracked 
| 166|0x00000000ca600000, 0x00000000ca600000, 0x00000000ca700000|  0%| F|  |TAMS 0x00000000ca600000, 0x00000000ca600000| Untracked 
| 167|0x00000000ca700000, 0x00000000ca700000, 0x00000000ca800000|  0%| F|  |TAMS 0x00000000ca700000, 0x00000000ca700000| Untracked 
| 168|0x00000000ca800000, 0x00000000ca800000, 0x00000000ca900000|  0%| F|  |TAMS 0x00000000ca800000, 0x00000000ca800000| Untracked 
| 169|0x00000000ca900000, 0x00000000ca900000, 0x00000000caa00000|  0%| F|  |TAMS 0x00000000ca900000, 0x00000000ca900000| Untracked 
| 170|0x00000000caa00000, 0x00000000caa00000, 0x00000000cab00000|  0%| F|  |TAMS 0x00000000caa00000, 0x00000000caa00000| Untracked 
| 171|0x00000000cab00000, 0x00000000cab00000, 0x00000000cac00000|  0%| F|  |TAMS 0x00000000cab00000, 0x00000000cab00000| Untracked 
| 172|0x00000000cac00000, 0x00000000cac00000, 0x00000000cad00000|  0%| F|  |TAMS 0x00000000cac00000, 0x00000000cac00000| Untracked 
| 173|0x00000000cad00000, 0x00000000cad00000, 0x00000000cae00000|  0%| F|  |TAMS 0x00000000cad00000, 0x00000000cad00000| Untracked 
| 174|0x00000000cae00000, 0x00000000cae00000, 0x00000000caf00000|  0%| F|  |TAMS 0x00000000cae00000, 0x00000000cae00000| Untracked 
| 175|0x00000000caf00000, 0x00000000caf00000, 0x00000000cb000000|  0%| F|  |TAMS 0x00000000caf00000, 0x00000000caf00000| Untracked 
| 176|0x00000000cb000000, 0x00000000cb000000, 0x00000000cb100000|  0%| F|  |TAMS 0x00000000cb000000, 0x00000000cb000000| Untracked 
| 177|0x00000000cb100000, 0x00000000cb100000, 0x00000000cb200000|  0%| F|  |TAMS 0x00000000cb100000, 0x00000000cb100000| Untracked 
| 178|0x00000000cb200000, 0x00000000cb200000, 0x00000000cb300000|  0%| F|  |TAMS 0x00000000cb200000, 0x00000000cb200000| Untracked 
| 179|0x00000000cb300000, 0x00000000cb300000, 0x00000000cb400000|  0%| F|  |TAMS 0x00000000cb300000, 0x00000000cb300000| Untracked 
| 180|0x00000000cb400000, 0x00000000cb400000, 0x00000000cb500000|  0%| F|  |TAMS 0x00000000cb400000, 0x00000000cb400000| Untracked 
| 181|0x00000000cb500000, 0x00000000cb500000, 0x00000000cb600000|  0%| F|  |TAMS 0x00000000cb500000, 0x00000000cb500000| Untracked 
| 182|0x00000000cb600000, 0x00000000cb600000, 0x00000000cb700000|  0%| F|  |TAMS 0x00000000cb600000, 0x00000000cb600000| Untracked 
| 183|0x00000000cb700000, 0x00000000cb700000, 0x00000000cb800000|  0%| F|  |TAMS 0x00000000cb700000, 0x00000000cb700000| Untracked 
| 184|0x00000000cb800000, 0x00000000cb800000, 0x00000000cb900000|  0%| F|  |TAMS 0x00000000cb800000, 0x00000000cb800000| Untracked 
| 185|0x00000000cb900000, 0x00000000cb900000, 0x00000000cba00000|  0%| F|  |TAMS 0x00000000cb900000, 0x00000000cb900000| Untracked 
| 186|0x00000000cba00000, 0x00000000cba00000, 0x00000000cbb00000|  0%| F|  |TAMS 0x00000000cba00000, 0x00000000cba00000| Untracked 
| 187|0x00000000cbb00000, 0x00000000cbb00000, 0x00000000cbc00000|  0%| F|  |TAMS 0x00000000cbb00000, 0x00000000cbb00000| Untracked 
| 188|0x00000000cbc00000, 0x00000000cbc00000, 0x00000000cbd00000|  0%| F|  |TAMS 0x00000000cbc00000, 0x00000000cbc00000| Untracked 
| 189|0x00000000cbd00000, 0x00000000cbd00000, 0x00000000cbe00000|  0%| F|  |TAMS 0x00000000cbd00000, 0x00000000cbd00000| Untracked 
| 190|0x00000000cbe00000, 0x00000000cbe00000, 0x00000000cbf00000|  0%| F|  |TAMS 0x00000000cbe00000, 0x00000000cbe00000| Untracked 
| 191|0x00000000cbf00000, 0x00000000cbf00000, 0x00000000cc000000|  0%| F|  |TAMS 0x00000000cbf00000, 0x00000000cbf00000| Untracked 
| 192|0x00000000cc000000, 0x00000000cc000000, 0x00000000cc100000|  0%| F|  |TAMS 0x00000000cc000000, 0x00000000cc000000| Untracked 
| 193|0x00000000cc100000, 0x00000000cc100000, 0x00000000cc200000|  0%| F|  |TAMS 0x00000000cc100000, 0x00000000cc100000| Untracked 
| 194|0x00000000cc200000, 0x00000000cc200000, 0x00000000cc300000|  0%| F|  |TAMS 0x00000000cc200000, 0x00000000cc200000| Untracked 
| 195|0x00000000cc300000, 0x00000000cc300000, 0x00000000cc400000|  0%| F|  |TAMS 0x00000000cc300000, 0x00000000cc300000| Untracked 
| 196|0x00000000cc400000, 0x00000000cc400000, 0x00000000cc500000|  0%| F|  |TAMS 0x00000000cc400000, 0x00000000cc400000| Untracked 
| 197|0x00000000cc500000, 0x00000000cc500000, 0x00000000cc600000|  0%| F|  |TAMS 0x00000000cc500000, 0x00000000cc500000| Untracked 
| 198|0x00000000cc600000, 0x00000000cc600000, 0x00000000cc700000|  0%| F|  |TAMS 0x00000000cc600000, 0x00000000cc600000| Untracked 
| 199|0x00000000cc700000, 0x00000000cc700000, 0x00000000cc800000|  0%| F|  |TAMS 0x00000000cc700000, 0x00000000cc700000| Untracked 
| 200|0x00000000cc800000, 0x00000000cc800000, 0x00000000cc900000|  0%| F|  |TAMS 0x00000000cc800000, 0x00000000cc800000| Untracked 
| 201|0x00000000cc900000, 0x00000000cc900000, 0x00000000cca00000|  0%| F|  |TAMS 0x00000000cc900000, 0x00000000cc900000| Untracked 
| 202|0x00000000cca00000, 0x00000000cca00000, 0x00000000ccb00000|  0%| F|  |TAMS 0x00000000cca00000, 0x00000000cca00000| Untracked 
| 203|0x00000000ccb00000, 0x00000000ccb00000, 0x00000000ccc00000|  0%| F|  |TAMS 0x00000000ccb00000, 0x00000000ccb00000| Untracked 
| 204|0x00000000ccc00000, 0x00000000ccc00000, 0x00000000ccd00000|  0%| F|  |TAMS 0x00000000ccc00000, 0x00000000ccc00000| Untracked 
| 205|0x00000000ccd00000, 0x00000000ccd00000, 0x00000000cce00000|  0%| F|  |TAMS 0x00000000ccd00000, 0x00000000ccd00000| Untracked 
| 206|0x00000000cce00000, 0x00000000cce4dec0, 0x00000000ccf00000| 30%| E|  |TAMS 0x00000000cce00000, 0x00000000cce00000| Complete 
| 258|0x00000000d0200000, 0x00000000d0300000, 0x00000000d0300000|100%|HS|  |TAMS 0x00000000d0300000, 0x00000000d0200000| Untracked 
| 259|0x00000000d0300000, 0x00000000d0400000, 0x00000000d0400000|100%|HC|  |TAMS 0x00000000d0400000, 0x00000000d0300000| Untracked 
| 261|0x00000000d0500000, 0x00000000d0600000, 0x00000000d0600000|100%| O|  |TAMS 0x00000000d0600000, 0x00000000d0500000| Untracked 
| 262|0x00000000d0600000, 0x00000000d0700000, 0x00000000d0700000|100%| O|  |TAMS 0x00000000d0700000, 0x00000000d0600000| Untracked 
| 264|0x00000000d0800000, 0x00000000d0900000, 0x00000000d0900000|100%| O|  |TAMS 0x00000000d0900000, 0x00000000d0800000| Untracked 
| 285|0x00000000d1d00000, 0x00000000d1e00000, 0x00000000d1e00000|100%| O|  |TAMS 0x00000000d1e00000, 0x00000000d1d00000| Untracked 
| 296|0x00000000d2800000, 0x00000000d2900000, 0x00000000d2900000|100%| O|  |TAMS 0x00000000d2900000, 0x00000000d2800000| Untracked 

Card table byte_map: [0x000001c634a20000,0x000001c634c20000] _byte_map_base: 0x000001c634420000

Marking Bits (Prev, Next): (CMBitMap*) 0x000001c62ead20c0, (CMBitMap*) 0x000001c62ead2100
 Prev Bits: [0x000001c634e20000, 0x000001c635e20000)
 Next Bits: [0x000001c635e20000, 0x000001c636e20000)

Polling page: 0x000001c62ca50000

Metaspace:

Usage:
  Non-class:     59.57 MB used.
      Class:      9.43 MB used.
       Both:     68.99 MB used.

Virtual space:
  Non-class space:       64.00 MB reserved,      60.00 MB ( 94%) committed,  8 nodes.
      Class space:        1.00 GB reserved,       9.69 MB ( <1%) committed,  1 nodes.
             Both:        1.06 GB reserved,      69.69 MB (  6%) committed. 

Chunk freelists:
   Non-Class:  3.62 MB
       Class:  2.29 MB
        Both:  5.91 MB

MaxMetaspaceSize: unlimited
CompressedClassSpaceSize: 1.00 GB
Initial GC threshold: 21.00 MB
Current GC threshold: 116.19 MB
CDS: off
MetaspaceReclaimPolicy: balanced
 - commit_granule_bytes: 65536.
 - commit_granule_words: 8192.
 - virtual_space_node_default_size: 1048576.
 - enlarge_chunks_in_place: 1.
 - new_chunks_are_fully_committed: 0.
 - uncommit_free_chunks: 1.
 - use_allocation_guard: 0.
 - handle_deallocations: 1.


Internal statistics:

num_allocs_failed_limit: 9.
num_arena_births: 700.
num_arena_deaths: 204.
num_vsnodes_births: 9.
num_vsnodes_deaths: 0.
num_space_committed: 1115.
num_space_uncommitted: 0.
num_chunks_returned_to_freelist: 260.
num_chunks_taken_from_freelist: 2989.
num_chunk_merges: 94.
num_chunk_splits: 2142.
num_chunks_enlarged: 1625.
num_purges: 6.
num_inconsistent_stats: 0.

CodeCache: size=49152Kb used=18937Kb max_used=19492Kb free=30215Kb
 bounds [0x000001c631710000, 0x000001c632a20000, 0x000001c634710000]
 total_blobs=11091 nmethods=10400 adapters=617
 compilation: enabled
              stopped_count=0, restarted_count=0
 full_count=0

Compilation events (20 events):
Event: 221.417 Thread 0x000001c64b5fc990 nmethod 10570 0x000001c632a17a90 code [0x000001c632a17d20, 0x000001c632a183b8]
Event: 221.417 Thread 0x000001c63a44b0c0 nmethod 10572 0x000001c632a18810 code [0x000001c632a189a0, 0x000001c632a18b28]
Event: 221.417 Thread 0x000001c64b5fc990 10569       1       org.eclipse.jdt.core.dom.DefaultASTVisitor::endVisit (6 bytes)
Event: 221.417 Thread 0x000001c64b5fc990 nmethod 10569 0x000001c632a18c10 code [0x000001c632a18da0, 0x000001c632a18e88]
Event: 221.417 Thread 0x000001c63a44b0c0 10568       1       org.eclipse.jdt.core.dom.BodyDeclaration::modifiers (16 bytes)
Event: 221.417 Thread 0x000001c63a44b0c0 nmethod 10568 0x000001c632a18f10 code [0x000001c632a190a0, 0x000001c632a19228]
Event: 247.617 Thread 0x000001c63a44b0c0 10573       1       java.util.concurrent.ThreadPoolExecutor$Worker::tryAcquire (20 bytes)
Event: 247.617 Thread 0x000001c63a44b0c0 nmethod 10573 0x000001c632a15410 code [0x000001c632a155a0, 0x000001c632a15718]
Event: 247.617 Thread 0x000001c63a44b0c0 10574       1       java.util.concurrent.ScheduledThreadPoolExecutor::canRunInCurrentRunState (61 bytes)
Event: 247.617 Thread 0x000001c63a44b0c0 nmethod 10574 0x000001c632a14e10 code [0x000001c632a14fe0, 0x000001c632a152b8]
Event: 249.128 Thread 0x000001c63a44b0c0 10575       1       java.util.concurrent.locks.AbstractQueuedSynchronizer$ConditionNode::<init> (5 bytes)
Event: 249.128 Thread 0x000001c63a44b0c0 nmethod 10575 0x000001c632a14b10 code [0x000001c632a14ca0, 0x000001c632a14d58]
Event: 249.128 Thread 0x000001c63a44b0c0 10576       1       java.util.concurrent.locks.AbstractQueuedSynchronizer$ConditionObject::enableWait (84 bytes)
Event: 249.128 Thread 0x000001c63a44b0c0 nmethod 10576 0x000001c632a14310 code [0x000001c632a14500, 0x000001c632a148f8]
Event: 249.128 Thread 0x000001c63a44b0c0 10577       1       java.util.concurrent.locks.AbstractQueuedSynchronizer$Node::setStatusRelaxed (12 bytes)
Event: 249.128 Thread 0x000001c63a44b0c0 nmethod 10577 0x000001c632a14010 code [0x000001c632a141a0, 0x000001c632a14278]
Event: 279.404 Thread 0x000001c63a44b0c0 10578       1       java.util.concurrent.locks.AbstractQueuedSynchronizer$Node::getAndUnsetStatus (14 bytes)
Event: 279.404 Thread 0x000001c63a44b0c0 nmethod 10578 0x000001c632a13c90 code [0x000001c632a13e20, 0x000001c632a13f38]
Event: 279.404 Thread 0x000001c63a44b0c0 10579       1       jdk.internal.misc.Unsafe::getAndBitwiseAndInt (27 bytes)
Event: 279.404 Thread 0x000001c63a44b0c0 nmethod 10579 0x000001c632a13910 code [0x000001c632a13aa0, 0x000001c632a13bb8]

GC Heap History (20 events):
Event: 19.328 GC heap before
{Heap before GC invocations=43 (full 0):
 garbage-first heap   total 599040K, used 285695K [0x00000000c0000000, 0x0000000100000000)
  region size 1024K, 29 young (29696K), 4 survivors (4096K)
 Metaspace       used 69415K, committed 69952K, reserved 1114112K
  class space    used 9487K, committed 9728K, reserved 1048576K
}
Event: 19.347 GC heap after
{Heap after GC invocations=44 (full 0):
 garbage-first heap   total 599040K, used 224255K [0x00000000c0000000, 0x0000000100000000)
  region size 1024K, 4 young (4096K), 4 survivors (4096K)
 Metaspace       used 69415K, committed 69952K, reserved 1114112K
  class space    used 9487K, committed 9728K, reserved 1048576K
}
Event: 77.824 GC heap before
{Heap before GC invocations=44 (full 0):
 garbage-first heap   total 599040K, used 336895K [0x00000000c0000000, 0x0000000100000000)
  region size 1024K, 112 young (114688K), 4 survivors (4096K)
 Metaspace       used 70442K, committed 71040K, reserved 1114112K
  class space    used 9625K, committed 9920K, reserved 1048576K
}
Event: 77.903 GC heap after
{Heap after GC invocations=45 (full 1):
 garbage-first heap   total 266240K, used 74954K [0x00000000c0000000, 0x0000000100000000)
  region size 1024K, 0 young (0K), 0 survivors (0K)
 Metaspace       used 70438K, committed 71040K, reserved 1114112K
  class space    used 9624K, committed 9920K, reserved 1048576K
}
Event: 88.087 GC heap before
{Heap before GC invocations=45 (full 1):
 garbage-first heap   total 266240K, used 75978K [0x00000000c0000000, 0x0000000100000000)
  region size 1024K, 2 young (2048K), 0 survivors (0K)
 Metaspace       used 70442K, committed 71040K, reserved 1114112K
  class space    used 9625K, committed 9920K, reserved 1048576K
}
Event: 88.166 GC heap after
{Heap after GC invocations=46 (full 2):
 garbage-first heap   total 242688K, used 68547K [0x00000000c0000000, 0x0000000100000000)
  region size 1024K, 0 young (0K), 0 survivors (0K)
 Metaspace       used 70442K, committed 71040K, reserved 1114112K
  class space    used 9625K, committed 9920K, reserved 1048576K
}
Event: 98.320 GC heap before
{Heap before GC invocations=46 (full 2):
 garbage-first heap   total 242688K, used 68547K [0x00000000c0000000, 0x0000000100000000)
  region size 1024K, 1 young (1024K), 0 survivors (0K)
 Metaspace       used 70442K, committed 71040K, reserved 1114112K
  class space    used 9625K, committed 9920K, reserved 1048576K
}
Event: 98.385 GC heap after
{Heap after GC invocations=47 (full 3):
 garbage-first heap   total 242688K, used 68547K [0x00000000c0000000, 0x0000000100000000)
  region size 1024K, 0 young (0K), 0 survivors (0K)
 Metaspace       used 70442K, committed 71040K, reserved 1114112K
  class space    used 9625K, committed 9920K, reserved 1048576K
}
Event: 108.505 GC heap before
{Heap before GC invocations=47 (full 3):
 garbage-first heap   total 242688K, used 68547K [0x00000000c0000000, 0x0000000100000000)
  region size 1024K, 1 young (1024K), 0 survivors (0K)
 Metaspace       used 70442K, committed 71040K, reserved 1114112K
  class space    used 9625K, committed 9920K, reserved 1048576K
}
Event: 108.558 GC heap after
{Heap after GC invocations=48 (full 4):
 garbage-first heap   total 235520K, used 68547K [0x00000000c0000000, 0x0000000100000000)
  region size 1024K, 0 young (0K), 0 survivors (0K)
 Metaspace       used 70442K, committed 71040K, reserved 1114112K
  class space    used 9625K, committed 9920K, reserved 1048576K
}
Event: 118.746 GC heap before
{Heap before GC invocations=48 (full 4):
 garbage-first heap   total 235520K, used 68547K [0x00000000c0000000, 0x0000000100000000)
  region size 1024K, 1 young (1024K), 0 survivors (0K)
 Metaspace       used 70442K, committed 71040K, reserved 1114112K
  class space    used 9625K, committed 9920K, reserved 1048576K
}
Event: 118.802 GC heap after
{Heap after GC invocations=49 (full 5):
 garbage-first heap   total 235520K, used 68547K [0x00000000c0000000, 0x0000000100000000)
  region size 1024K, 0 young (0K), 0 survivors (0K)
 Metaspace       used 70442K, committed 71040K, reserved 1114112K
  class space    used 9625K, committed 9920K, reserved 1048576K
}
Event: 159.427 GC heap before
{Heap before GC invocations=49 (full 5):
 garbage-first heap   total 235520K, used 167875K [0x00000000c0000000, 0x0000000100000000)
  region size 1024K, 98 young (100352K), 0 survivors (0K)
 Metaspace       used 70872K, committed 71360K, reserved 1114112K
  class space    used 9701K, committed 9920K, reserved 1048576K
}
Event: 159.429 GC heap after
{Heap after GC invocations=50 (full 5):
 garbage-first heap   total 235520K, used 70705K [0x00000000c0000000, 0x0000000100000000)
  region size 1024K, 3 young (3072K), 3 survivors (3072K)
 Metaspace       used 70872K, committed 71360K, reserved 1114112K
  class space    used 9701K, committed 9920K, reserved 1048576K
}
Event: 219.040 GC heap before
{Heap before GC invocations=50 (full 5):
 garbage-first heap   total 235520K, used 80945K [0x00000000c0000000, 0x0000000100000000)
  region size 1024K, 14 young (14336K), 3 survivors (3072K)
 Metaspace       used 70880K, committed 71360K, reserved 1114112K
  class space    used 9703K, committed 9920K, reserved 1048576K
}
Event: 219.086 GC heap after
{Heap after GC invocations=51 (full 6):
 garbage-first heap   total 235520K, used 69199K [0x00000000c0000000, 0x0000000100000000)
  region size 1024K, 0 young (0K), 0 survivors (0K)
 Metaspace       used 70880K, committed 71360K, reserved 1114112K
  class space    used 9703K, committed 9920K, reserved 1048576K
}
Event: 259.211 GC heap before
{Heap before GC invocations=51 (full 6):
 garbage-first heap   total 235520K, used 72271K [0x00000000c0000000, 0x0000000100000000)
  region size 1024K, 4 young (4096K), 0 survivors (0K)
 Metaspace       used 70880K, committed 71360K, reserved 1114112K
  class space    used 9703K, committed 9920K, reserved 1048576K
}
Event: 259.261 GC heap after
{Heap after GC invocations=52 (full 7):
 garbage-first heap   total 219136K, used 64022K [0x00000000c0000000, 0x0000000100000000)
  region size 1024K, 0 young (0K), 0 survivors (0K)
 Metaspace       used 70648K, committed 71360K, reserved 1114112K
  class space    used 9652K, committed 9920K, reserved 1048576K
}
Event: 269.355 GC heap before
{Heap before GC invocations=52 (full 7):
 garbage-first heap   total 219136K, used 64022K [0x00000000c0000000, 0x0000000100000000)
  region size 1024K, 1 young (1024K), 0 survivors (0K)
 Metaspace       used 70648K, committed 71360K, reserved 1114112K
  class space    used 9652K, committed 9920K, reserved 1048576K
}
Event: 269.396 GC heap after
{Heap after GC invocations=53 (full 8):
 garbage-first heap   total 219136K, used 64031K [0x00000000c0000000, 0x0000000100000000)
  region size 1024K, 0 young (0K), 0 survivors (0K)
 Metaspace       used 70648K, committed 71360K, reserved 1114112K
  class space    used 9652K, committed 9920K, reserved 1048576K
}

Dll operation events (10 events):
Event: 0.011 Loaded shared library c:\Users\ruanr\.vscode\extensions\redhat.java-1.16.0-win32-x64\jre\17.0.6-win32-x86_64\bin\java.dll
Event: 0.163 Loaded shared library C:\Users\ruanr\.vscode\extensions\redhat.java-1.16.0-win32-x64\jre\17.0.6-win32-x86_64\bin\net.dll
Event: 0.164 Loaded shared library C:\Users\ruanr\.vscode\extensions\redhat.java-1.16.0-win32-x64\jre\17.0.6-win32-x86_64\bin\nio.dll
Event: 0.170 Loaded shared library C:\Users\ruanr\.vscode\extensions\redhat.java-1.16.0-win32-x64\jre\17.0.6-win32-x86_64\bin\zip.dll
Event: 0.304 Loaded shared library C:\Users\ruanr\.vscode\extensions\redhat.java-1.16.0-win32-x64\jre\17.0.6-win32-x86_64\bin\jimage.dll
Event: 7.635 Loaded shared library C:\Users\ruanr\.vscode\extensions\redhat.java-1.16.0-win32-x64\jre\17.0.6-win32-x86_64\bin\management.dll
Event: 7.636 Loaded shared library C:\Users\ruanr\.vscode\extensions\redhat.java-1.16.0-win32-x64\jre\17.0.6-win32-x86_64\bin\management_ext.dll
Event: 10.769 Loaded shared library C:\Users\ruanr\.vscode\extensions\redhat.java-1.16.0-win32-x64\jre\17.0.6-win32-x86_64\bin\sunmscapi.dll
Event: 15.778 Loaded shared library c:\Users\ruanr\.vscode\extensions\redhat.java-1.16.0-win32-x64\jre\17.0.6-win32-x86_64\bin\verify.dll
Event: 18.931 Loaded shared library C:\Users\ruanr\AppData\Local\Temp\snappy-1.1.8-f6df229d-1038-4177-b009-32ef666d7932-snappyjava.dll

Deoptimization events (20 events):
Event: 18.587 Thread 0x000001c63c3e6a20 DEOPT PACKING pc=0x000001c632810e8c sp=0x000000871c5fda50
Event: 18.587 Thread 0x000001c63c3e6a20 DEOPT UNPACKING pc=0x000001c631767143 sp=0x000000871c5fcf98 mode 0
Event: 18.604 Thread 0x000001c63c3e6a20 DEOPT PACKING pc=0x000001c632810eec sp=0x000000871c5fddb0
Event: 18.604 Thread 0x000001c63c3e6a20 DEOPT UNPACKING pc=0x000001c631767143 sp=0x000000871c5fd300 mode 0
Event: 18.604 Thread 0x000001c63c3e6a20 DEOPT PACKING pc=0x000001c632810eec sp=0x000000871c5fdfc0
Event: 18.604 Thread 0x000001c63c3e6a20 DEOPT UNPACKING pc=0x000001c631767143 sp=0x000000871c5fd510 mode 0
Event: 18.604 Thread 0x000001c63c3e6a20 DEOPT PACKING pc=0x000001c632810eec sp=0x000000871c5fe2f0
Event: 18.604 Thread 0x000001c63c3e6a20 DEOPT UNPACKING pc=0x000001c631767143 sp=0x000000871c5fd840 mode 0
Event: 18.604 Thread 0x000001c63c3e6a20 DEOPT PACKING pc=0x000001c632810eec sp=0x000000871c5fe5f0
Event: 18.604 Thread 0x000001c63c3e6a20 DEOPT UNPACKING pc=0x000001c631767143 sp=0x000000871c5fdb40 mode 0
Event: 18.753 Thread 0x000001c63c159880 DEOPT PACKING pc=0x000001c63284297c sp=0x000000871c2fc760
Event: 18.753 Thread 0x000001c63c159880 DEOPT UNPACKING pc=0x000001c631767143 sp=0x000000871c2fbcf8 mode 0
Event: 118.802 Thread 0x000001c63bde1550 DEOPT PACKING pc=0x000001c631d2f754 sp=0x000000871bffef50
Event: 118.802 Thread 0x000001c63bde1550 DEOPT UNPACKING pc=0x000001c631767143 sp=0x000000871bffe3d8 mode 0
Event: 119.887 Thread 0x000001c63c3e6550 DEOPT PACKING pc=0x000001c6325f1e36 sp=0x000000871d3fcf00
Event: 119.887 Thread 0x000001c63c3e6550 DEOPT UNPACKING pc=0x000001c631767143 sp=0x000000871d3fc3f8 mode 3
Event: 123.312 Thread 0x000001c63c3e6a20 DEOPT PACKING pc=0x000001c6325b5b20 sp=0x0000008719bfd9c0
Event: 123.312 Thread 0x000001c63c3e6a20 DEOPT UNPACKING pc=0x000001c631767143 sp=0x0000008719bfce40 mode 3
Event: 157.239 Thread 0x000001c63c3e09e0 DEOPT PACKING pc=0x000001c63183a355 sp=0x000000871d9fd9f0
Event: 157.239 Thread 0x000001c63c3e09e0 DEOPT UNPACKING pc=0x000001c631767143 sp=0x000000871d9fcf10 mode 3

Classes unloaded (20 events):
Event: 259.230 Thread 0x000001c6398c5b70 Unloading class 0x000000010034d800 'java/lang/invoke/LambdaForm$MH+0x000000010034d800'
Event: 259.230 Thread 0x000001c6398c5b70 Unloading class 0x000000010034d400 'java/lang/invoke/LambdaForm$MH+0x000000010034d400'
Event: 259.230 Thread 0x000001c6398c5b70 Unloading class 0x000000010034c000 'java/lang/invoke/LambdaForm$DMH+0x000000010034c000'
Event: 259.230 Thread 0x000001c6398c5b70 Unloading class 0x0000000100221400 'java/lang/invoke/LambdaForm$MH+0x0000000100221400'
Event: 259.230 Thread 0x000001c6398c5b70 Unloading class 0x0000000100220800 'java/lang/invoke/LambdaForm$MH+0x0000000100220800'
Event: 259.230 Thread 0x000001c6398c5b70 Unloading class 0x0000000100215000 'java/lang/invoke/LambdaForm$DMH+0x0000000100215000'
Event: 259.230 Thread 0x000001c6398c5b70 Unloading class 0x0000000100091c00 'java/lang/invoke/LambdaForm$MH+0x0000000100091c00'
Event: 259.230 Thread 0x000001c6398c5b70 Unloading class 0x0000000100091800 'java/lang/invoke/LambdaForm$MH+0x0000000100091800'
Event: 259.230 Thread 0x000001c6398c5b70 Unloading class 0x0000000100091400 'java/lang/invoke/LambdaForm$MH+0x0000000100091400'
Event: 259.230 Thread 0x000001c6398c5b70 Unloading class 0x0000000100091000 'java/lang/invoke/LambdaForm$MH+0x0000000100091000'
Event: 259.230 Thread 0x000001c6398c5b70 Unloading class 0x0000000100090c00 'java/lang/invoke/LambdaForm$MH+0x0000000100090c00'
Event: 259.230 Thread 0x000001c6398c5b70 Unloading class 0x0000000100090800 'java/lang/invoke/LambdaForm$MH+0x0000000100090800'
Event: 259.230 Thread 0x000001c6398c5b70 Unloading class 0x0000000100090400 'java/lang/invoke/LambdaForm$MH+0x0000000100090400'
Event: 259.230 Thread 0x000001c6398c5b70 Unloading class 0x0000000100090000 'java/lang/invoke/LambdaForm$MH+0x0000000100090000'
Event: 259.230 Thread 0x000001c6398c5b70 Unloading class 0x000000010008b800 'java/lang/invoke/LambdaForm$MH+0x000000010008b800'
Event: 259.230 Thread 0x000001c6398c5b70 Unloading class 0x000000010008b400 'java/lang/invoke/LambdaForm$MH+0x000000010008b400'
Event: 259.230 Thread 0x000001c6398c5b70 Unloading class 0x000000010008b000 'java/lang/invoke/LambdaForm$MH+0x000000010008b000'
Event: 259.230 Thread 0x000001c6398c5b70 Unloading class 0x000000010008ac00 'java/lang/invoke/LambdaForm$MH+0x000000010008ac00'
Event: 259.230 Thread 0x000001c6398c5b70 Unloading class 0x000000010008a800 'java/lang/invoke/LambdaForm$MH+0x000000010008a800'
Event: 259.230 Thread 0x000001c6398c5b70 Unloading class 0x000000010008a400 'java/lang/invoke/LambdaForm$MH+0x000000010008a400'

Classes redefined (0 events):
No events

Internal exceptions (20 events):
Event: 19.682 Thread 0x000001c63c3e6a20 Exception <a 'sun/nio/fs/WindowsException'{0x00000000ddcdf9c0}> (0x00000000ddcdf9c0) 
thrown [s\src\hotspot\share\prims\jni.cpp, line 516]
Event: 19.682 Thread 0x000001c63c3e6a20 Exception <a 'sun/nio/fs/WindowsException'{0x00000000ddce0e30}> (0x00000000ddce0e30) 
thrown [s\src\hotspot\share\prims\jni.cpp, line 516]
Event: 19.682 Thread 0x000001c63c3e6a20 Exception <a 'sun/nio/fs/WindowsException'{0x00000000ddce1180}> (0x00000000ddce1180) 
thrown [s\src\hotspot\share\prims\jni.cpp, line 516]
Event: 19.683 Thread 0x000001c63c3e6a20 Exception <a 'sun/nio/fs/WindowsException'{0x00000000ddb04470}> (0x00000000ddb04470) 
thrown [s\src\hotspot\share\prims\jni.cpp, line 516]
Event: 19.683 Thread 0x000001c63c3e6a20 Exception <a 'sun/nio/fs/WindowsException'{0x00000000ddb047b0}> (0x00000000ddb047b0) 
thrown [s\src\hotspot\share\prims\jni.cpp, line 516]
Event: 19.683 Thread 0x000001c63c3e6a20 Exception <a 'sun/nio/fs/WindowsException'{0x00000000ddb05c10}> (0x00000000ddb05c10) 
thrown [s\src\hotspot\share\prims\jni.cpp, line 516]
Event: 19.683 Thread 0x000001c63c3e6a20 Exception <a 'sun/nio/fs/WindowsException'{0x00000000ddb05f50}> (0x00000000ddb05f50) 
thrown [s\src\hotspot\share\prims\jni.cpp, line 516]
Event: 77.680 Thread 0x000001c63ae747f0 Exception <a 'java/lang/NoSuchMethodError'{0x00000000ddae0ee8}: 'void java.lang.invoke.DirectMethodHandle$Holder.invokeStatic(java.lang.Object, long)'> (0x00000000ddae0ee8) 
thrown [s\src\hotspot\share\interpreter\linkResolver.cpp, line 759]
Event: 77.680 Thread 0x000001c63ae747f0 Exception <a 'java/lang/NoSuchMethodError'{0x00000000ddae6298}: 'java.lang.Object java.lang.invoke.DirectMethodHandle$Holder.newInvokeSpecial(java.lang.Object, long)'> (0x00000000ddae6298) 
thrown [s\src\hotspot\share\interpreter\linkResolver.cpp, line 759]
Event: 119.887 Thread 0x000001c63c3e6550 Implicit null exception at 0x000001c6325f12e2 to 0x000001c6325f1e31
Event: 120.355 Thread 0x000001c63c3e6550 Exception <a 'sun/nio/fs/WindowsException'{0x00000000ccdd7860}> (0x00000000ccdd7860) 
thrown [s\src\hotspot\share\prims\jni.cpp, line 516]
Event: 120.357 Thread 0x000001c63c3e6550 Exception <a 'sun/nio/fs/WindowsException'{0x00000000ccdd8d60}> (0x00000000ccdd8d60) 
thrown [s\src\hotspot\share\prims\jni.cpp, line 516]
Event: 123.312 Thread 0x000001c63c3e6a20 Implicit null exception at 0x000001c6325b58da to 0x000001c6325b5b1b
Event: 131.377 Thread 0x000001c63c3e6550 Exception <a 'sun/nio/fs/WindowsException'{0x00000000cbbb40d8}> (0x00000000cbbb40d8) 
thrown [s\src\hotspot\share\prims\jni.cpp, line 516]
Event: 131.377 Thread 0x000001c63c3e6550 Exception <a 'sun/nio/fs/WindowsException'{0x00000000cbbb55d8}> (0x00000000cbbb55d8) 
thrown [s\src\hotspot\share\prims\jni.cpp, line 516]
Event: 155.883 Thread 0x000001c63c3e6550 Exception <a 'sun/nio/fs/WindowsException'{0x00000000ca0f0568}> (0x00000000ca0f0568) 
thrown [s\src\hotspot\share\prims\jni.cpp, line 516]
Event: 155.884 Thread 0x000001c63c3e6550 Exception <a 'sun/nio/fs/WindowsException'{0x00000000ca0f1a68}> (0x00000000ca0f1a68) 
thrown [s\src\hotspot\share\prims\jni.cpp, line 516]
Event: 157.205 Thread 0x000001c63c3e6550 Exception <a 'sun/nio/fs/WindowsException'{0x00000000c8e17788}> (0x00000000c8e17788) 
thrown [s\src\hotspot\share\prims\jni.cpp, line 516]
Event: 157.206 Thread 0x000001c63c3e6550 Exception <a 'sun/nio/fs/WindowsException'{0x00000000c8e18c88}> (0x00000000c8e18c88) 
thrown [s\src\hotspot\share\prims\jni.cpp, line 516]
Event: 157.239 Thread 0x000001c63c3e09e0 Implicit null exception at 0x000001c631839aa8 to 0x000001c63183a350

VM Operations (20 events):
Event: 156.858 Executing VM operation: Cleanup done
Event: 157.870 Executing VM operation: Cleanup
Event: 157.870 Executing VM operation: Cleanup done
Event: 158.884 Executing VM operation: Cleanup
Event: 158.885 Executing VM operation: Cleanup done
Event: 159.427 Executing VM operation: G1CollectForAllocation
Event: 159.429 Executing VM operation: G1CollectForAllocation done
Event: 160.444 Executing VM operation: Cleanup
Event: 160.444 Executing VM operation: Cleanup done
Event: 162.459 Executing VM operation: Cleanup
Event: 162.459 Executing VM operation: Cleanup done
Event: 219.040 Executing VM operation: G1CollectFull
Event: 219.086 Executing VM operation: G1CollectFull done
Event: 222.119 Executing VM operation: Cleanup
Event: 222.119 Executing VM operation: Cleanup done
Event: 259.211 Executing VM operation: G1CollectFull
Event: 259.261 Executing VM operation: G1CollectFull done
Event: 269.355 Executing VM operation: G1CollectFull
Event: 269.396 Executing VM operation: G1CollectFull done
Event: 279.494 Executing VM operation: G1CollectFull

Events (20 events):
Event: 119.675 loading class java/util/stream/ReferencePipeline$4$1
Event: 119.675 loading class java/util/stream/ReferencePipeline$4$1 done
Event: 119.709 Thread 0x000001c63a625350 Thread added: 0x000001c63a625350
Event: 119.841 Thread 0x000001c63c3e4d40 Thread added: 0x000001c63c3e4d40
Event: 120.088 Thread 0x000001c63c3e6ef0 Thread added: 0x000001c63c3e6ef0
Event: 120.351 Thread 0x000001c63c3e2b90 Thread added: 0x000001c63c3e2b90
Event: 128.332 Thread 0x000001c63a625350 Thread exited: 0x000001c63a625350
Event: 130.604 Thread 0x000001c63a625350 Thread added: 0x000001c63a625350
Event: 133.235 Thread 0x000001c63a625350 Thread exited: 0x000001c63a625350
Event: 133.309 Thread 0x000001c62c8cb4a0 Thread added: 0x000001c62c8cb4a0
Event: 135.799 Thread 0x000001c62c8cb4a0 Thread exited: 0x000001c62c8cb4a0
Event: 136.202 Thread 0x000001c62c8cb4a0 Thread added: 0x000001c62c8cb4a0
Event: 136.203 Thread 0x000001c63c2d3e40 Thread added: 0x000001c63c2d3e40
Event: 144.334 Thread 0x000001c63c2d3e40 Thread exited: 0x000001c63c2d3e40
Event: 144.334 Thread 0x000001c62c8cb4a0 Thread exited: 0x000001c62c8cb4a0
Event: 155.623 Thread 0x000001c62c8cb4a0 Thread added: 0x000001c62c8cb4a0
Event: 162.266 Thread 0x000001c62c8cb4a0 Thread exited: 0x000001c62c8cb4a0
Event: 217.272 Thread 0x000001c63c3e2b90 Thread exited: 0x000001c63c3e2b90
Event: 221.415 Thread 0x000001c64b5fc990 Thread added: 0x000001c64b5fc990
Event: 226.420 Thread 0x000001c64b5fc990 Thread exited: 0x000001c64b5fc990


Dynamic libraries:
0x00007ff6d62f0000 - 0x00007ff6d62fe000 	c:\Users\ruanr\.vscode\extensions\redhat.java-1.16.0-win32-x64\jre\17.0.6-win32-x86_64\bin\java.exe
0x00007ffce0e30000 - 0x00007ffce1044000 	C:\WINDOWS\SYSTEM32\ntdll.dll
0x00007ffcdf530000 - 0x00007ffcdf5f3000 	C:\WINDOWS\System32\KERNEL32.DLL
0x00007ffcde8a0000 - 0x00007ffcdec3c000 	C:\WINDOWS\System32\KERNELBASE.dll
0x00007ffcde310000 - 0x00007ffcde421000 	C:\WINDOWS\System32\ucrtbase.dll
0x00007ffcc4db0000 - 0x00007ffcc4dc9000 	c:\Users\ruanr\.vscode\extensions\redhat.java-1.16.0-win32-x64\jre\17.0.6-win32-x86_64\bin\VCRUNTIME140.dll
0x00007ffcc4dd0000 - 0x00007ffcc4de7000 	c:\Users\ruanr\.vscode\extensions\redhat.java-1.16.0-win32-x64\jre\17.0.6-win32-x86_64\bin\jli.dll
0x00007ffce0280000 - 0x00007ffce042d000 	C:\WINDOWS\System32\USER32.dll
0x00007ffcde270000 - 0x00007ffcde296000 	C:\WINDOWS\System32\win32u.dll
0x00007ffce0430000 - 0x00007ffce0459000 	C:\WINDOWS\System32\GDI32.dll
0x00007ffcde780000 - 0x00007ffcde893000 	C:\WINDOWS\System32\gdi32full.dll
0x00007ffcbce40000 - 0x00007ffcbd0ce000 	C:\WINDOWS\WinSxS\amd64_microsoft.windows.common-controls_6595b64144ccf1df_6.0.22621.608_none_a9444ca7c10bb01d\COMCTL32.dll
0x00007ffcde660000 - 0x00007ffcde6fa000 	C:\WINDOWS\System32\msvcp_win.dll
0x00007ffce0020000 - 0x00007ffce00c7000 	C:\WINDOWS\System32\msvcrt.dll
0x00007ffcdf4f0000 - 0x00007ffcdf521000 	C:\WINDOWS\System32\IMM32.DLL
0x00007ffcd81d0000 - 0x00007ffcd81dc000 	c:\Users\ruanr\.vscode\extensions\redhat.java-1.16.0-win32-x64\jre\17.0.6-win32-x86_64\bin\vcruntime140_1.dll
0x00007ffc9bbc0000 - 0x00007ffc9bc51000 	c:\Users\ruanr\.vscode\extensions\redhat.java-1.16.0-win32-x64\jre\17.0.6-win32-x86_64\bin\msvcp140.dll
0x00007ffc6ec10000 - 0x00007ffc6f857000 	c:\Users\ruanr\.vscode\extensions\redhat.java-1.16.0-win32-x64\jre\17.0.6-win32-x86_64\bin\server\jvm.dll
0x00007ffcdf0f0000 - 0x00007ffcdf19e000 	C:\WINDOWS\System32\ADVAPI32.dll
0x00007ffce01b0000 - 0x00007ffce0254000 	C:\WINDOWS\System32\sechost.dll
0x00007ffce0c50000 - 0x00007ffce0d65000 	C:\WINDOWS\System32\RPCRT4.dll
0x00007ffcd3f60000 - 0x00007ffcd3f94000 	C:\WINDOWS\SYSTEM32\WINMM.dll
0x00007ffcc86d0000 - 0x00007ffcc86d9000 	C:\WINDOWS\SYSTEM32\WSOCK32.dll
0x00007ffcd0da0000 - 0x00007ffcd0daa000 	C:\WINDOWS\SYSTEM32\VERSION.dll
0x00007ffce0d70000 - 0x00007ffce0de1000 	C:\WINDOWS\System32\WS2_32.dll
0x00007ffcdd2c0000 - 0x00007ffcdd2d8000 	C:\WINDOWS\SYSTEM32\kernel.appcore.dll
0x00007ffcd6a60000 - 0x00007ffcd6a6a000 	c:\Users\ruanr\.vscode\extensions\redhat.java-1.16.0-win32-x64\jre\17.0.6-win32-x86_64\bin\jimage.dll
0x00007ffcd8be0000 - 0x00007ffcd8e0e000 	C:\WINDOWS\SYSTEM32\DBGHELP.DLL
0x00007ffcdec40000 - 0x00007ffcdefc9000 	C:\WINDOWS\System32\combase.dll
0x00007ffcdfc80000 - 0x00007ffcdfd57000 	C:\WINDOWS\System32\OLEAUT32.dll
0x00007ffcc4400000 - 0x00007ffcc4432000 	C:\WINDOWS\SYSTEM32\dbgcore.DLL
0x00007ffcde700000 - 0x00007ffcde77b000 	C:\WINDOWS\System32\bcryptPrimitives.dll
0x00007ffcbc460000 - 0x00007ffcbc485000 	c:\Users\ruanr\.vscode\extensions\redhat.java-1.16.0-win32-x64\jre\17.0.6-win32-x86_64\bin\java.dll
0x00007ffcbe080000 - 0x00007ffcbe098000 	c:\Users\ruanr\.vscode\extensions\redhat.java-1.16.0-win32-x64\jre\17.0.6-win32-x86_64\bin\zip.dll
0x00007ffce0460000 - 0x00007ffce0c50000 	C:\WINDOWS\System32\SHELL32.dll
0x00007ffcdc250000 - 0x00007ffcdcb1e000 	C:\WINDOWS\SYSTEM32\windows.storage.dll
0x00007ffcdc110000 - 0x00007ffcdc24e000 	C:\WINDOWS\SYSTEM32\wintypes.dll
0x00007ffcdfd60000 - 0x00007ffcdfe51000 	C:\WINDOWS\System32\SHCORE.dll
0x00007ffcdf250000 - 0x00007ffcdf2ae000 	C:\WINDOWS\System32\shlwapi.dll
0x00007ffcde1a0000 - 0x00007ffcde1c1000 	C:\WINDOWS\SYSTEM32\profapi.dll
0x00007ffcbd590000 - 0x00007ffcbd5a9000 	C:\Users\ruanr\.vscode\extensions\redhat.java-1.16.0-win32-x64\jre\17.0.6-win32-x86_64\bin\net.dll
0x00007ffcd4660000 - 0x00007ffcd478f000 	C:\WINDOWS\SYSTEM32\WINHTTP.dll
0x00007ffcdd730000 - 0x00007ffcdd799000 	C:\WINDOWS\system32\mswsock.dll
0x00007ffcbbbb0000 - 0x00007ffcbbbc5000 	C:\Users\ruanr\.vscode\extensions\redhat.java-1.16.0-win32-x64\jre\17.0.6-win32-x86_64\bin\nio.dll
0x00007ffcdd990000 - 0x00007ffcdd9ab000 	C:\WINDOWS\SYSTEM32\CRYPTSP.dll
0x00007ffcdd230000 - 0x00007ffcdd265000 	C:\WINDOWS\system32\rsaenh.dll
0x00007ffcdd830000 - 0x00007ffcdd858000 	C:\WINDOWS\SYSTEM32\USERENV.dll
0x00007ffcddb50000 - 0x00007ffcddb78000 	C:\WINDOWS\SYSTEM32\bcrypt.dll
0x00007ffcdd9b0000 - 0x00007ffcdd9bc000 	C:\WINDOWS\SYSTEM32\CRYPTBASE.dll
0x00007ffcdcdb0000 - 0x00007ffcdcddd000 	C:\WINDOWS\SYSTEM32\IPHLPAPI.DLL
0x00007ffce0270000 - 0x00007ffce0279000 	C:\WINDOWS\System32\NSI.dll
0x00007ffcd4220000 - 0x00007ffcd4239000 	C:\WINDOWS\SYSTEM32\dhcpcsvc6.DLL
0x00007ffcd4200000 - 0x00007ffcd421f000 	C:\WINDOWS\SYSTEM32\dhcpcsvc.DLL
0x00007ffcdce30000 - 0x00007ffcdcf23000 	C:\WINDOWS\SYSTEM32\DNSAPI.dll
0x00007ffcc7000000 - 0x00007ffcc7009000 	C:\Users\ruanr\.vscode\extensions\redhat.java-1.16.0-win32-x64\jre\17.0.6-win32-x86_64\bin\management.dll
0x00007ffcb3770000 - 0x00007ffcb377b000 	C:\Users\ruanr\.vscode\extensions\redhat.java-1.16.0-win32-x64\jre\17.0.6-win32-x86_64\bin\management_ext.dll
0x00007ffce0260000 - 0x00007ffce0268000 	C:\WINDOWS\System32\PSAPI.DLL
0x00007ffcb2650000 - 0x00007ffcb265e000 	C:\Users\ruanr\.vscode\extensions\redhat.java-1.16.0-win32-x64\jre\17.0.6-win32-x86_64\bin\sunmscapi.dll
0x00007ffcde430000 - 0x00007ffcde596000 	C:\WINDOWS\System32\CRYPT32.dll
0x00007ffcddb20000 - 0x00007ffcddb4d000 	C:\WINDOWS\SYSTEM32\ncrypt.dll
0x00007ffcddae0000 - 0x00007ffcddb17000 	C:\WINDOWS\SYSTEM32\NTASN1.dll
0x00007ffccbdf0000 - 0x00007ffccbdfa000 	C:\Windows\System32\rasadhlp.dll
0x00007ffcd2350000 - 0x00007ffcd23d3000 	C:\WINDOWS\System32\fwpuclnt.dll
0x00007ffcd4f90000 - 0x00007ffcd4fa0000 	c:\Users\ruanr\.vscode\extensions\redhat.java-1.16.0-win32-x64\jre\17.0.6-win32-x86_64\bin\verify.dll
0x000000006c500000 - 0x000000006c5c7000 	C:\Users\ruanr\AppData\Local\Temp\snappy-1.1.8-f6df229d-1038-4177-b009-32ef666d7932-snappyjava.dll

dbghelp: loaded successfully - version: 4.0.5 - missing functions: none
symbol engine: initialized successfully - sym options: 0x614 - pdb path: .;c:\Users\ruanr\.vscode\extensions\redhat.java-1.16.0-win32-x64\jre\17.0.6-win32-x86_64\bin;C:\WINDOWS\SYSTEM32;C:\WINDOWS\WinSxS\amd64_microsoft.windows.common-controls_6595b64144ccf1df_6.0.22621.608_none_a9444ca7c10bb01d;c:\Users\ruanr\.vscode\extensions\redhat.java-1.16.0-win32-x64\jre\17.0.6-win32-x86_64\bin\server;C:\Users\ruanr\AppData\Local\Temp

VM Arguments:
jvm_args: -XX:+HeapDumpOnOutOfMemoryError -Xmx1024m -Dsts.lsp.client=vscode -Dsts.log.file=/dev/null -XX:TieredStopAtLevel=1 -Xlog:jni+resolve=off -Dspring.config.location=file:c:\Users\ruanr\.vscode\extensions\vmware.vscode-spring-boot-1.45.0\language-server\BOOT-INF\classes\application.properties 
java_command: org.springframework.ide.vscode.boot.app.BootLanguageServerBootApp
java_class_path (initial): c:\Users\ruanr\.vscode\extensions\vmware.vscode-spring-boot-1.45.0\language-server\BOOT-INF\classes;c:\Users\ruanr\.vscode\extensions\vmware.vscode-spring-boot-1.45.0\language-server\BOOT-INF\lib\annotations-24.0.1.jar;c:\Users\ruanr\.vscode\extensions\vmware.vscode-spring-boot-1.45.0\language-server\BOOT-INF\lib\ant-1.10.13.jar;c:\Users\ruanr\.vscode\extensions\vmware.vscode-spring-boot-1.45.0\language-server\BOOT-INF\lib\ant-launcher-1.10.13.jar;c:\Users\ruanr\.vscode\extensions\vmware.vscode-spring-boot-1.45.0\language-server\BOOT-INF\lib\antlr-runtime-3.5.3.jar;c:\Users\ruanr\.vscode\extensions\vmware.vscode-spring-boot-1.45.0\language-server\BOOT-INF\lib\antlr4-4.11.1.jar;c:\Users\ruanr\.vscode\extensions\vmware.vscode-spring-boot-1.45.0\language-server\BOOT-INF\lib\antlr4-runtime-4.11.1.jar;c:\Users\ruanr\.vscode\extensions\vmware.vscode-spring-boot-1.45.0\language-server\BOOT-INF\lib\asm-9.4.jar;c:\Users\ruanr\.vscode\extensions\vmware.vscode-spring-boot-1.45.0\language-server\BOOT-INF\lib\asm-analysis-9.4.jar;c:\Users\ruanr\.vscode\extensions\vmware.vscode-spring-boot-1.45.0\language-server\BOOT-INF\lib\asm-tree-9.4.jar;c:\Users\ruanr\.vscode\extensions\vmware.vscode-spring-boot-1.45.0\language-server\BOOT-INF\lib\asm-util-9.4.jar;c:\Users\ruanr\.vscode\extensions\vmware.vscode-spring-boot-1.45.0\language-server\BOOT-INF\lib\caffeine-3.1.2.jar;c:\Users\ruanr\.vscode\extensions\vmware.vscode-spring-boot-1.45.0\language-server\BOOT-INF\lib\checker-qual-3.12.0.jar;c:\Users\ruanr\.vscode\extensions\vmware.vscode-spring-boot-1.45.0\language-server\BOOT-INF\lib\classgraph-4.8.149.jar;c:\Users\ruanr\.vscode\extensions\vmware.vscode-spring-boot-1.45.0\language-server\BOOT-INF\lib\commons-codec-1.15.jar;c:\Users\ruanr\.vscode\extensions\vmware.vscode-spring-boot-1.45.0\language-server\BOOT-INF\lib\commons-compress-1.22.jar;c:\Users\ruanr\.vscode\extensions\vmware.vscode-spring-boot-1.45.0\language-server\BOOT-INF\lib\commons-io-2.4.jar;c:
Launcher Type: SUN_STANDARD

[Global flags]
     intx CICompilerCount                          = 4                                         {product} {ergonomic}
     uint ConcGCThreads                            = 2                                         {product} {ergonomic}
     uint G1ConcRefinementThreads                  = 8                                         {product} {ergonomic}
   size_t G1HeapRegionSize                         = 1048576                                   {product} {ergonomic}
    uintx GCDrainStackTargetSize                   = 64                                        {product} {ergonomic}
     bool HeapDumpOnOutOfMemoryError               = true                                   {manageable} {command line}
   size_t InitialHeapSize                          = 199229440                                 {product} {ergonomic}
   size_t MarkStackSize                            = 4194304                                   {product} {ergonomic}
   size_t MaxHeapSize                              = 1073741824                                {product} {command line}
   size_t MaxNewSize                               = 643825664                                 {product} {ergonomic}
   size_t MinHeapDeltaBytes                        = 1048576                                   {product} {ergonomic}
   size_t MinHeapSize                              = 8388608                                   {product} {ergonomic}
    uintx NonProfiledCodeHeapSize                  = 0                                      {pd product} {ergonomic}
     bool ProfileInterpreter                       = false                                  {pd product} {command line}
    uintx ProfiledCodeHeapSize                     = 0                                      {pd product} {ergonomic}
   size_t SoftMaxHeapSize                          = 1073741824                             {manageable} {ergonomic}
     intx TieredStopAtLevel                        = 1                                         {product} {command line}
     bool UseCompressedClassPointers               = true                           {product lp64_product} {ergonomic}
     bool UseCompressedOops                        = true                           {product lp64_product} {ergonomic}
     bool UseG1GC                                  = true                                      {product} {ergonomic}
     bool UseLargePagesIndividualAllocation        = false                                  {pd product} {ergonomic}

Logging:
Log output configuration:
 #0: stdout all=warning,jni+resolve=off uptime,level,tags
 #1: stderr all=off uptime,level,tags

Environment Variables:
PATH=C:\Program Files\Common Files\Oracle\Java\javapath;C:\Program Files (x86)\Common Files\Intel\Shared Libraries\redist\ia32_win\compiler;C:\Program Files (x86)\Common Files\Intel\Shared Libraries\redist\intel64_win\compiler;C:\Program Files (x86)\Common Files\Oracle\Java\javapath;C:\WINDOWS\system32;C:\WINDOWS;C:\WINDOWS\System32\Wbem;C:\WINDOWS\System32\WindowsPowerShell\v1.0\;C:\WINDOWS\System32\OpenSSH\;C:\Program Files\nodejs\;C:\Program Files (x86)\ZeroTier\One\;C:\Program Files\PowerShell\7\;C:\ProgramData\chocolatey\bin;C:\Program Files\Git\cmd;C:\Users\ruanr\AppData\Local\Microsoft\WindowsApps;C:\Users\ruanr\AppData\Roaming\npm;C:\Users\ruanr\AppData\Local\Programs\Microsoft VS Code\bin;C:\Program Files\R\R-4.0.2\bin;C:\ffmpeg\bin;C:\Program Files\Git\bin;C:\src\flutter-1.22.2\flutter\bin;C:\adb;C:\Android_SDK\tools\bin;C:\platform-tools;C:\altera\13.0sp1\modelsim_ase\win32aloem;C:\Gradle\gradle-8.0.2\bin
USERNAME=ruanr
OS=Windows_NT
PROCESSOR_IDENTIFIER=Intel64 Family 6 Model 142 Stepping 12, GenuineIntel
TMP=C:\Users\ruanr\AppData\Local\Temp
TEMP=C:\Users\ruanr\AppData\Local\Temp



---------------  S Y S T E M  ---------------

OS:
 Windows 11 , 64 bit Build 22621 (10.0.22621.1344)
OS uptime: 0 days 1:28 hours

CPU: total 8 (initial active 8) (4 cores per cpu, 2 threads per core) family 6 model 142 stepping 12 microcode 0xde, cx8, cmov, fxsr, ht, mmx, 3dnowpref, sse, sse2, sse3, ssse3, sse4.1, sse4.2, popcnt, lzcnt, tsc, tscinvbit, avx, avx2, aes, erms, clmul, bmi1, bmi2, adx, fma, vzeroupper, clflush, clflushopt

Memory: 4k page, system-wide physical 12119M (1858M free)
TotalPageFile size 13143M (AvailPageFile size 9M)
current process WorkingSet (physical memory assigned to process): 422M, peak: 801M
current process commit charge ("private bytes"): 430M, peak: 824M

vm_info: OpenJDK 64-Bit Server VM (17.0.6+10) for windows-amd64 JRE (17.0.6+10), built on Jan 18 2023 10:08:59 by "temurin" with MS VC++ 16.7 (VS2019)

END.
