#
# There is insufficient memory for the Java Runtime Environment to continue.
# Native memory allocation (malloc) failed to allocate 1048576 bytes for AllocateHeap
# Possible reasons:
#   The system is out of physical RAM or swap space
#   The process is running with CompressedOops enabled, and the Java Heap may be blocking the growth of the native heap
# Possible solutions:
#   Reduce memory load on the system
#   Increase physical memory or swap space
#   Check if swap backing store is full
#   Decrease Java heap size (-Xmx/-Xms)
#   Decrease number of Java threads
#   Decrease Java thread stack sizes (-Xss)
#   Set larger code cache with -XX:ReservedCodeCacheSize=
#   JVM is running with Unscaled Compressed Oops mode in which the Java heap is
#     placed in the first 4GB address space. The Java Heap base address is the
#     maximum limit for the native heap growth. Please use -XX:HeapBaseMinAddress
#     to set the Java Heap base and to place the Java Heap above 4GB virtual address.
# This output file may be truncated or incomplete.
#
#  Out of Memory Error (allocation.cpp:44), pid=5324, tid=3932
#
# JRE version: OpenJDK Runtime Environment Temurin-17.0.6+10 (17.0.6+10) (build 17.0.6+10)
# Java VM: OpenJDK 64-Bit Server VM Temurin-17.0.6+10 (17.0.6+10, mixed mode, emulated-client, tiered, compressed oops, compressed class ptrs, g1 gc, windows-amd64)
# No core dump will be written. Minidumps are not enabled by default on client versions of Windows
#

---------------  S U M M A R Y ------------

Command Line: -XX:+HeapDumpOnOutOfMemoryError -Xmx1024m -Dsts.lsp.client=vscode -Dsts.log.file=/dev/null -XX:TieredStopAtLevel=1 -Xlog:jni+resolve=off -Dspring.config.location=file:c:\Users\ruanr\.vscode\extensions\vmware.vscode-spring-boot-1.45.0\language-server\BOOT-INF\classes\application.properties org.springframework.ide.vscode.boot.app.BootLanguageServerBootApp

Host: Intel(R) Core(TM) i5-10210U CPU @ 1.60GHz, 8 cores, 11G,  Windows 11 , 64 bit Build 22621 (10.0.22621.1344)
Time: Sat Mar 18 19:59:02 2023 Hora oficial do Brasil elapsed time: 4795.475501 seconds (0d 1h 19m 55s)

---------------  T H R E A D  ---------------

Current thread (0x000002e8a1c08fc0):  VMThread "VM Thread" [stack: 0x000000ffe6f00000,0x000000ffe7000000] [id=3932]

Stack: [0x000000ffe6f00000,0x000000ffe7000000]
Native frames: (J=compiled Java code, j=interpreted, Vv=VM code, C=native code)
V  [jvm.dll+0x67741a]
V  [jvm.dll+0x834434]
V  [jvm.dll+0x835bde]
V  [jvm.dll+0x836243]
V  [jvm.dll+0x2457b5]
V  [jvm.dll+0xa626f]
V  [jvm.dll+0x2f5ad3]
V  [jvm.dll+0x2f17e0]
V  [jvm.dll+0x2d9ee7]
V  [jvm.dll+0x31ce67]
V  [jvm.dll+0x83a6eb]
V  [jvm.dll+0x83b424]
V  [jvm.dll+0x83b93c]
V  [jvm.dll+0x83bd14]
V  [jvm.dll+0x83bde0]
V  [jvm.dll+0x7e483a]
V  [jvm.dll+0x6762c5]
C  [ucrtbase.dll+0x29363]
C  [KERNEL32.DLL+0x126bd]
C  [ntdll.dll+0x5a9f8]

VM_Operation (0x000000ffe88fee90): G1CollectFull, mode: safepoint, requested by thread 0x000002e8a3071450


---------------  P R O C E S S  ---------------

Threads class SMR info:
_java_thread_list=0x000002e8a6c26f10, length=28, elements={
0x000002e8a1c17070, 0x000002e8a1c17c20, 0x000002e8a1c2e8e0, 0x000002e8a2803490,
0x000002e8a2803d50, 0x000002e8a2804d10, 0x000002e8a283dd70, 0x000002e8a283ec90,
0x000002e8a2a67c00, 0x000002e8a2a724f0, 0x000002e8a3b33050, 0x000002e8a3ba5080,
0x000002e8a3071450, 0x000002e8a3c3df50, 0x000002e894d5dfb0, 0x000002e8a3b64030,
0x000002e8a3d28920, 0x000002e8a3d2cad0, 0x000002e8a3d1e400, 0x000002e8a3d23f70,
0x000002e8a3d21420, 0x000002e8a435b360, 0x000002e8a435b830, 0x000002e8a3f65a30,
0x000002e8a61a3720, 0x000002e8a61a4590, 0x000002e8a61a3250, 0x000002e8a61a40c0
}

Java Threads: ( => current thread )
  0x000002e8a1c17070 JavaThread "Reference Handler" daemon [_thread_blocked, id=1184, stack(0x000000ffe7000000,0x000000ffe7100000)]
  0x000002e8a1c17c20 JavaThread "Finalizer" daemon [_thread_blocked, id=2508, stack(0x000000ffe7100000,0x000000ffe7200000)]
  0x000002e8a1c2e8e0 JavaThread "Signal Dispatcher" daemon [_thread_blocked, id=9408, stack(0x000000ffe7200000,0x000000ffe7300000)]
  0x000002e8a2803490 JavaThread "Attach Listener" daemon [_thread_blocked, id=3116, stack(0x000000ffe7300000,0x000000ffe7400000)]
  0x000002e8a2803d50 JavaThread "Service Thread" daemon [_thread_blocked, id=3128, stack(0x000000ffe7400000,0x000000ffe7500000)]
  0x000002e8a2804d10 JavaThread "Monitor Deflation Thread" daemon [_thread_blocked, id=2652, stack(0x000000ffe7500000,0x000000ffe7600000)]
  0x000002e8a283dd70 JavaThread "C1 CompilerThread0" daemon [_thread_blocked, id=3124, stack(0x000000ffe7600000,0x000000ffe7700000)]
  0x000002e8a283ec90 JavaThread "Sweeper thread" daemon [_thread_blocked, id=2784, stack(0x000000ffe7700000,0x000000ffe7800000)]
  0x000002e8a2a67c00 JavaThread "Notification Thread" daemon [_thread_blocked, id=16216, stack(0x000000ffe7900000,0x000000ffe7a00000)]
  0x000002e8a2a724f0 JavaThread "Common-Cleaner" daemon [_thread_blocked, id=4200, stack(0x000000ffe7b00000,0x000000ffe7c00000)]
  0x000002e8a3b33050 JavaThread "boundedElastic-evictor-1" daemon [_thread_blocked, id=12108, stack(0x000000ffe8300000,0x000000ffe8400000)]
  0x000002e8a3ba5080 JavaThread "boundedElastic-evictor-2" daemon [_thread_blocked, id=6496, stack(0x000000ffe8700000,0x000000ffe8800000)]
  0x000002e8a3071450 JavaThread "pool-10-thread-1" [_thread_blocked, id=13148, stack(0x000000ffe8800000,0x000000ffe8900000)]
  0x000002e8a3c3df50 JavaThread "LanguageServerApp-lifecycle" [_thread_blocked, id=16164, stack(0x000000ffe8900000,0x000000ffe8a00000)]
  0x000002e894d5dfb0 JavaThread "DestroyJavaVM" [_thread_blocked, id=2936, stack(0x000000ffe6900000,0x000000ffe6a00000)]
  0x000002e8a3b64030 JavaThread "pool-11-thread-1" [_thread_in_native, id=11676, stack(0x000000ffe8a00000,0x000000ffe8b00000)]
  0x000002e8a3d28920 JavaThread "Simple-Language-Server main thread" daemon [_thread_blocked, id=3532, stack(0x000000ffe8b00000,0x000000ffe8c00000)]
  0x000002e8a3d2cad0 JavaThread "pool-6-thread-1" [_thread_blocked, id=2612, stack(0x000000ffe8c00000,0x000000ffe8d00000)]
  0x000002e8a3d1e400 JavaThread "parallel-1" daemon [_thread_blocked, id=10216, stack(0x000000ffe9c00000,0x000000ffe9d00000)]
  0x000002e8a3d23f70 JavaThread "pool-4-thread-1" [_thread_blocked, id=5036, stack(0x000000ffe9f00000,0x000000ffea000000)]
  0x000002e8a3d21420 JavaThread "parallel-2" daemon [_thread_blocked, id=5616, stack(0x000000ffea100000,0x000000ffea200000)]
  0x000002e8a435b360 JavaThread "parallel-3" daemon [_thread_blocked, id=18348, stack(0x000000ffe8e00000,0x000000ffe8f00000)]
  0x000002e8a435b830 JavaThread "parallel-4" daemon [_thread_blocked, id=18352, stack(0x000000ffe8f00000,0x000000ffe9000000)]
  0x000002e8a3f65a30 JavaThread "Reconciler-1" daemon [_thread_blocked, id=18392, stack(0x000000ffe9000000,0x000000ffe9100000)]
  0x000002e8a61a3720 JavaThread "parallel-5" daemon [_thread_blocked, id=7188, stack(0x000000ffe6700000,0x000000ffe6800000)]
  0x000002e8a61a4590 JavaThread "parallel-6" daemon [_thread_blocked, id=13924, stack(0x000000ffe8500000,0x000000ffe8600000)]
  0x000002e8a61a3250 JavaThread "parallel-7" daemon [_thread_blocked, id=9704, stack(0x000000ffe6800000,0x000000ffe6900000)]
  0x000002e8a61a40c0 JavaThread "parallel-8" daemon [_thread_blocked, id=3068, stack(0x000000ffe8d00000,0x000000ffe8e00000)]

Other Threads:
=>0x000002e8a1c08fc0 VMThread "VM Thread" [stack: 0x000000ffe6f00000,0x000000ffe7000000] [id=3932]
  0x000002e896e2dae0 WatcherThread [stack: 0x000000ffe7a00000,0x000000ffe7b00000] [id=16244]
  0x000002e896e016d0 GCTaskThread "GC Thread#0" [stack: 0x000000ffe6a00000,0x000000ffe6b00000] [id=2120]
  0x000002e8a33a9990 GCTaskThread "GC Thread#1" [stack: 0x000000ffe7c00000,0x000000ffe7d00000] [id=11328]
  0x000002e8a33c9ce0 GCTaskThread "GC Thread#2" [stack: 0x000000ffe7d00000,0x000000ffe7e00000] [id=12152]
  0x000002e8a33c9f90 GCTaskThread "GC Thread#3" [stack: 0x000000ffe7e00000,0x000000ffe7f00000] [id=11584]
  0x000002e8a339edb0 GCTaskThread "GC Thread#4" [stack: 0x000000ffe7f00000,0x000000ffe8000000] [id=11444]
  0x000002e8a369f370 GCTaskThread "GC Thread#5" [stack: 0x000000ffe8000000,0x000000ffe8100000] [id=12084]
  0x000002e8a369f620 GCTaskThread "GC Thread#6" [stack: 0x000000ffe8100000,0x000000ffe8200000] [id=3508]
  0x000002e8a369f8d0 GCTaskThread "GC Thread#7" [stack: 0x000000ffe8200000,0x000000ffe8300000] [id=15472]
  0x000002e896e0a770 ConcurrentGCThread "G1 Main Marker" [stack: 0x000000ffe6b00000,0x000000ffe6c00000] [id=3120]
  0x000002e896e0b790 ConcurrentGCThread "G1 Conc#0" [stack: 0x000000ffe6c00000,0x000000ffe6d00000] [id=2660]
  0x000002e8a38c0570 ConcurrentGCThread "G1 Conc#1" [stack: 0x000000ffe8600000,0x000000ffe8700000] [id=1844]
  0x000002e8a1a764f0 ConcurrentGCThread "G1 Refine#0" [stack: 0x000000ffe6d00000,0x000000ffe6e00000] [id=2040]
  0x000002e8a6529900 ConcurrentGCThread "G1 Refine#1" [stack: 0x000000ffea000000,0x000000ffea100000] [id=16544]
  0x000002e8a67abdf0 ConcurrentGCThread "G1 Refine#2" [stack: 0x000000ffea400000,0x000000ffea500000] [id=6888]
  0x000002e8a6863fd0 ConcurrentGCThread "G1 Refine#3" [stack: 0x000000ffea700000,0x000000ffea800000] [id=5380]
  0x000002e8a606f890 ConcurrentGCThread "G1 Refine#4" [stack: 0x000000ffe8400000,0x000000ffe8500000] [id=18144]
  0x000002e8a1a76cc0 ConcurrentGCThread "G1 Service" [stack: 0x000000ffe6e00000,0x000000ffe6f00000] [id=8772]

Threads with active compile tasks:

VM state: at safepoint (normal execution)

VM Mutex/Monitor currently owned by a thread:  ([mutex/lock_event])
[0x000002e894c9cc90] Threads_lock - owner thread: 0x000002e8a1c08fc0
[0x000002e894d5c1b0] Heap_lock - owner thread: 0x000002e8a3071450

Heap address: 0x00000000c0000000, size: 1024 MB, Compressed Oops mode: 32-bit

CDS archive(s) not mapped
Compressed class space mapped at: 0x0000000100000000-0x0000000140000000, reserved size: 1073741824
Narrow klass base: 0x0000000000000000, Narrow klass shift: 3, Narrow klass range: 0x140000000

GC Precious Log:
 CPUs: 8 total, 8 available
 Memory: 12119M
 Large Page Support: Disabled
 NUMA Support: Disabled
 Compressed Oops: Enabled (32-bit)
 Heap Region Size: 1M
 Heap Min Capacity: 8M
 Heap Initial Capacity: 190M
 Heap Max Capacity: 1G
 Pre-touch: Disabled
 Parallel Workers: 8
 Concurrent Workers: 2
 Concurrent Refinement Workers: 8
 Periodic GC: Disabled

Heap:
 garbage-first heap   total 277504K, used 84812K [0x00000000c0000000, 0x0000000100000000)
  region size 1024K, 1 young (1024K), 0 survivors (0K)
 Metaspace       used 70825K, committed 71360K, reserved 1114112K
  class space    used 9677K, committed 9920K, reserved 1048576K

Heap Regions: E=young(eden), S=young(survivor), O=old, HS=humongous(starts), HC=humongous(continues), CS=collection set, F=free, OA=open archive, CA=closed archive, TAMS=top-at-mark-start (previous, next)
|   0|0x00000000c0000000, 0x00000000c00ffff8, 0x00000000c0100000| 99%| O|  |TAMS 0x00000000c00ffff8, 0x00000000c0000000| Untracked 
|   1|0x00000000c0100000, 0x00000000c01fffd8, 0x00000000c0200000| 99%| O|  |TAMS 0x00000000c01fffd8, 0x00000000c0100000| Untracked 
|   2|0x00000000c0200000, 0x00000000c0300000, 0x00000000c0300000|100%| O|  |TAMS 0x00000000c0300000, 0x00000000c0200000| Untracked 
|   3|0x00000000c0300000, 0x00000000c0400000, 0x00000000c0400000|100%| O|  |TAMS 0x00000000c0400000, 0x00000000c0300000| Untracked 
|   4|0x00000000c0400000, 0x00000000c04fffc8, 0x00000000c0500000| 99%| O|  |TAMS 0x00000000c04fffc8, 0x00000000c0400000| Untracked 
|   5|0x00000000c0500000, 0x00000000c0600000, 0x00000000c0600000|100%| O|  |TAMS 0x00000000c0600000, 0x00000000c0500000| Untracked 
|   6|0x00000000c0600000, 0x00000000c0700000, 0x00000000c0700000|100%| O|  |TAMS 0x00000000c0700000, 0x00000000c0600000| Untracked 
|   7|0x00000000c0700000, 0x00000000c07ffff0, 0x00000000c0800000| 99%| O|  |TAMS 0x00000000c07ffff0, 0x00000000c0700000| Untracked 
|   8|0x00000000c0800000, 0x00000000c08fffe0, 0x00000000c0900000| 99%| O|  |TAMS 0x00000000c08fffe0, 0x00000000c0800000| Untracked 
|   9|0x00000000c0900000, 0x00000000c09fffe0, 0x00000000c0a00000| 99%| O|  |TAMS 0x00000000c09fffe0, 0x00000000c0900000| Untracked 
|  10|0x00000000c0a00000, 0x00000000c0affcd0, 0x00000000c0b00000| 99%| O|  |TAMS 0x00000000c0affcd0, 0x00000000c0a00000| Untracked 
|  11|0x00000000c0b00000, 0x00000000c0bffea8, 0x00000000c0c00000| 99%| O|  |TAMS 0x00000000c0bffea8, 0x00000000c0b00000| Untracked 
|  12|0x00000000c0c00000, 0x00000000c0cfffd0, 0x00000000c0d00000| 99%| O|  |TAMS 0x00000000c0cfffd0, 0x00000000c0c00000| Untracked 
|  13|0x00000000c0d00000, 0x00000000c0dffff0, 0x00000000c0e00000| 99%| O|  |TAMS 0x00000000c0dffff0, 0x00000000c0d00000| Untracked 
|  14|0x00000000c0e00000, 0x00000000c0eff348, 0x00000000c0f00000| 99%| O|  |TAMS 0x00000000c0eff348, 0x00000000c0e00000| Untracked 
|  15|0x00000000c0f00000, 0x00000000c0ffffe8, 0x00000000c1000000| 99%| O|  |TAMS 0x00000000c0ffffe8, 0x00000000c0f00000| Untracked 
|  16|0x00000000c1000000, 0x00000000c1100000, 0x00000000c1100000|100%| O|  |TAMS 0x00000000c1100000, 0x00000000c1000000| Untracked 
|  17|0x00000000c1100000, 0x00000000c11ffff0, 0x00000000c1200000| 99%| O|  |TAMS 0x00000000c11ffff0, 0x00000000c1100000| Untracked 
|  18|0x00000000c1200000, 0x00000000c12fffe0, 0x00000000c1300000| 99%| O|  |TAMS 0x00000000c12fffe0, 0x00000000c1200000| Untracked 
|  19|0x00000000c1300000, 0x00000000c13ffff8, 0x00000000c1400000| 99%| O|  |TAMS 0x00000000c13ffff8, 0x00000000c1300000| Untracked 
|  20|0x00000000c1400000, 0x00000000c14fff90, 0x00000000c1500000| 99%| O|  |TAMS 0x00000000c14fff90, 0x00000000c1400000| Untracked 
|  21|0x00000000c1500000, 0x00000000c15ffff8, 0x00000000c1600000| 99%| O|  |TAMS 0x00000000c15ffff8, 0x00000000c1500000| Untracked 
|  22|0x00000000c1600000, 0x00000000c16fffe8, 0x00000000c1700000| 99%| O|  |TAMS 0x00000000c16fffe8, 0x00000000c1600000| Untracked 
|  23|0x00000000c1700000, 0x00000000c1800000, 0x00000000c1800000|100%| O|  |TAMS 0x00000000c1800000, 0x00000000c1700000| Untracked 
|  24|0x00000000c1800000, 0x00000000c18ffff8, 0x00000000c1900000| 99%| O|  |TAMS 0x00000000c18ffff8, 0x00000000c1800000| Untracked 
|  25|0x00000000c1900000, 0x00000000c19f6d08, 0x00000000c1a00000| 96%| O|  |TAMS 0x00000000c19f6d08, 0x00000000c1900000| Untracked 
|  26|0x00000000c1a00000, 0x00000000c1afffc8, 0x00000000c1b00000| 99%| O|  |TAMS 0x00000000c1afffc8, 0x00000000c1a00000| Untracked 
|  27|0x00000000c1b00000, 0x00000000c1c00000, 0x00000000c1c00000|100%| O|  |TAMS 0x00000000c1c00000, 0x00000000c1b00000| Untracked 
|  28|0x00000000c1c00000, 0x00000000c1cffff8, 0x00000000c1d00000| 99%| O|  |TAMS 0x00000000c1cffff8, 0x00000000c1c00000| Untracked 
|  29|0x00000000c1d00000, 0x00000000c1df7a68, 0x00000000c1e00000| 96%| O|  |TAMS 0x00000000c1df7a68, 0x00000000c1d00000| Untracked 
|  30|0x00000000c1e00000, 0x00000000c1effff0, 0x00000000c1f00000| 99%| O|  |TAMS 0x00000000c1effff0, 0x00000000c1e00000| Untracked 
|  31|0x00000000c1f00000, 0x00000000c1ffffb0, 0x00000000c2000000| 99%| O|  |TAMS 0x00000000c1ffffb0, 0x00000000c1f00000| Untracked 
|  32|0x00000000c2000000, 0x00000000c2100000, 0x00000000c2100000|100%| O|  |TAMS 0x00000000c2100000, 0x00000000c2000000| Untracked 
|  33|0x00000000c2100000, 0x00000000c21fffd0, 0x00000000c2200000| 99%| O|  |TAMS 0x00000000c21fffd0, 0x00000000c2100000| Untracked 
|  34|0x00000000c2200000, 0x00000000c22fffd8, 0x00000000c2300000| 99%| O|  |TAMS 0x00000000c22fffd8, 0x00000000c2200000| Untracked 
|  35|0x00000000c2300000, 0x00000000c23ffff8, 0x00000000c2400000| 99%| O|  |TAMS 0x00000000c23ffff8, 0x00000000c2300000| Untracked 
|  36|0x00000000c2400000, 0x00000000c24fffe8, 0x00000000c2500000| 99%| O|  |TAMS 0x00000000c24fffe8, 0x00000000c2400000| Untracked 
|  37|0x00000000c2500000, 0x00000000c25ffff0, 0x00000000c2600000| 99%| O|  |TAMS 0x00000000c25ffff0, 0x00000000c2500000| Untracked 
|  38|0x00000000c2600000, 0x00000000c26ffff0, 0x00000000c2700000| 99%| O|  |TAMS 0x00000000c26ffff0, 0x00000000c2600000| Untracked 
|  39|0x00000000c2700000, 0x00000000c27f7b68, 0x00000000c2800000| 96%| O|  |TAMS 0x00000000c27f7b68, 0x00000000c2700000| Untracked 
|  40|0x00000000c2800000, 0x00000000c28fffe0, 0x00000000c2900000| 99%| O|  |TAMS 0x00000000c28fffe0, 0x00000000c2800000| Untracked 
|  41|0x00000000c2900000, 0x00000000c29fffb0, 0x00000000c2a00000| 99%| O|  |TAMS 0x00000000c29fffb0, 0x00000000c2900000| Untracked 
|  42|0x00000000c2a00000, 0x00000000c2affff8, 0x00000000c2b00000| 99%| O|  |TAMS 0x00000000c2affff8, 0x00000000c2a00000| Untracked 
|  43|0x00000000c2b00000, 0x00000000c2c00000, 0x00000000c2c00000|100%| O|  |TAMS 0x00000000c2c00000, 0x00000000c2b00000| Untracked 
|  44|0x00000000c2c00000, 0x00000000c2d00000, 0x00000000c2d00000|100%| O|  |TAMS 0x00000000c2d00000, 0x00000000c2c00000| Untracked 
|  45|0x00000000c2d00000, 0x00000000c2dfffe8, 0x00000000c2e00000| 99%| O|  |TAMS 0x00000000c2dfffe8, 0x00000000c2d00000| Untracked 
|  46|0x00000000c2e00000, 0x00000000c2efffd8, 0x00000000c2f00000| 99%| O|  |TAMS 0x00000000c2efffd8, 0x00000000c2e00000| Untracked 
|  47|0x00000000c2f00000, 0x00000000c2ffffd8, 0x00000000c3000000| 99%| O|  |TAMS 0x00000000c2ffffd8, 0x00000000c2f00000| Untracked 
|  48|0x00000000c3000000, 0x00000000c30fffc0, 0x00000000c3100000| 99%| O|  |TAMS 0x00000000c30fffc0, 0x00000000c3000000| Untracked 
|  49|0x00000000c3100000, 0x00000000c31ffff0, 0x00000000c3200000| 99%| O|  |TAMS 0x00000000c31ffff0, 0x00000000c3100000| Untracked 
|  50|0x00000000c3200000, 0x00000000c32f5c48, 0x00000000c3300000| 96%| O|  |TAMS 0x00000000c32f5c48, 0x00000000c3200000| Untracked 
|  51|0x00000000c3300000, 0x00000000c33fffe8, 0x00000000c3400000| 99%| O|  |TAMS 0x00000000c33fffe8, 0x00000000c3300000| Untracked 
|  52|0x00000000c3400000, 0x00000000c34fe590, 0x00000000c3500000| 99%| O|  |TAMS 0x00000000c34fe590, 0x00000000c3400000| Untracked 
|  53|0x00000000c3500000, 0x00000000c35fffe8, 0x00000000c3600000| 99%| O|  |TAMS 0x00000000c35fffe8, 0x00000000c3500000| Untracked 
|  54|0x00000000c3600000, 0x00000000c36fffd0, 0x00000000c3700000| 99%| O|  |TAMS 0x00000000c36fffd0, 0x00000000c3600000| Untracked 
|  55|0x00000000c3700000, 0x00000000c3800000, 0x00000000c3800000|100%| O|  |TAMS 0x00000000c3800000, 0x00000000c3700000| Untracked 
|  56|0x00000000c3800000, 0x00000000c38ffff8, 0x00000000c3900000| 99%| O|  |TAMS 0x00000000c38ffff8, 0x00000000c3800000| Untracked 
|  57|0x00000000c3900000, 0x00000000c3a00000, 0x00000000c3a00000|100%|HS|  |TAMS 0x00000000c3a00000, 0x00000000c3900000| Untracked 
|  58|0x00000000c3a00000, 0x00000000c3b00000, 0x00000000c3b00000|100%|HC|  |TAMS 0x00000000c3b00000, 0x00000000c3a00000| Untracked 
|  59|0x00000000c3b00000, 0x00000000c3c00000, 0x00000000c3c00000|100%|HC|  |TAMS 0x00000000c3c00000, 0x00000000c3b00000| Untracked 
|  60|0x00000000c3c00000, 0x00000000c3d00000, 0x00000000c3d00000|100%| O|  |TAMS 0x00000000c3d00000, 0x00000000c3c00000| Untracked 
|  61|0x00000000c3d00000, 0x00000000c3e00000, 0x00000000c3e00000|100%| O|  |TAMS 0x00000000c3e00000, 0x00000000c3d00000| Untracked 
|  62|0x00000000c3e00000, 0x00000000c3f00000, 0x00000000c3f00000|100%| O|  |TAMS 0x00000000c3f00000, 0x00000000c3e00000| Untracked 
|  63|0x00000000c3f00000, 0x00000000c3fffff0, 0x00000000c4000000| 99%| O|  |TAMS 0x00000000c3fffff0, 0x00000000c3f00000| Untracked 
|  64|0x00000000c4000000, 0x00000000c40ffff8, 0x00000000c4100000| 99%| O|  |TAMS 0x00000000c40ffff8, 0x00000000c4000000| Untracked 
|  65|0x00000000c4100000, 0x00000000c41fffe0, 0x00000000c4200000| 99%| O|  |TAMS 0x00000000c41fffe0, 0x00000000c4100000| Untracked 
|  66|0x00000000c4200000, 0x00000000c42ffff0, 0x00000000c4300000| 99%| O|  |TAMS 0x00000000c42ffff0, 0x00000000c4200000| Untracked 
|  67|0x00000000c4300000, 0x00000000c43fffe8, 0x00000000c4400000| 99%| O|  |TAMS 0x00000000c43fffe8, 0x00000000c4300000| Untracked 
|  68|0x00000000c4400000, 0x00000000c44ffff0, 0x00000000c4500000| 99%| O|  |TAMS 0x00000000c44ffff0, 0x00000000c4400000| Untracked 
|  69|0x00000000c4500000, 0x00000000c45ffff8, 0x00000000c4600000| 99%| O|  |TAMS 0x00000000c45ffff8, 0x00000000c4500000| Untracked 
|  70|0x00000000c4600000, 0x00000000c46ffff8, 0x00000000c4700000| 99%| O|  |TAMS 0x00000000c46ffff8, 0x00000000c4600000| Untracked 
|  71|0x00000000c4700000, 0x00000000c47fffc8, 0x00000000c4800000| 99%| O|  |TAMS 0x00000000c47fffc8, 0x00000000c4700000| Untracked 
|  72|0x00000000c4800000, 0x00000000c48aeb78, 0x00000000c4900000| 68%| O|  |TAMS 0x00000000c4800000, 0x00000000c4800000| Untracked 
|  73|0x00000000c4900000, 0x00000000c49ffff8, 0x00000000c4a00000| 99%| O|  |TAMS 0x00000000c49ffff8, 0x00000000c4900000| Untracked 
|  74|0x00000000c4a00000, 0x00000000c4a4b880, 0x00000000c4b00000| 29%| O|  |TAMS 0x00000000c4a00000, 0x00000000c4a00000| Untracked 
|  75|0x00000000c4b00000, 0x00000000c4b00088, 0x00000000c4c00000|  0%| O|  |TAMS 0x00000000c4b00000, 0x00000000c4b00000| Untracked 
|  76|0x00000000c4c00000, 0x00000000c4c00000, 0x00000000c4d00000|  0%| F|  |TAMS 0x00000000c4c00000, 0x00000000c4c00000| Untracked 
|  77|0x00000000c4d00000, 0x00000000c4e00000, 0x00000000c4e00000|100%| O|  |TAMS 0x00000000c4e00000, 0x00000000c4d00000| Untracked 
|  78|0x00000000c4e00000, 0x00000000c4efffc8, 0x00000000c4f00000| 99%| O|  |TAMS 0x00000000c4efffc8, 0x00000000c4e00000| Untracked 
|  79|0x00000000c4f00000, 0x00000000c4fffff8, 0x00000000c5000000| 99%| O|  |TAMS 0x00000000c4fffff8, 0x00000000c4f00000| Untracked 
|  80|0x00000000c5000000, 0x00000000c5000000, 0x00000000c5100000|  0%| F|  |TAMS 0x00000000c5000000, 0x00000000c5000000| Untracked 
|  81|0x00000000c5100000, 0x00000000c5100000, 0x00000000c5200000|  0%| F|  |TAMS 0x00000000c5100000, 0x00000000c5100000| Untracked 
|  82|0x00000000c5200000, 0x00000000c5200000, 0x00000000c5300000|  0%| F|  |TAMS 0x00000000c5200000, 0x00000000c5200000| Untracked 
|  83|0x00000000c5300000, 0x00000000c5300000, 0x00000000c5400000|  0%| F|  |TAMS 0x00000000c5300000, 0x00000000c5300000| Untracked 
|  84|0x00000000c5400000, 0x00000000c5400000, 0x00000000c5500000|  0%| F|  |TAMS 0x00000000c5400000, 0x00000000c5400000| Untracked 
|  85|0x00000000c5500000, 0x00000000c5500000, 0x00000000c5600000|  0%| F|  |TAMS 0x00000000c5500000, 0x00000000c5500000| Untracked 
|  86|0x00000000c5600000, 0x00000000c5600000, 0x00000000c5700000|  0%| F|  |TAMS 0x00000000c5600000, 0x00000000c5600000| Untracked 
|  87|0x00000000c5700000, 0x00000000c5700000, 0x00000000c5800000|  0%| F|  |TAMS 0x00000000c5700000, 0x00000000c5700000| Untracked 
|  88|0x00000000c5800000, 0x00000000c5800000, 0x00000000c5900000|  0%| F|  |TAMS 0x00000000c5800000, 0x00000000c5800000| Untracked 
|  89|0x00000000c5900000, 0x00000000c5900000, 0x00000000c5a00000|  0%| F|  |TAMS 0x00000000c5900000, 0x00000000c5900000| Untracked 
|  90|0x00000000c5a00000, 0x00000000c5a00000, 0x00000000c5b00000|  0%| F|  |TAMS 0x00000000c5a00000, 0x00000000c5a00000| Untracked 
|  91|0x00000000c5b00000, 0x00000000c5b00000, 0x00000000c5c00000|  0%| F|  |TAMS 0x00000000c5b00000, 0x00000000c5b00000| Untracked 
|  92|0x00000000c5c00000, 0x00000000c5c00000, 0x00000000c5d00000|  0%| F|  |TAMS 0x00000000c5c00000, 0x00000000c5c00000| Untracked 
|  93|0x00000000c5d00000, 0x00000000c5d00000, 0x00000000c5e00000|  0%| F|  |TAMS 0x00000000c5d00000, 0x00000000c5d00000| Untracked 
|  94|0x00000000c5e00000, 0x00000000c5e00000, 0x00000000c5f00000|  0%| F|  |TAMS 0x00000000c5e00000, 0x00000000c5e00000| Untracked 
|  95|0x00000000c5f00000, 0x00000000c5f00000, 0x00000000c6000000|  0%| F|  |TAMS 0x00000000c5f00000, 0x00000000c5f00000| Untracked 
|  96|0x00000000c6000000, 0x00000000c6000000, 0x00000000c6100000|  0%| F|  |TAMS 0x00000000c6000000, 0x00000000c6000000| Untracked 
|  97|0x00000000c6100000, 0x00000000c6100000, 0x00000000c6200000|  0%| F|  |TAMS 0x00000000c6100000, 0x00000000c6100000| Untracked 
|  98|0x00000000c6200000, 0x00000000c6200000, 0x00000000c6300000|  0%| F|  |TAMS 0x00000000c6200000, 0x00000000c6200000| Untracked 
|  99|0x00000000c6300000, 0x00000000c6300000, 0x00000000c6400000|  0%| F|  |TAMS 0x00000000c6300000, 0x00000000c6300000| Untracked 
| 100|0x00000000c6400000, 0x00000000c6400000, 0x00000000c6500000|  0%| F|  |TAMS 0x00000000c6400000, 0x00000000c6400000| Untracked 
| 101|0x00000000c6500000, 0x00000000c6500000, 0x00000000c6600000|  0%| F|  |TAMS 0x00000000c6500000, 0x00000000c6500000| Untracked 
| 102|0x00000000c6600000, 0x00000000c6600000, 0x00000000c6700000|  0%| F|  |TAMS 0x00000000c6600000, 0x00000000c6600000| Untracked 
| 103|0x00000000c6700000, 0x00000000c6700000, 0x00000000c6800000|  0%| F|  |TAMS 0x00000000c6700000, 0x00000000c6700000| Untracked 
| 104|0x00000000c6800000, 0x00000000c6800000, 0x00000000c6900000|  0%| F|  |TAMS 0x00000000c6800000, 0x00000000c6800000| Untracked 
| 105|0x00000000c6900000, 0x00000000c6900000, 0x00000000c6a00000|  0%| F|  |TAMS 0x00000000c6900000, 0x00000000c6900000| Untracked 
| 106|0x00000000c6a00000, 0x00000000c6a00000, 0x00000000c6b00000|  0%| F|  |TAMS 0x00000000c6a00000, 0x00000000c6a00000| Untracked 
| 107|0x00000000c6b00000, 0x00000000c6b00000, 0x00000000c6c00000|  0%| F|  |TAMS 0x00000000c6b00000, 0x00000000c6b00000| Untracked 
| 108|0x00000000c6c00000, 0x00000000c6c00000, 0x00000000c6d00000|  0%| F|  |TAMS 0x00000000c6c00000, 0x00000000c6c00000| Untracked 
| 109|0x00000000c6d00000, 0x00000000c6d00000, 0x00000000c6e00000|  0%| F|  |TAMS 0x00000000c6d00000, 0x00000000c6d00000| Untracked 
| 110|0x00000000c6e00000, 0x00000000c6e00000, 0x00000000c6f00000|  0%| F|  |TAMS 0x00000000c6e00000, 0x00000000c6e00000| Untracked 
| 111|0x00000000c6f00000, 0x00000000c6f00000, 0x00000000c7000000|  0%| F|  |TAMS 0x00000000c6f00000, 0x00000000c6f00000| Untracked 
| 112|0x00000000c7000000, 0x00000000c7000000, 0x00000000c7100000|  0%| F|  |TAMS 0x00000000c7000000, 0x00000000c7000000| Untracked 
| 113|0x00000000c7100000, 0x00000000c7200000, 0x00000000c7200000|100%| O|  |TAMS 0x00000000c7200000, 0x00000000c7100000| Untracked 
| 114|0x00000000c7200000, 0x00000000c7300000, 0x00000000c7300000|100%| O|  |TAMS 0x00000000c7300000, 0x00000000c7200000| Untracked 
| 115|0x00000000c7300000, 0x00000000c7400000, 0x00000000c7400000|100%| O|  |TAMS 0x00000000c7400000, 0x00000000c7300000| Untracked 
| 116|0x00000000c7400000, 0x00000000c7500000, 0x00000000c7500000|100%| O|  |TAMS 0x00000000c7500000, 0x00000000c7400000| Untracked 
| 117|0x00000000c7500000, 0x00000000c7500000, 0x00000000c7600000|  0%| F|  |TAMS 0x00000000c7500000, 0x00000000c7500000| Untracked 
| 118|0x00000000c7600000, 0x00000000c7600000, 0x00000000c7700000|  0%| F|  |TAMS 0x00000000c7600000, 0x00000000c7600000| Untracked 
| 119|0x00000000c7700000, 0x00000000c7700000, 0x00000000c7800000|  0%| F|  |TAMS 0x00000000c7700000, 0x00000000c7700000| Untracked 
| 120|0x00000000c7800000, 0x00000000c7800000, 0x00000000c7900000|  0%| F|  |TAMS 0x00000000c7800000, 0x00000000c7800000| Untracked 
| 121|0x00000000c7900000, 0x00000000c7900000, 0x00000000c7a00000|  0%| F|  |TAMS 0x00000000c7900000, 0x00000000c7900000| Untracked 
| 122|0x00000000c7a00000, 0x00000000c7a00000, 0x00000000c7b00000|  0%| F|  |TAMS 0x00000000c7a00000, 0x00000000c7a00000| Untracked 
| 123|0x00000000c7b00000, 0x00000000c7b00000, 0x00000000c7c00000|  0%| F|  |TAMS 0x00000000c7b00000, 0x00000000c7b00000| Untracked 
| 124|0x00000000c7c00000, 0x00000000c7c00000, 0x00000000c7d00000|  0%| F|  |TAMS 0x00000000c7c00000, 0x00000000c7c00000| Untracked 
| 125|0x00000000c7d00000, 0x00000000c7d00000, 0x00000000c7e00000|  0%| F|  |TAMS 0x00000000c7d00000, 0x00000000c7d00000| Untracked 
| 126|0x00000000c7e00000, 0x00000000c7e00000, 0x00000000c7f00000|  0%| F|  |TAMS 0x00000000c7e00000, 0x00000000c7e00000| Untracked 
| 127|0x00000000c7f00000, 0x00000000c7f00000, 0x00000000c8000000|  0%| F|  |TAMS 0x00000000c7f00000, 0x00000000c7f00000| Untracked 
| 128|0x00000000c8000000, 0x00000000c8000000, 0x00000000c8100000|  0%| F|  |TAMS 0x00000000c8000000, 0x00000000c8000000| Untracked 
| 129|0x00000000c8100000, 0x00000000c8100000, 0x00000000c8200000|  0%| F|  |TAMS 0x00000000c8100000, 0x00000000c8100000| Untracked 
| 130|0x00000000c8200000, 0x00000000c8200000, 0x00000000c8300000|  0%| F|  |TAMS 0x00000000c8200000, 0x00000000c8200000| Untracked 
| 131|0x00000000c8300000, 0x00000000c8300000, 0x00000000c8400000|  0%| F|  |TAMS 0x00000000c8300000, 0x00000000c8300000| Untracked 
| 132|0x00000000c8400000, 0x00000000c8400000, 0x00000000c8500000|  0%| F|  |TAMS 0x00000000c8400000, 0x00000000c8400000| Untracked 
| 133|0x00000000c8500000, 0x00000000c8500000, 0x00000000c8600000|  0%| F|  |TAMS 0x00000000c8500000, 0x00000000c8500000| Untracked 
| 134|0x00000000c8600000, 0x00000000c8600000, 0x00000000c8700000|  0%| F|  |TAMS 0x00000000c8600000, 0x00000000c8600000| Untracked 
| 135|0x00000000c8700000, 0x00000000c8700000, 0x00000000c8800000|  0%| F|  |TAMS 0x00000000c8700000, 0x00000000c8700000| Untracked 
| 136|0x00000000c8800000, 0x00000000c8800000, 0x00000000c8900000|  0%| F|  |TAMS 0x00000000c8800000, 0x00000000c8800000| Untracked 
| 137|0x00000000c8900000, 0x00000000c89fffe0, 0x00000000c8a00000| 99%| O|  |TAMS 0x00000000c89fffe0, 0x00000000c8900000| Untracked 
| 138|0x00000000c8a00000, 0x00000000c8a00000, 0x00000000c8b00000|  0%| F|  |TAMS 0x00000000c8a00000, 0x00000000c8a00000| Untracked 
| 139|0x00000000c8b00000, 0x00000000c8b00000, 0x00000000c8c00000|  0%| F|  |TAMS 0x00000000c8b00000, 0x00000000c8b00000| Untracked 
| 140|0x00000000c8c00000, 0x00000000c8c00000, 0x00000000c8d00000|  0%| F|  |TAMS 0x00000000c8c00000, 0x00000000c8c00000| Untracked 
| 141|0x00000000c8d00000, 0x00000000c8d00000, 0x00000000c8e00000|  0%| F|  |TAMS 0x00000000c8d00000, 0x00000000c8d00000| Untracked 
| 142|0x00000000c8e00000, 0x00000000c8e00000, 0x00000000c8f00000|  0%| F|  |TAMS 0x00000000c8e00000, 0x00000000c8e00000| Untracked 
| 143|0x00000000c8f00000, 0x00000000c8f00000, 0x00000000c9000000|  0%| F|  |TAMS 0x00000000c8f00000, 0x00000000c8f00000| Untracked 
| 144|0x00000000c9000000, 0x00000000c9000000, 0x00000000c9100000|  0%| F|  |TAMS 0x00000000c9000000, 0x00000000c9000000| Untracked 
| 145|0x00000000c9100000, 0x00000000c9100000, 0x00000000c9200000|  0%| F|  |TAMS 0x00000000c9100000, 0x00000000c9100000| Untracked 
| 146|0x00000000c9200000, 0x00000000c9200000, 0x00000000c9300000|  0%| F|  |TAMS 0x00000000c9200000, 0x00000000c9200000| Untracked 
| 147|0x00000000c9300000, 0x00000000c9300000, 0x00000000c9400000|  0%| F|  |TAMS 0x00000000c9300000, 0x00000000c9300000| Untracked 
| 148|0x00000000c9400000, 0x00000000c9400000, 0x00000000c9500000|  0%| F|  |TAMS 0x00000000c9400000, 0x00000000c9400000| Untracked 
| 149|0x00000000c9500000, 0x00000000c9500000, 0x00000000c9600000|  0%| F|  |TAMS 0x00000000c9500000, 0x00000000c9500000| Untracked 
| 150|0x00000000c9600000, 0x00000000c9600000, 0x00000000c9700000|  0%| F|  |TAMS 0x00000000c9600000, 0x00000000c9600000| Untracked 
| 151|0x00000000c9700000, 0x00000000c9700000, 0x00000000c9800000|  0%| F|  |TAMS 0x00000000c9700000, 0x00000000c9700000| Untracked 
| 152|0x00000000c9800000, 0x00000000c9800000, 0x00000000c9900000|  0%| F|  |TAMS 0x00000000c9800000, 0x00000000c9800000| Untracked 
| 153|0x00000000c9900000, 0x00000000c9900000, 0x00000000c9a00000|  0%| F|  |TAMS 0x00000000c9900000, 0x00000000c9900000| Untracked 
| 154|0x00000000c9a00000, 0x00000000c9a00000, 0x00000000c9b00000|  0%| F|  |TAMS 0x00000000c9a00000, 0x00000000c9a00000| Untracked 
| 155|0x00000000c9b00000, 0x00000000c9b00000, 0x00000000c9c00000|  0%| F|  |TAMS 0x00000000c9b00000, 0x00000000c9b00000| Untracked 
| 156|0x00000000c9c00000, 0x00000000c9c00000, 0x00000000c9d00000|  0%| F|  |TAMS 0x00000000c9c00000, 0x00000000c9c00000| Untracked 
| 157|0x00000000c9d00000, 0x00000000c9d00000, 0x00000000c9e00000|  0%| F|  |TAMS 0x00000000c9d00000, 0x00000000c9d00000| Untracked 
| 158|0x00000000c9e00000, 0x00000000c9e00000, 0x00000000c9f00000|  0%| F|  |TAMS 0x00000000c9e00000, 0x00000000c9e00000| Untracked 
| 159|0x00000000c9f00000, 0x00000000c9f00000, 0x00000000ca000000|  0%| F|  |TAMS 0x00000000c9f00000, 0x00000000c9f00000| Untracked 
| 160|0x00000000ca000000, 0x00000000ca000000, 0x00000000ca100000|  0%| F|  |TAMS 0x00000000ca000000, 0x00000000ca000000| Untracked 
| 161|0x00000000ca100000, 0x00000000ca100000, 0x00000000ca200000|  0%| F|  |TAMS 0x00000000ca100000, 0x00000000ca100000| Untracked 
| 162|0x00000000ca200000, 0x00000000ca200000, 0x00000000ca300000|  0%| F|  |TAMS 0x00000000ca200000, 0x00000000ca200000| Untracked 
| 163|0x00000000ca300000, 0x00000000ca300000, 0x00000000ca400000|  0%| F|  |TAMS 0x00000000ca300000, 0x00000000ca300000| Untracked 
| 164|0x00000000ca400000, 0x00000000ca400000, 0x00000000ca500000|  0%| F|  |TAMS 0x00000000ca400000, 0x00000000ca400000| Untracked 
| 165|0x00000000ca500000, 0x00000000ca500000, 0x00000000ca600000|  0%| F|  |TAMS 0x00000000ca500000, 0x00000000ca500000| Untracked 
| 166|0x00000000ca600000, 0x00000000ca600000, 0x00000000ca700000|  0%| F|  |TAMS 0x00000000ca600000, 0x00000000ca600000| Untracked 
| 167|0x00000000ca700000, 0x00000000ca700000, 0x00000000ca800000|  0%| F|  |TAMS 0x00000000ca700000, 0x00000000ca700000| Untracked 
| 168|0x00000000ca800000, 0x00000000ca800000, 0x00000000ca900000|  0%| F|  |TAMS 0x00000000ca800000, 0x00000000ca800000| Untracked 
| 169|0x00000000ca900000, 0x00000000ca900000, 0x00000000caa00000|  0%| F|  |TAMS 0x00000000ca900000, 0x00000000ca900000| Untracked 
| 170|0x00000000caa00000, 0x00000000caa00000, 0x00000000cab00000|  0%| F|  |TAMS 0x00000000caa00000, 0x00000000caa00000| Untracked 
| 171|0x00000000cab00000, 0x00000000cab00000, 0x00000000cac00000|  0%| F|  |TAMS 0x00000000cab00000, 0x00000000cab00000| Untracked 
| 172|0x00000000cac00000, 0x00000000cac00000, 0x00000000cad00000|  0%| F|  |TAMS 0x00000000cac00000, 0x00000000cac00000| Untracked 
| 173|0x00000000cad00000, 0x00000000cad00000, 0x00000000cae00000|  0%| F|  |TAMS 0x00000000cad00000, 0x00000000cad00000| Untracked 
| 174|0x00000000cae00000, 0x00000000cae00000, 0x00000000caf00000|  0%| F|  |TAMS 0x00000000cae00000, 0x00000000cae00000| Untracked 
| 175|0x00000000caf00000, 0x00000000caf00000, 0x00000000cb000000|  0%| F|  |TAMS 0x00000000caf00000, 0x00000000caf00000| Untracked 
| 176|0x00000000cb000000, 0x00000000cb000000, 0x00000000cb100000|  0%| F|  |TAMS 0x00000000cb000000, 0x00000000cb000000| Untracked 
| 177|0x00000000cb100000, 0x00000000cb100000, 0x00000000cb200000|  0%| F|  |TAMS 0x00000000cb100000, 0x00000000cb100000| Untracked 
| 178|0x00000000cb200000, 0x00000000cb200000, 0x00000000cb300000|  0%| F|  |TAMS 0x00000000cb200000, 0x00000000cb200000| Untracked 
| 179|0x00000000cb300000, 0x00000000cb400000, 0x00000000cb400000|100%| O|  |TAMS 0x00000000cb400000, 0x00000000cb300000| Untracked 
| 180|0x00000000cb400000, 0x00000000cb400000, 0x00000000cb500000|  0%| F|  |TAMS 0x00000000cb400000, 0x00000000cb400000| Untracked 
| 181|0x00000000cb500000, 0x00000000cb500000, 0x00000000cb600000|  0%| F|  |TAMS 0x00000000cb500000, 0x00000000cb500000| Untracked 
| 182|0x00000000cb600000, 0x00000000cb600000, 0x00000000cb700000|  0%| F|  |TAMS 0x00000000cb600000, 0x00000000cb600000| Untracked 
| 183|0x00000000cb700000, 0x00000000cb700000, 0x00000000cb800000|  0%| F|  |TAMS 0x00000000cb700000, 0x00000000cb700000| Untracked 
| 184|0x00000000cb800000, 0x00000000cb800000, 0x00000000cb900000|  0%| F|  |TAMS 0x00000000cb800000, 0x00000000cb800000| Untracked 
| 185|0x00000000cb900000, 0x00000000cb900000, 0x00000000cba00000|  0%| F|  |TAMS 0x00000000cb900000, 0x00000000cb900000| Untracked 
| 186|0x00000000cba00000, 0x00000000cba00000, 0x00000000cbb00000|  0%| F|  |TAMS 0x00000000cba00000, 0x00000000cba00000| Untracked 
| 187|0x00000000cbb00000, 0x00000000cbb00000, 0x00000000cbc00000|  0%| F|  |TAMS 0x00000000cbb00000, 0x00000000cbb00000| Untracked 
| 188|0x00000000cbc00000, 0x00000000cbc00000, 0x00000000cbd00000|  0%| F|  |TAMS 0x00000000cbc00000, 0x00000000cbc00000| Untracked 
| 189|0x00000000cbd00000, 0x00000000cbd00000, 0x00000000cbe00000|  0%| F|  |TAMS 0x00000000cbd00000, 0x00000000cbd00000| Untracked 
| 190|0x00000000cbe00000, 0x00000000cbe00000, 0x00000000cbf00000|  0%| F|  |TAMS 0x00000000cbe00000, 0x00000000cbe00000| Untracked 
| 191|0x00000000cbf00000, 0x00000000cbf00000, 0x00000000cc000000|  0%| F|  |TAMS 0x00000000cbf00000, 0x00000000cbf00000| Untracked 
| 192|0x00000000cc000000, 0x00000000cc000000, 0x00000000cc100000|  0%| F|  |TAMS 0x00000000cc000000, 0x00000000cc000000| Untracked 
| 193|0x00000000cc100000, 0x00000000cc100000, 0x00000000cc200000|  0%| F|  |TAMS 0x00000000cc100000, 0x00000000cc100000| Untracked 
| 194|0x00000000cc200000, 0x00000000cc200000, 0x00000000cc300000|  0%| F|  |TAMS 0x00000000cc200000, 0x00000000cc200000| Untracked 
| 195|0x00000000cc300000, 0x00000000cc300000, 0x00000000cc400000|  0%| F|  |TAMS 0x00000000cc300000, 0x00000000cc300000| Untracked 
| 196|0x00000000cc400000, 0x00000000cc400000, 0x00000000cc500000|  0%| F|  |TAMS 0x00000000cc400000, 0x00000000cc400000| Untracked 
| 197|0x00000000cc500000, 0x00000000cc500000, 0x00000000cc600000|  0%| F|  |TAMS 0x00000000cc500000, 0x00000000cc500000| Untracked 
| 198|0x00000000cc600000, 0x00000000cc600000, 0x00000000cc700000|  0%| F|  |TAMS 0x00000000cc600000, 0x00000000cc600000| Untracked 
| 199|0x00000000cc700000, 0x00000000cc700000, 0x00000000cc800000|  0%| F|  |TAMS 0x00000000cc700000, 0x00000000cc700000| Untracked 
| 200|0x00000000cc800000, 0x00000000cc800000, 0x00000000cc900000|  0%| F|  |TAMS 0x00000000cc800000, 0x00000000cc800000| Untracked 
| 201|0x00000000cc900000, 0x00000000cc900000, 0x00000000cca00000|  0%| F|  |TAMS 0x00000000cc900000, 0x00000000cc900000| Untracked 
| 202|0x00000000cca00000, 0x00000000cca00000, 0x00000000ccb00000|  0%| F|  |TAMS 0x00000000cca00000, 0x00000000cca00000| Untracked 
| 203|0x00000000ccb00000, 0x00000000ccb00000, 0x00000000ccc00000|  0%| F|  |TAMS 0x00000000ccb00000, 0x00000000ccb00000| Untracked 
| 204|0x00000000ccc00000, 0x00000000ccc00000, 0x00000000ccd00000|  0%| F|  |TAMS 0x00000000ccc00000, 0x00000000ccc00000| Untracked 
| 205|0x00000000ccd00000, 0x00000000ccd00000, 0x00000000cce00000|  0%| F|  |TAMS 0x00000000ccd00000, 0x00000000ccd00000| Untracked 
| 206|0x00000000cce00000, 0x00000000cce00000, 0x00000000ccf00000|  0%| F|  |TAMS 0x00000000cce00000, 0x00000000cce00000| Untracked 
| 207|0x00000000ccf00000, 0x00000000ccf00000, 0x00000000cd000000|  0%| F|  |TAMS 0x00000000ccf00000, 0x00000000ccf00000| Untracked 
| 208|0x00000000cd000000, 0x00000000cd000000, 0x00000000cd100000|  0%| F|  |TAMS 0x00000000cd000000, 0x00000000cd000000| Untracked 
| 209|0x00000000cd100000, 0x00000000cd100000, 0x00000000cd200000|  0%| F|  |TAMS 0x00000000cd100000, 0x00000000cd100000| Untracked 
| 210|0x00000000cd200000, 0x00000000cd200000, 0x00000000cd300000|  0%| F|  |TAMS 0x00000000cd200000, 0x00000000cd200000| Untracked 
| 211|0x00000000cd300000, 0x00000000cd300000, 0x00000000cd400000|  0%| F|  |TAMS 0x00000000cd300000, 0x00000000cd300000| Untracked 
| 212|0x00000000cd400000, 0x00000000cd400000, 0x00000000cd500000|  0%| F|  |TAMS 0x00000000cd400000, 0x00000000cd400000| Untracked 
| 213|0x00000000cd500000, 0x00000000cd500000, 0x00000000cd600000|  0%| F|  |TAMS 0x00000000cd500000, 0x00000000cd500000| Untracked 
| 214|0x00000000cd600000, 0x00000000cd600000, 0x00000000cd700000|  0%| F|  |TAMS 0x00000000cd600000, 0x00000000cd600000| Untracked 
| 215|0x00000000cd700000, 0x00000000cd700000, 0x00000000cd800000|  0%| F|  |TAMS 0x00000000cd700000, 0x00000000cd700000| Untracked 
| 216|0x00000000cd800000, 0x00000000cd800000, 0x00000000cd900000|  0%| F|  |TAMS 0x00000000cd800000, 0x00000000cd800000| Untracked 
| 217|0x00000000cd900000, 0x00000000cd900000, 0x00000000cda00000|  0%| F|  |TAMS 0x00000000cd900000, 0x00000000cd900000| Untracked 
| 218|0x00000000cda00000, 0x00000000cda00000, 0x00000000cdb00000|  0%| F|  |TAMS 0x00000000cda00000, 0x00000000cda00000| Untracked 
| 219|0x00000000cdb00000, 0x00000000cdb00000, 0x00000000cdc00000|  0%| F|  |TAMS 0x00000000cdb00000, 0x00000000cdb00000| Untracked 
| 220|0x00000000cdc00000, 0x00000000cdc00000, 0x00000000cdd00000|  0%| F|  |TAMS 0x00000000cdc00000, 0x00000000cdc00000| Untracked 
| 221|0x00000000cdd00000, 0x00000000cdd00000, 0x00000000cde00000|  0%| F|  |TAMS 0x00000000cdd00000, 0x00000000cdd00000| Untracked 
| 222|0x00000000cde00000, 0x00000000cde00000, 0x00000000cdf00000|  0%| F|  |TAMS 0x00000000cde00000, 0x00000000cde00000| Untracked 
| 223|0x00000000cdf00000, 0x00000000cdf00000, 0x00000000ce000000|  0%| F|  |TAMS 0x00000000cdf00000, 0x00000000cdf00000| Untracked 
| 224|0x00000000ce000000, 0x00000000ce000000, 0x00000000ce100000|  0%| F|  |TAMS 0x00000000ce000000, 0x00000000ce000000| Untracked 
| 225|0x00000000ce100000, 0x00000000ce100000, 0x00000000ce200000|  0%| F|  |TAMS 0x00000000ce100000, 0x00000000ce100000| Untracked 
| 226|0x00000000ce200000, 0x00000000ce200000, 0x00000000ce300000|  0%| F|  |TAMS 0x00000000ce200000, 0x00000000ce200000| Untracked 
| 227|0x00000000ce300000, 0x00000000ce300000, 0x00000000ce400000|  0%| F|  |TAMS 0x00000000ce300000, 0x00000000ce300000| Untracked 
| 228|0x00000000ce400000, 0x00000000ce400000, 0x00000000ce500000|  0%| F|  |TAMS 0x00000000ce400000, 0x00000000ce400000| Untracked 
| 229|0x00000000ce500000, 0x00000000ce500000, 0x00000000ce600000|  0%| F|  |TAMS 0x00000000ce500000, 0x00000000ce500000| Untracked 
| 230|0x00000000ce600000, 0x00000000ce600000, 0x00000000ce700000|  0%| F|  |TAMS 0x00000000ce600000, 0x00000000ce600000| Untracked 
| 231|0x00000000ce700000, 0x00000000ce700000, 0x00000000ce800000|  0%| F|  |TAMS 0x00000000ce700000, 0x00000000ce700000| Untracked 
| 232|0x00000000ce800000, 0x00000000ce800000, 0x00000000ce900000|  0%| F|  |TAMS 0x00000000ce800000, 0x00000000ce800000| Untracked 
| 233|0x00000000ce900000, 0x00000000ce900000, 0x00000000cea00000|  0%| F|  |TAMS 0x00000000ce900000, 0x00000000ce900000| Untracked 
| 234|0x00000000cea00000, 0x00000000cea00000, 0x00000000ceb00000|  0%| F|  |TAMS 0x00000000cea00000, 0x00000000cea00000| Untracked 
| 235|0x00000000ceb00000, 0x00000000ceb00000, 0x00000000cec00000|  0%| F|  |TAMS 0x00000000ceb00000, 0x00000000ceb00000| Untracked 
| 236|0x00000000cec00000, 0x00000000cec00000, 0x00000000ced00000|  0%| F|  |TAMS 0x00000000cec00000, 0x00000000cec00000| Untracked 
| 237|0x00000000ced00000, 0x00000000ced00000, 0x00000000cee00000|  0%| F|  |TAMS 0x00000000ced00000, 0x00000000ced00000| Untracked 
| 238|0x00000000cee00000, 0x00000000cee00000, 0x00000000cef00000|  0%| F|  |TAMS 0x00000000cee00000, 0x00000000cee00000| Untracked 
| 239|0x00000000cef00000, 0x00000000cef00000, 0x00000000cf000000|  0%| F|  |TAMS 0x00000000cef00000, 0x00000000cef00000| Untracked 
| 240|0x00000000cf000000, 0x00000000cf000000, 0x00000000cf100000|  0%| F|  |TAMS 0x00000000cf000000, 0x00000000cf000000| Untracked 
| 241|0x00000000cf100000, 0x00000000cf100000, 0x00000000cf200000|  0%| F|  |TAMS 0x00000000cf100000, 0x00000000cf100000| Untracked 
| 242|0x00000000cf200000, 0x00000000cf200000, 0x00000000cf300000|  0%| F|  |TAMS 0x00000000cf200000, 0x00000000cf200000| Untracked 
| 243|0x00000000cf300000, 0x00000000cf300000, 0x00000000cf400000|  0%| F|  |TAMS 0x00000000cf300000, 0x00000000cf300000| Untracked 
| 244|0x00000000cf400000, 0x00000000cf400000, 0x00000000cf500000|  0%| F|  |TAMS 0x00000000cf400000, 0x00000000cf400000| Untracked 
| 245|0x00000000cf500000, 0x00000000cf500000, 0x00000000cf600000|  0%| F|  |TAMS 0x00000000cf500000, 0x00000000cf500000| Untracked 
| 246|0x00000000cf600000, 0x00000000cf600000, 0x00000000cf700000|  0%| F|  |TAMS 0x00000000cf600000, 0x00000000cf600000| Untracked 
| 247|0x00000000cf700000, 0x00000000cf700000, 0x00000000cf800000|  0%| F|  |TAMS 0x00000000cf700000, 0x00000000cf700000| Untracked 
| 248|0x00000000cf800000, 0x00000000cf800000, 0x00000000cf900000|  0%| F|  |TAMS 0x00000000cf800000, 0x00000000cf800000| Untracked 
| 249|0x00000000cf900000, 0x00000000cf900000, 0x00000000cfa00000|  0%| F|  |TAMS 0x00000000cf900000, 0x00000000cf900000| Untracked 
| 250|0x00000000cfa00000, 0x00000000cfa00000, 0x00000000cfb00000|  0%| F|  |TAMS 0x00000000cfa00000, 0x00000000cfa00000| Untracked 
| 251|0x00000000cfb00000, 0x00000000cfb00000, 0x00000000cfc00000|  0%| F|  |TAMS 0x00000000cfb00000, 0x00000000cfb00000| Untracked 
| 252|0x00000000cfc00000, 0x00000000cfc00000, 0x00000000cfd00000|  0%| F|  |TAMS 0x00000000cfc00000, 0x00000000cfc00000| Untracked 
| 253|0x00000000cfd00000, 0x00000000cfd00000, 0x00000000cfe00000|  0%| F|  |TAMS 0x00000000cfd00000, 0x00000000cfd00000| Untracked 
| 254|0x00000000cfe00000, 0x00000000cfe00000, 0x00000000cff00000|  0%| F|  |TAMS 0x00000000cfe00000, 0x00000000cfe00000| Untracked 
| 255|0x00000000cff00000, 0x00000000cff00000, 0x00000000d0000000|  0%| F|  |TAMS 0x00000000cff00000, 0x00000000cff00000| Untracked 
| 256|0x00000000d0000000, 0x00000000d0000000, 0x00000000d0100000|  0%| F|  |TAMS 0x00000000d0000000, 0x00000000d0000000| Untracked 
| 257|0x00000000d0100000, 0x00000000d0100000, 0x00000000d0200000|  0%| F|  |TAMS 0x00000000d0100000, 0x00000000d0100000| Untracked 
| 258|0x00000000d0200000, 0x00000000d0200000, 0x00000000d0300000|  0%| F|  |TAMS 0x00000000d0200000, 0x00000000d0200000| Untracked 
| 259|0x00000000d0300000, 0x00000000d0300000, 0x00000000d0400000|  0%| F|  |TAMS 0x00000000d0300000, 0x00000000d0300000| Untracked 
| 260|0x00000000d0400000, 0x00000000d0400000, 0x00000000d0500000|  0%| F|  |TAMS 0x00000000d0400000, 0x00000000d0400000| Untracked 
| 261|0x00000000d0500000, 0x00000000d0500000, 0x00000000d0600000|  0%| F|  |TAMS 0x00000000d0500000, 0x00000000d0500000| Untracked 
| 262|0x00000000d0600000, 0x00000000d0600000, 0x00000000d0700000|  0%| F|  |TAMS 0x00000000d0600000, 0x00000000d0600000| Untracked 
| 263|0x00000000d0700000, 0x00000000d0700000, 0x00000000d0800000|  0%| F|  |TAMS 0x00000000d0700000, 0x00000000d0700000| Untracked 
| 264|0x00000000d0800000, 0x00000000d0800000, 0x00000000d0900000|  0%| F|  |TAMS 0x00000000d0800000, 0x00000000d0800000| Untracked 
| 265|0x00000000d0900000, 0x00000000d0900000, 0x00000000d0a00000|  0%| F|  |TAMS 0x00000000d0900000, 0x00000000d0900000| Untracked 
| 266|0x00000000d0a00000, 0x00000000d0a00000, 0x00000000d0b00000|  0%| F|  |TAMS 0x00000000d0a00000, 0x00000000d0a00000| Untracked 
| 267|0x00000000d0b00000, 0x00000000d0b00000, 0x00000000d0c00000|  0%| F|  |TAMS 0x00000000d0b00000, 0x00000000d0b00000| Untracked 
| 268|0x00000000d0c00000, 0x00000000d0c00000, 0x00000000d0d00000|  0%| F|  |TAMS 0x00000000d0c00000, 0x00000000d0c00000| Untracked 
| 269|0x00000000d0d00000, 0x00000000d0d00000, 0x00000000d0e00000|  0%| F|  |TAMS 0x00000000d0d00000, 0x00000000d0d00000| Untracked 
| 270|0x00000000d0e00000, 0x00000000d0e060d0, 0x00000000d0f00000|  2%| E|  |TAMS 0x00000000d0e00000, 0x00000000d0e00000| Complete 

Card table byte_map: [0x000002e89cd50000,0x000002e89cf50000] _byte_map_base: 0x000002e89c750000

Marking Bits (Prev, Next): (CMBitMap*) 0x000002e896e01d20, (CMBitMap*) 0x000002e896e01ce0
 Prev Bits: [0x000002e89e150000, 0x000002e89f150000)
 Next Bits: [0x000002e89d150000, 0x000002e89e150000)

Polling page: 0x000002e896580000

Metaspace:

Usage:
  Non-class:     59.72 MB used.
      Class:      9.45 MB used.
       Both:     69.17 MB used.

Virtual space:
  Non-class space:       64.00 MB reserved,      60.00 MB ( 94%) committed,  8 nodes.
      Class space:        1.00 GB reserved,       9.69 MB ( <1%) committed,  1 nodes.
             Both:        1.06 GB reserved,      69.69 MB (  6%) committed. 

Chunk freelists:
   Non-Class:  51.00 KB
       Class:  2.24 MB
        Both:  2.29 MB

MaxMetaspaceSize: unlimited
CompressedClassSpaceSize: 1.00 GB
Initial GC threshold: 21.00 MB
Current GC threshold: 116.06 MB
CDS: off
MetaspaceReclaimPolicy: balanced
 - commit_granule_bytes: 65536.
 - commit_granule_words: 8192.
 - virtual_space_node_default_size: 1048576.
 - enlarge_chunks_in_place: 1.
 - new_chunks_are_fully_committed: 0.
 - uncommit_free_chunks: 1.
 - use_allocation_guard: 0.
 - handle_deallocations: 1.


Internal statistics:

num_allocs_failed_limit: 17.
num_arena_births: 818.
num_arena_deaths: 286.
num_vsnodes_births: 9.
num_vsnodes_deaths: 0.
num_space_committed: 1115.
num_space_uncommitted: 0.
num_chunks_returned_to_freelist: 371.
num_chunks_taken_from_freelist: 3230.
num_chunk_merges: 118.
num_chunk_splits: 2191.
num_chunks_enlarged: 1641.
num_purges: 20.
num_inconsistent_stats: 0.

CodeCache: size=49152Kb used=30743Kb max_used=32213Kb free=18408Kb
 bounds [0x000002e899a40000, 0x000002e89b9c0000, 0x000002e89ca40000]
 total_blobs=16552 nmethods=15859 adapters=617
 compilation: enabled
              stopped_count=0, restarted_count=0
 full_count=0

Compilation events (20 events):
Event: 4289.180 Thread 0x000002e8a283dd70 16036       1       org.springframework.ide.vscode.boot.java.handlers.BootJavaHoverProvider$$Lambda$1264/0x000000010098e1f0::<init> (38 bytes)
Event: 4289.180 Thread 0x000002e8a283dd70 nmethod 16036 0x000002e89b983890 code [0x000002e89b983a20, 0x000002e89b983cb8]
Event: 4289.180 Thread 0x000002e8a283dd70 16037       1       org.springframework.ide.vscode.boot.java.handlers.BootJavaHoverProvider$$Lambda$1264/0x000000010098e1f0::apply (32 bytes)
Event: 4289.180 Thread 0x000002e8a283dd70 nmethod 16037 0x000002e89b983490 code [0x000002e89b983620, 0x000002e89b983768]
Event: 4289.180 Thread 0x000002e8a283dd70 16038       1       org.springframework.ide.vscode.boot.java.handlers.BootJavaHoverProvider::lambda$provideHover$1 (36 bytes)
Event: 4289.181 Thread 0x000002e8a283dd70 nmethod 16038 0x000002e89b982d10 code [0x000002e89b982ee0, 0x000002e89b983248]
Event: 4364.452 Thread 0x000002e8a283dd70 16039       1       org.eclipse.jdt.internal.compiler.parser.ScannerHelper::isJavaIdentifierStart (28 bytes)
Event: 4364.452 Thread 0x000002e8a283dd70 nmethod 16039 0x000002e89b982910 code [0x000002e89b982ac0, 0x000002e89b982c28]
Event: 4366.605 Thread 0x000002e8a283dd70 16040       1       org.eclipse.jdt.internal.compiler.ClassFile::utf8At (156 bytes)
Event: 4366.605 Thread 0x000002e8a283dd70 nmethod 16040 0x000002e89b982190 code [0x000002e89b982340, 0x000002e89b982728]
Event: 4366.615 Thread 0x000002e8a283dd70 16041       1       org.eclipse.core.runtime.SubMonitor::<init> (57 bytes)
Event: 4366.615 Thread 0x000002e8a283dd70 nmethod 16041 0x000002e89b981e10 code [0x000002e89b981fa0, 0x000002e89b9820f8]
Event: 4366.893 Thread 0x000002e8a283dd70 16042       1       org.eclipse.jdt.internal.compiler.ast.Expression::checkNPEbyUnboxing (45 bytes)
Event: 4366.893 Thread 0x000002e8a283dd70 nmethod 16042 0x000002e89b981a10 code [0x000002e89b981bc0, 0x000002e89b981d38]
Event: 4366.894 Thread 0x000002e8a283dd70 16043       1       org.eclipse.jdt.internal.compiler.codegen.StackMapFrame::addStackItem (97 bytes)
Event: 4366.894 Thread 0x000002e8a283dd70 nmethod 16043 0x000002e89b981010 code [0x000002e89b981200, 0x000002e89b9817f8]
Event: 4366.902 Thread 0x000002e8a283dd70 16044       1       com.google.common.collect.CollectPreconditions::checkNonnegative (48 bytes)
Event: 4366.902 Thread 0x000002e8a283dd70 nmethod 16044 0x000002e89b980790 code [0x000002e89b980980, 0x000002e89b980d88]
Event: 4602.035 Thread 0x000002e8a283dd70 16047       1       java.lang.System::getProperty (26 bytes)
Event: 4602.036 Thread 0x000002e8a283dd70 nmethod 16047 0x000002e89b97f690 code [0x000002e89b97f8a0, 0x000002e89b97fc88]

GC Heap History (20 events):
Event: 4693.786 GC heap before
{Heap before GC invocations=304 (full 183):
 garbage-first heap   total 277504K, used 84812K [0x00000000c0000000, 0x0000000100000000)
  region size 1024K, 1 young (1024K), 0 survivors (0K)
 Metaspace       used 70825K, committed 71360K, reserved 1114112K
  class space    used 9677K, committed 9920K, reserved 1048576K
}
Event: 4693.866 GC heap after
{Heap after GC invocations=305 (full 184):
 garbage-first heap   total 277504K, used 84812K [0x00000000c0000000, 0x0000000100000000)
  region size 1024K, 0 young (0K), 0 survivors (0K)
 Metaspace       used 70825K, committed 71360K, reserved 1114112K
  class space    used 9677K, committed 9920K, reserved 1048576K
}
Event: 4703.999 GC heap before
{Heap before GC invocations=305 (full 184):
 garbage-first heap   total 277504K, used 84812K [0x00000000c0000000, 0x0000000100000000)
  region size 1024K, 1 young (1024K), 0 survivors (0K)
 Metaspace       used 70825K, committed 71360K, reserved 1114112K
  class space    used 9677K, committed 9920K, reserved 1048576K
}
Event: 4704.124 GC heap after
{Heap after GC invocations=306 (full 185):
 garbage-first heap   total 277504K, used 84812K [0x00000000c0000000, 0x0000000100000000)
  region size 1024K, 0 young (0K), 0 survivors (0K)
 Metaspace       used 70825K, committed 71360K, reserved 1114112K
  class space    used 9677K, committed 9920K, reserved 1048576K
}
Event: 4714.211 GC heap before
{Heap before GC invocations=306 (full 185):
 garbage-first heap   total 277504K, used 84812K [0x00000000c0000000, 0x0000000100000000)
  region size 1024K, 1 young (1024K), 0 survivors (0K)
 Metaspace       used 70825K, committed 71360K, reserved 1114112K
  class space    used 9677K, committed 9920K, reserved 1048576K
}
Event: 4714.267 GC heap after
{Heap after GC invocations=307 (full 186):
 garbage-first heap   total 277504K, used 84812K [0x00000000c0000000, 0x0000000100000000)
  region size 1024K, 0 young (0K), 0 survivors (0K)
 Metaspace       used 70825K, committed 71360K, reserved 1114112K
  class space    used 9677K, committed 9920K, reserved 1048576K
}
Event: 4724.360 GC heap before
{Heap before GC invocations=307 (full 186):
 garbage-first heap   total 277504K, used 84812K [0x00000000c0000000, 0x0000000100000000)
  region size 1024K, 1 young (1024K), 0 survivors (0K)
 Metaspace       used 70825K, committed 71360K, reserved 1114112K
  class space    used 9677K, committed 9920K, reserved 1048576K
}
Event: 4724.419 GC heap after
{Heap after GC invocations=308 (full 187):
 garbage-first heap   total 277504K, used 84812K [0x00000000c0000000, 0x0000000100000000)
  region size 1024K, 0 young (0K), 0 survivors (0K)
 Metaspace       used 70825K, committed 71360K, reserved 1114112K
  class space    used 9677K, committed 9920K, reserved 1048576K
}
Event: 4734.538 GC heap before
{Heap before GC invocations=308 (full 187):
 garbage-first heap   total 277504K, used 84812K [0x00000000c0000000, 0x0000000100000000)
  region size 1024K, 1 young (1024K), 0 survivors (0K)
 Metaspace       used 70825K, committed 71360K, reserved 1114112K
  class space    used 9677K, committed 9920K, reserved 1048576K
}
Event: 4734.620 GC heap after
{Heap after GC invocations=309 (full 188):
 garbage-first heap   total 277504K, used 84812K [0x00000000c0000000, 0x0000000100000000)
  region size 1024K, 0 young (0K), 0 survivors (0K)
 Metaspace       used 70825K, committed 71360K, reserved 1114112K
  class space    used 9677K, committed 9920K, reserved 1048576K
}
Event: 4744.710 GC heap before
{Heap before GC invocations=309 (full 188):
 garbage-first heap   total 277504K, used 84812K [0x00000000c0000000, 0x0000000100000000)
  region size 1024K, 1 young (1024K), 0 survivors (0K)
 Metaspace       used 70825K, committed 71360K, reserved 1114112K
  class space    used 9677K, committed 9920K, reserved 1048576K
}
Event: 4744.770 GC heap after
{Heap after GC invocations=310 (full 189):
 garbage-first heap   total 277504K, used 84812K [0x00000000c0000000, 0x0000000100000000)
  region size 1024K, 0 young (0K), 0 survivors (0K)
 Metaspace       used 70825K, committed 71360K, reserved 1114112K
  class space    used 9677K, committed 9920K, reserved 1048576K
}
Event: 4754.861 GC heap before
{Heap before GC invocations=310 (full 189):
 garbage-first heap   total 277504K, used 84812K [0x00000000c0000000, 0x0000000100000000)
  region size 1024K, 1 young (1024K), 0 survivors (0K)
 Metaspace       used 70825K, committed 71360K, reserved 1114112K
  class space    used 9677K, committed 9920K, reserved 1048576K
}
Event: 4754.917 GC heap after
{Heap after GC invocations=311 (full 190):
 garbage-first heap   total 277504K, used 84812K [0x00000000c0000000, 0x0000000100000000)
  region size 1024K, 0 young (0K), 0 survivors (0K)
 Metaspace       used 70825K, committed 71360K, reserved 1114112K
  class space    used 9677K, committed 9920K, reserved 1048576K
}
Event: 4765.014 GC heap before
{Heap before GC invocations=311 (full 190):
 garbage-first heap   total 277504K, used 84812K [0x00000000c0000000, 0x0000000100000000)
  region size 1024K, 1 young (1024K), 0 survivors (0K)
 Metaspace       used 70825K, committed 71360K, reserved 1114112K
  class space    used 9677K, committed 9920K, reserved 1048576K
}
Event: 4765.071 GC heap after
{Heap after GC invocations=312 (full 191):
 garbage-first heap   total 277504K, used 84812K [0x00000000c0000000, 0x0000000100000000)
  region size 1024K, 0 young (0K), 0 survivors (0K)
 Metaspace       used 70825K, committed 71360K, reserved 1114112K
  class space    used 9677K, committed 9920K, reserved 1048576K
}
Event: 4775.156 GC heap before
{Heap before GC invocations=312 (full 191):
 garbage-first heap   total 277504K, used 84812K [0x00000000c0000000, 0x0000000100000000)
  region size 1024K, 1 young (1024K), 0 survivors (0K)
 Metaspace       used 70825K, committed 71360K, reserved 1114112K
  class space    used 9677K, committed 9920K, reserved 1048576K
}
Event: 4775.213 GC heap after
{Heap after GC invocations=313 (full 192):
 garbage-first heap   total 277504K, used 84812K [0x00000000c0000000, 0x0000000100000000)
  region size 1024K, 0 young (0K), 0 survivors (0K)
 Metaspace       used 70825K, committed 71360K, reserved 1114112K
  class space    used 9677K, committed 9920K, reserved 1048576K
}
Event: 4785.326 GC heap before
{Heap before GC invocations=313 (full 192):
 garbage-first heap   total 277504K, used 84812K [0x00000000c0000000, 0x0000000100000000)
  region size 1024K, 1 young (1024K), 0 survivors (0K)
 Metaspace       used 70825K, committed 71360K, reserved 1114112K
  class space    used 9677K, committed 9920K, reserved 1048576K
}
Event: 4785.386 GC heap after
{Heap after GC invocations=314 (full 193):
 garbage-first heap   total 277504K, used 84812K [0x00000000c0000000, 0x0000000100000000)
  region size 1024K, 0 young (0K), 0 survivors (0K)
 Metaspace       used 70825K, committed 71360K, reserved 1114112K
  class space    used 9677K, committed 9920K, reserved 1048576K
}

Dll operation events (10 events):
Event: 0.045 Loaded shared library c:\Users\ruanr\.vscode\extensions\redhat.java-1.16.0-win32-x64\jre\17.0.6-win32-x86_64\bin\java.dll
Event: 0.530 Loaded shared library C:\Users\ruanr\.vscode\extensions\redhat.java-1.16.0-win32-x64\jre\17.0.6-win32-x86_64\bin\net.dll
Event: 0.534 Loaded shared library C:\Users\ruanr\.vscode\extensions\redhat.java-1.16.0-win32-x64\jre\17.0.6-win32-x86_64\bin\nio.dll
Event: 1.055 Loaded shared library C:\Users\ruanr\.vscode\extensions\redhat.java-1.16.0-win32-x64\jre\17.0.6-win32-x86_64\bin\zip.dll
Event: 9.941 Loaded shared library C:\Users\ruanr\.vscode\extensions\redhat.java-1.16.0-win32-x64\jre\17.0.6-win32-x86_64\bin\jimage.dll
Event: 19.829 Loaded shared library C:\Users\ruanr\.vscode\extensions\redhat.java-1.16.0-win32-x64\jre\17.0.6-win32-x86_64\bin\management.dll
Event: 19.834 Loaded shared library C:\Users\ruanr\.vscode\extensions\redhat.java-1.16.0-win32-x64\jre\17.0.6-win32-x86_64\bin\management_ext.dll
Event: 23.260 Loaded shared library C:\Users\ruanr\.vscode\extensions\redhat.java-1.16.0-win32-x64\jre\17.0.6-win32-x86_64\bin\sunmscapi.dll
Event: 36.158 Loaded shared library c:\Users\ruanr\.vscode\extensions\redhat.java-1.16.0-win32-x64\jre\17.0.6-win32-x86_64\bin\verify.dll
Event: 41.876 Loaded shared library C:\Users\ruanr\AppData\Local\Temp\snappy-1.1.8-eebc7ce1-5d89-4959-ba57-5f41fe06d252-snappyjava.dll

Deoptimization events (20 events):
Event: 3464.528 Thread 0x000002e8a435d190 DEOPT PACKING pc=0x000002e89b2d9618 sp=0x000000ffe78fe580
Event: 3464.528 Thread 0x000002e8a435d190 DEOPT UNPACKING pc=0x000002e899a97143 sp=0x000000ffe78fda78 mode 3
Event: 3464.539 Thread 0x000002e8a435d190 DEOPT PACKING pc=0x000002e89b50a8fb sp=0x000000ffe78fe430
Event: 3464.539 Thread 0x000002e8a435d190 DEOPT UNPACKING pc=0x000002e899a97143 sp=0x000000ffe78fd980 mode 3
Event: 3468.036 Thread 0x000002e8a435d190 DEOPT PACKING pc=0x000002e89b3a73c4 sp=0x000000ffe78fe3a0
Event: 3468.036 Thread 0x000002e8a435d190 DEOPT UNPACKING pc=0x000002e899a97143 sp=0x000000ffe78fd8e0 mode 3
Event: 3482.373 Thread 0x000002e8a3f65560 DEOPT PACKING pc=0x000002e89b40260a sp=0x000000ffe92fe640
Event: 3482.373 Thread 0x000002e8a3f65560 DEOPT UNPACKING pc=0x000002e899a97143 sp=0x000000ffe92fdab0 mode 3
Event: 3559.938 Thread 0x000002e8a6d4b360 DEOPT PACKING pc=0x000002e89b7f070f sp=0x000000ffe95fe040
Event: 3559.938 Thread 0x000002e8a6d4b360 DEOPT UNPACKING pc=0x000002e899a97143 sp=0x000000ffe95fd548 mode 3
Event: 3559.949 Thread 0x000002e8a6d4b360 DEOPT PACKING pc=0x000002e89b3005ac sp=0x000000ffe95fdeb0
Event: 3559.949 Thread 0x000002e8a6d4b360 DEOPT UNPACKING pc=0x000002e899a97143 sp=0x000000ffe95fd430 mode 0
Event: 3569.204 Thread 0x000002e8a3f65560 DEOPT PACKING pc=0x000002e89b33ed2b sp=0x000000ffe92fe8e0
Event: 3569.204 Thread 0x000002e8a3f65560 DEOPT UNPACKING pc=0x000002e899a97143 sp=0x000000ffe92fdde0 mode 3
Event: 3763.194 Thread 0x000002e8a3f65560 DEOPT PACKING pc=0x000002e89b4a1ad1 sp=0x000000ffe92fea50
Event: 3763.194 Thread 0x000002e8a3f65560 DEOPT UNPACKING pc=0x000002e899a97143 sp=0x000000ffe92fdf38 mode 3
Event: 3965.039 Thread 0x000002e8a6d4b830 DEOPT PACKING pc=0x000002e89b565702 sp=0x000000ffe91fd530
Event: 3965.039 Thread 0x000002e8a6d4b830 DEOPT UNPACKING pc=0x000002e899a97143 sp=0x000000ffe91fc9d0 mode 3
Event: 4100.917 Thread 0x000002e8a6d4c6a0 DEOPT PACKING pc=0x000002e89b52cac0 sp=0x000000ffe93fdc80
Event: 4100.917 Thread 0x000002e8a6d4c6a0 DEOPT UNPACKING pc=0x000002e899a97143 sp=0x000000ffe93fd128 mode 3

Classes unloaded (20 events):
Event: 1321.510 Thread 0x000002e8a1c08fc0 Unloading class 0x0000000100215000 'jdk/internal/reflect/GeneratedConstructorAccessor60'
Event: 1321.510 Thread 0x000002e8a1c08fc0 Unloading class 0x0000000100221400 'jdk/internal/reflect/GeneratedMethodAccessor36'
Event: 1321.510 Thread 0x000002e8a1c08fc0 Unloading class 0x0000000100220800 'jdk/internal/reflect/GeneratedConstructorAccessor59'
Event: 1321.510 Thread 0x000002e8a1c08fc0 Unloading class 0x000000010034c000 'jdk/internal/reflect/GeneratedMethodAccessor35'
Event: 1321.510 Thread 0x000002e8a1c08fc0 Unloading class 0x000000010034d400 'jdk/internal/reflect/GeneratedMethodAccessor34'
Event: 1321.510 Thread 0x000002e8a1c08fc0 Unloading class 0x000000010034e000 'jdk/internal/reflect/GeneratedMethodAccessor33'
Event: 4187.305 Thread 0x000002e8a1c08fc0 Unloading class 0x000000010099ac00 'java/lang/invoke/LambdaForm$MH+0x000000010099ac00'
Event: 4187.306 Thread 0x000002e8a1c08fc0 Unloading class 0x000000010099a800 'java/lang/invoke/LambdaForm$MH+0x000000010099a800'
Event: 4187.306 Thread 0x000002e8a1c08fc0 Unloading class 0x000000010099a400 'java/lang/invoke/LambdaForm$MH+0x000000010099a400'
Event: 4187.306 Thread 0x000002e8a1c08fc0 Unloading class 0x0000000100999400 'java/lang/invoke/LambdaForm$MH+0x0000000100999400'
Event: 4187.306 Thread 0x000002e8a1c08fc0 Unloading class 0x0000000100999000 'java/lang/invoke/LambdaForm$MH+0x0000000100999000'
Event: 4187.306 Thread 0x000002e8a1c08fc0 Unloading class 0x0000000100998c00 'java/lang/invoke/LambdaForm$MH+0x0000000100998c00'
Event: 4187.306 Thread 0x000002e8a1c08fc0 Unloading class 0x0000000100998800 'java/lang/invoke/LambdaForm$MH+0x0000000100998800'
Event: 4561.332 Thread 0x000002e8a1c08fc0 Unloading class 0x0000000100638000 'jdk/internal/reflect/GeneratedMethodAccessor44'
Event: 4561.332 Thread 0x000002e8a1c08fc0 Unloading class 0x00000001005d4800 'jdk/internal/reflect/GeneratedConstructorAccessor68'
Event: 4561.332 Thread 0x000002e8a1c08fc0 Unloading class 0x0000000100361000 'jdk/internal/reflect/GeneratedMethodAccessor43'
Event: 4561.332 Thread 0x000002e8a1c08fc0 Unloading class 0x0000000100356c00 'jdk/internal/reflect/GeneratedConstructorAccessor67'
Event: 4561.332 Thread 0x000002e8a1c08fc0 Unloading class 0x000000010035e000 'jdk/internal/reflect/GeneratedMethodAccessor42'
Event: 4561.332 Thread 0x000002e8a1c08fc0 Unloading class 0x000000010035d000 'jdk/internal/reflect/GeneratedMethodAccessor41'
Event: 4561.332 Thread 0x000002e8a1c08fc0 Unloading class 0x000000010035cc00 'jdk/internal/reflect/GeneratedMethodAccessor40'

Classes redefined (0 events):
No events

Internal exceptions (20 events):
Event: 4083.757 Thread 0x000002e8a3f65560 Exception <a 'sun/nio/fs/WindowsException'{0x00000000cce658d0}> (0x00000000cce658d0) 
thrown [s\src\hotspot\share\prims\jni.cpp, line 516]
Event: 4096.989 Thread 0x000002e8a3f65560 Exception <a 'sun/nio/fs/WindowsException'{0x00000000cc1f0918}> (0x00000000cc1f0918) 
thrown [s\src\hotspot\share\prims\jni.cpp, line 516]
Event: 4096.989 Thread 0x000002e8a3f65560 Exception <a 'sun/nio/fs/WindowsException'{0x00000000cbf11070}> (0x00000000cbf11070) 
thrown [s\src\hotspot\share\prims\jni.cpp, line 516]
Event: 4099.440 Thread 0x000002e8a3f65560 Exception <a 'sun/nio/fs/WindowsException'{0x00000000d08e9e40}> (0x00000000d08e9e40) 
thrown [s\src\hotspot\share\prims\jni.cpp, line 516]
Event: 4099.441 Thread 0x000002e8a3f65560 Exception <a 'sun/nio/fs/WindowsException'{0x00000000d08eb340}> (0x00000000d08eb340) 
thrown [s\src\hotspot\share\prims\jni.cpp, line 516]
Event: 4100.043 Thread 0x000002e8a3f65560 Exception <a 'sun/nio/fs/WindowsException'{0x00000000cf559178}> (0x00000000cf559178) 
thrown [s\src\hotspot\share\prims\jni.cpp, line 516]
Event: 4100.043 Thread 0x000002e8a3f65560 Exception <a 'sun/nio/fs/WindowsException'{0x00000000cf55a678}> (0x00000000cf55a678) 
thrown [s\src\hotspot\share\prims\jni.cpp, line 516]
Event: 4100.917 Thread 0x000002e8a6d4c6a0 Implicit null exception at 0x000002e89b52c9c6 to 0x000002e89b52cabb
Event: 4101.042 Thread 0x000002e8a3f65560 Exception <a 'sun/nio/fs/WindowsException'{0x00000000ce553140}> (0x00000000ce553140) 
thrown [s\src\hotspot\share\prims\jni.cpp, line 516]
Event: 4101.042 Thread 0x000002e8a3f65560 Exception <a 'sun/nio/fs/WindowsException'{0x00000000ce554640}> (0x00000000ce554640) 
thrown [s\src\hotspot\share\prims\jni.cpp, line 516]
Event: 4247.610 Thread 0x000002e8a3f65560 Exception <a 'sun/nio/fs/WindowsException'{0x00000000d0e889f0}> (0x00000000d0e889f0) 
thrown [s\src\hotspot\share\prims\jni.cpp, line 516]
Event: 4247.610 Thread 0x000002e8a3f65560 Exception <a 'sun/nio/fs/WindowsException'{0x00000000d0e89ef0}> (0x00000000d0e89ef0) 
thrown [s\src\hotspot\share\prims\jni.cpp, line 516]
Event: 4248.528 Thread 0x000002e8a3f65560 Exception <a 'sun/nio/fs/WindowsException'{0x00000000d08d1838}> (0x00000000d08d1838) 
thrown [s\src\hotspot\share\prims\jni.cpp, line 516]
Event: 4248.529 Thread 0x000002e8a3f65560 Exception <a 'sun/nio/fs/WindowsException'{0x00000000d08d2d38}> (0x00000000d08d2d38) 
thrown [s\src\hotspot\share\prims\jni.cpp, line 516]
Event: 4248.889 Thread 0x000002e8a435d190 Exception <a 'sun/nio/fs/WindowsException'{0x00000000cf746fe0}> (0x00000000cf746fe0) 
thrown [s\src\hotspot\share\prims\jni.cpp, line 516]
Event: 4248.889 Thread 0x000002e8a435d190 Exception <a 'sun/nio/fs/WindowsException'{0x00000000cf7484e0}> (0x00000000cf7484e0) 
thrown [s\src\hotspot\share\prims\jni.cpp, line 516]
Event: 4267.366 Thread 0x000002e8a435d190 Exception <a 'sun/nio/fs/WindowsException'{0x00000000cf384268}> (0x00000000cf384268) 
thrown [s\src\hotspot\share\prims\jni.cpp, line 516]
Event: 4267.366 Thread 0x000002e8a435d190 Exception <a 'sun/nio/fs/WindowsException'{0x00000000cf385768}> (0x00000000cf385768) 
thrown [s\src\hotspot\share\prims\jni.cpp, line 516]
Event: 4367.319 Thread 0x000002e8a3f65560 Exception <a 'sun/nio/fs/WindowsException'{0x00000000d0cd1558}> (0x00000000d0cd1558) 
thrown [s\src\hotspot\share\prims\jni.cpp, line 516]
Event: 4367.320 Thread 0x000002e8a3f65560 Exception <a 'sun/nio/fs/WindowsException'{0x00000000d0cd2a58}> (0x00000000d0cd2a58) 
thrown [s\src\hotspot\share\prims\jni.cpp, line 516]

VM Operations (20 events):
Event: 4693.867 Executing VM operation: G1CollectFull done
Event: 4703.998 Executing VM operation: G1CollectFull
Event: 4704.124 Executing VM operation: G1CollectFull done
Event: 4714.211 Executing VM operation: G1CollectFull
Event: 4714.267 Executing VM operation: G1CollectFull done
Event: 4724.360 Executing VM operation: G1CollectFull
Event: 4724.419 Executing VM operation: G1CollectFull done
Event: 4734.538 Executing VM operation: G1CollectFull
Event: 4734.620 Executing VM operation: G1CollectFull done
Event: 4744.710 Executing VM operation: G1CollectFull
Event: 4744.770 Executing VM operation: G1CollectFull done
Event: 4754.861 Executing VM operation: G1CollectFull
Event: 4754.917 Executing VM operation: G1CollectFull done
Event: 4765.013 Executing VM operation: G1CollectFull
Event: 4765.071 Executing VM operation: G1CollectFull done
Event: 4775.156 Executing VM operation: G1CollectFull
Event: 4775.213 Executing VM operation: G1CollectFull done
Event: 4785.326 Executing VM operation: G1CollectFull
Event: 4785.386 Executing VM operation: G1CollectFull done
Event: 4795.473 Executing VM operation: G1CollectFull

Events (20 events):
Event: 3942.230 Thread 0x000002e8a69dc8f0 Thread exited: 0x000002e8a69dc8f0
Event: 3966.795 Thread 0x000002e8a69dbed0 Thread added: 0x000002e8a69dbed0
Event: 3971.796 Thread 0x000002e8a69dbed0 Thread exited: 0x000002e8a69dbed0
Event: 4008.670 Thread 0x000002e8a6d4c6a0 Thread added: 0x000002e8a6d4c6a0
Event: 4068.675 Thread 0x000002e8a6d0d3b0 Thread exited: 0x000002e8a6d0d3b0
Event: 4100.784 Thread 0x000002e8a69dfb90 Thread added: 0x000002e8a69dfb90
Event: 4100.784 Thread 0x000002e8a69da070 Thread added: 0x000002e8a69da070
Event: 4100.784 Thread 0x000002e8a69db4b0 Thread added: 0x000002e8a69db4b0
Event: 4106.117 Thread 0x000002e8a69db4b0 Thread exited: 0x000002e8a69db4b0
Event: 4111.128 Thread 0x000002e8a69da070 Thread exited: 0x000002e8a69da070
Event: 4116.134 Thread 0x000002e8a69dfb90 Thread exited: 0x000002e8a69dfb90
Event: 4159.472 Thread 0x000002e8a6d4b830 Thread exited: 0x000002e8a6d4b830
Event: 4248.885 Thread 0x000002e8a3f65090 Thread added: 0x000002e8a3f65090
Event: 4248.886 loading class java/util/stream/SortedOps$SizedRefSortingSink
Event: 4248.886 loading class java/util/stream/SortedOps$SizedRefSortingSink done
Event: 4335.182 Thread 0x000002e8a6d4c6a0 Thread exited: 0x000002e8a6d4c6a0
Event: 4346.403 Thread 0x000002e8a435d190 Thread exited: 0x000002e8a435d190
Event: 4427.377 Thread 0x000002e8a3f65560 Thread exited: 0x000002e8a3f65560
Event: 4427.377 Thread 0x000002e8a3f65090 Thread exited: 0x000002e8a3f65090
Event: 4487.386 Thread 0x000002e8a6d4b360 Thread exited: 0x000002e8a6d4b360


Dynamic libraries:
0x00007ff6d62f0000 - 0x00007ff6d62fe000 	c:\Users\ruanr\.vscode\extensions\redhat.java-1.16.0-win32-x64\jre\17.0.6-win32-x86_64\bin\java.exe
0x00007ffce0e30000 - 0x00007ffce1044000 	C:\WINDOWS\SYSTEM32\ntdll.dll
0x00007ffcdf530000 - 0x00007ffcdf5f3000 	C:\WINDOWS\System32\KERNEL32.DLL
0x00007ffcde8a0000 - 0x00007ffcdec3c000 	C:\WINDOWS\System32\KERNELBASE.dll
0x00007ffcde310000 - 0x00007ffcde421000 	C:\WINDOWS\System32\ucrtbase.dll
0x00007ffc5afa0000 - 0x00007ffc5afb7000 	c:\Users\ruanr\.vscode\extensions\redhat.java-1.16.0-win32-x64\jre\17.0.6-win32-x86_64\bin\jli.dll
0x00007ffc5afc0000 - 0x00007ffc5afd9000 	c:\Users\ruanr\.vscode\extensions\redhat.java-1.16.0-win32-x64\jre\17.0.6-win32-x86_64\bin\VCRUNTIME140.dll
0x00007ffce0280000 - 0x00007ffce042d000 	C:\WINDOWS\System32\USER32.dll
0x00007ffcde270000 - 0x00007ffcde296000 	C:\WINDOWS\System32\win32u.dll
0x00007ffcbce40000 - 0x00007ffcbd0ce000 	C:\WINDOWS\WinSxS\amd64_microsoft.windows.common-controls_6595b64144ccf1df_6.0.22621.608_none_a9444ca7c10bb01d\COMCTL32.dll
0x00007ffce0430000 - 0x00007ffce0459000 	C:\WINDOWS\System32\GDI32.dll
0x00007ffce0020000 - 0x00007ffce00c7000 	C:\WINDOWS\System32\msvcrt.dll
0x00007ffcde780000 - 0x00007ffcde893000 	C:\WINDOWS\System32\gdi32full.dll
0x00007ffcde660000 - 0x00007ffcde6fa000 	C:\WINDOWS\System32\msvcp_win.dll
0x00007ffcdf4f0000 - 0x00007ffcdf521000 	C:\WINDOWS\System32\IMM32.DLL
0x00007ffc5b220000 - 0x00007ffc5b22c000 	c:\Users\ruanr\.vscode\extensions\redhat.java-1.16.0-win32-x64\jre\17.0.6-win32-x86_64\bin\vcruntime140_1.dll
0x00007ffc5b180000 - 0x00007ffc5b211000 	c:\Users\ruanr\.vscode\extensions\redhat.java-1.16.0-win32-x64\jre\17.0.6-win32-x86_64\bin\msvcp140.dll
0x00007ffc5a350000 - 0x00007ffc5af97000 	c:\Users\ruanr\.vscode\extensions\redhat.java-1.16.0-win32-x64\jre\17.0.6-win32-x86_64\bin\server\jvm.dll
0x00007ffcdf0f0000 - 0x00007ffcdf19e000 	C:\WINDOWS\System32\ADVAPI32.dll
0x00007ffce01b0000 - 0x00007ffce0254000 	C:\WINDOWS\System32\sechost.dll
0x00007ffce0c50000 - 0x00007ffce0d65000 	C:\WINDOWS\System32\RPCRT4.dll
0x00007ffcc86d0000 - 0x00007ffcc86d9000 	C:\WINDOWS\SYSTEM32\WSOCK32.dll
0x00007ffce0d70000 - 0x00007ffce0de1000 	C:\WINDOWS\System32\WS2_32.dll
0x00007ffcd3f60000 - 0x00007ffcd3f94000 	C:\WINDOWS\SYSTEM32\WINMM.dll
0x00007ffcd0da0000 - 0x00007ffcd0daa000 	C:\WINDOWS\SYSTEM32\VERSION.dll
0x00007ffcdd2c0000 - 0x00007ffcdd2d8000 	C:\WINDOWS\SYSTEM32\kernel.appcore.dll
0x00007ffc5b170000 - 0x00007ffc5b17a000 	c:\Users\ruanr\.vscode\extensions\redhat.java-1.16.0-win32-x64\jre\17.0.6-win32-x86_64\bin\jimage.dll
0x00007ffcd8be0000 - 0x00007ffcd8e0e000 	C:\WINDOWS\SYSTEM32\DBGHELP.DLL
0x00007ffcdec40000 - 0x00007ffcdefc9000 	C:\WINDOWS\System32\combase.dll
0x00007ffcdfc80000 - 0x00007ffcdfd57000 	C:\WINDOWS\System32\OLEAUT32.dll
0x00007ffcc4400000 - 0x00007ffcc4432000 	C:\WINDOWS\SYSTEM32\dbgcore.DLL
0x00007ffcde700000 - 0x00007ffcde77b000 	C:\WINDOWS\System32\bcryptPrimitives.dll
0x00007ffc5b130000 - 0x00007ffc5b155000 	c:\Users\ruanr\.vscode\extensions\redhat.java-1.16.0-win32-x64\jre\17.0.6-win32-x86_64\bin\java.dll
0x00007ffc5b110000 - 0x00007ffc5b128000 	c:\Users\ruanr\.vscode\extensions\redhat.java-1.16.0-win32-x64\jre\17.0.6-win32-x86_64\bin\zip.dll
0x00007ffce0460000 - 0x00007ffce0c50000 	C:\WINDOWS\System32\SHELL32.dll
0x00007ffcdc250000 - 0x00007ffcdcb1e000 	C:\WINDOWS\SYSTEM32\windows.storage.dll
0x00007ffcdc110000 - 0x00007ffcdc24e000 	C:\WINDOWS\SYSTEM32\wintypes.dll
0x00007ffcdfd60000 - 0x00007ffcdfe51000 	C:\WINDOWS\System32\SHCORE.dll
0x00007ffcdf250000 - 0x00007ffcdf2ae000 	C:\WINDOWS\System32\shlwapi.dll
0x00007ffcde1a0000 - 0x00007ffcde1c1000 	C:\WINDOWS\SYSTEM32\profapi.dll
0x00007ffc5b0f0000 - 0x00007ffc5b109000 	C:\Users\ruanr\.vscode\extensions\redhat.java-1.16.0-win32-x64\jre\17.0.6-win32-x86_64\bin\net.dll
0x00007ffcd4660000 - 0x00007ffcd478f000 	C:\WINDOWS\SYSTEM32\WINHTTP.dll
0x00007ffcdd730000 - 0x00007ffcdd799000 	C:\WINDOWS\system32\mswsock.dll
0x00007ffc5b0d0000 - 0x00007ffc5b0e5000 	C:\Users\ruanr\.vscode\extensions\redhat.java-1.16.0-win32-x64\jre\17.0.6-win32-x86_64\bin\nio.dll
0x00007ffcdd990000 - 0x00007ffcdd9ab000 	C:\WINDOWS\SYSTEM32\CRYPTSP.dll
0x00007ffcdd230000 - 0x00007ffcdd265000 	C:\WINDOWS\system32\rsaenh.dll
0x00007ffcdd830000 - 0x00007ffcdd858000 	C:\WINDOWS\SYSTEM32\USERENV.dll
0x00007ffcddb50000 - 0x00007ffcddb78000 	C:\WINDOWS\SYSTEM32\bcrypt.dll
0x00007ffcdd9b0000 - 0x00007ffcdd9bc000 	C:\WINDOWS\SYSTEM32\CRYPTBASE.dll
0x00007ffcdcdb0000 - 0x00007ffcdcddd000 	C:\WINDOWS\SYSTEM32\IPHLPAPI.DLL
0x00007ffce0270000 - 0x00007ffce0279000 	C:\WINDOWS\System32\NSI.dll
0x00007ffcd4220000 - 0x00007ffcd4239000 	C:\WINDOWS\SYSTEM32\dhcpcsvc6.DLL
0x00007ffcd4200000 - 0x00007ffcd421f000 	C:\WINDOWS\SYSTEM32\dhcpcsvc.DLL
0x00007ffcdce30000 - 0x00007ffcdcf23000 	C:\WINDOWS\SYSTEM32\DNSAPI.dll
0x00007ffcd81d0000 - 0x00007ffcd81d9000 	C:\Users\ruanr\.vscode\extensions\redhat.java-1.16.0-win32-x64\jre\17.0.6-win32-x86_64\bin\management.dll
0x00007ffcc8e50000 - 0x00007ffcc8e5b000 	C:\Users\ruanr\.vscode\extensions\redhat.java-1.16.0-win32-x64\jre\17.0.6-win32-x86_64\bin\management_ext.dll
0x00007ffce0260000 - 0x00007ffce0268000 	C:\WINDOWS\System32\PSAPI.DLL
0x00007ffcd81e0000 - 0x00007ffcd81ee000 	C:\Users\ruanr\.vscode\extensions\redhat.java-1.16.0-win32-x64\jre\17.0.6-win32-x86_64\bin\sunmscapi.dll
0x00007ffcde430000 - 0x00007ffcde596000 	C:\WINDOWS\System32\CRYPT32.dll
0x00007ffcddb20000 - 0x00007ffcddb4d000 	C:\WINDOWS\SYSTEM32\ncrypt.dll
0x00007ffcddae0000 - 0x00007ffcddb17000 	C:\WINDOWS\SYSTEM32\NTASN1.dll
0x00007ffccbdf0000 - 0x00007ffccbdfa000 	C:\Windows\System32\rasadhlp.dll
0x00007ffcd2350000 - 0x00007ffcd23d3000 	C:\WINDOWS\System32\fwpuclnt.dll
0x00007ffc5b0a0000 - 0x00007ffc5b0b0000 	c:\Users\ruanr\.vscode\extensions\redhat.java-1.16.0-win32-x64\jre\17.0.6-win32-x86_64\bin\verify.dll
0x000000006c500000 - 0x000000006c5c7000 	C:\Users\ruanr\AppData\Local\Temp\snappy-1.1.8-eebc7ce1-5d89-4959-ba57-5f41fe06d252-snappyjava.dll

dbghelp: loaded successfully - version: 4.0.5 - missing functions: none
symbol engine: initialized successfully - sym options: 0x614 - pdb path: .;c:\Users\ruanr\.vscode\extensions\redhat.java-1.16.0-win32-x64\jre\17.0.6-win32-x86_64\bin;C:\WINDOWS\SYSTEM32;C:\WINDOWS\WinSxS\amd64_microsoft.windows.common-controls_6595b64144ccf1df_6.0.22621.608_none_a9444ca7c10bb01d;c:\Users\ruanr\.vscode\extensions\redhat.java-1.16.0-win32-x64\jre\17.0.6-win32-x86_64\bin\server;C:\Users\ruanr\AppData\Local\Temp

VM Arguments:
jvm_args: -XX:+HeapDumpOnOutOfMemoryError -Xmx1024m -Dsts.lsp.client=vscode -Dsts.log.file=/dev/null -XX:TieredStopAtLevel=1 -Xlog:jni+resolve=off -Dspring.config.location=file:c:\Users\ruanr\.vscode\extensions\vmware.vscode-spring-boot-1.45.0\language-server\BOOT-INF\classes\application.properties 
java_command: org.springframework.ide.vscode.boot.app.BootLanguageServerBootApp
java_class_path (initial): c:\Users\ruanr\.vscode\extensions\vmware.vscode-spring-boot-1.45.0\language-server\BOOT-INF\classes;c:\Users\ruanr\.vscode\extensions\vmware.vscode-spring-boot-1.45.0\language-server\BOOT-INF\lib\annotations-24.0.1.jar;c:\Users\ruanr\.vscode\extensions\vmware.vscode-spring-boot-1.45.0\language-server\BOOT-INF\lib\ant-1.10.13.jar;c:\Users\ruanr\.vscode\extensions\vmware.vscode-spring-boot-1.45.0\language-server\BOOT-INF\lib\ant-launcher-1.10.13.jar;c:\Users\ruanr\.vscode\extensions\vmware.vscode-spring-boot-1.45.0\language-server\BOOT-INF\lib\antlr-runtime-3.5.3.jar;c:\Users\ruanr\.vscode\extensions\vmware.vscode-spring-boot-1.45.0\language-server\BOOT-INF\lib\antlr4-4.11.1.jar;c:\Users\ruanr\.vscode\extensions\vmware.vscode-spring-boot-1.45.0\language-server\BOOT-INF\lib\antlr4-runtime-4.11.1.jar;c:\Users\ruanr\.vscode\extensions\vmware.vscode-spring-boot-1.45.0\language-server\BOOT-INF\lib\asm-9.4.jar;c:\Users\ruanr\.vscode\extensions\vmware.vscode-spring-boot-1.45.0\language-server\BOOT-INF\lib\asm-analysis-9.4.jar;c:\Users\ruanr\.vscode\extensions\vmware.vscode-spring-boot-1.45.0\language-server\BOOT-INF\lib\asm-tree-9.4.jar;c:\Users\ruanr\.vscode\extensions\vmware.vscode-spring-boot-1.45.0\language-server\BOOT-INF\lib\asm-util-9.4.jar;c:\Users\ruanr\.vscode\extensions\vmware.vscode-spring-boot-1.45.0\language-server\BOOT-INF\lib\caffeine-3.1.2.jar;c:\Users\ruanr\.vscode\extensions\vmware.vscode-spring-boot-1.45.0\language-server\BOOT-INF\lib\checker-qual-3.12.0.jar;c:\Users\ruanr\.vscode\extensions\vmware.vscode-spring-boot-1.45.0\language-server\BOOT-INF\lib\classgraph-4.8.149.jar;c:\Users\ruanr\.vscode\extensions\vmware.vscode-spring-boot-1.45.0\language-server\BOOT-INF\lib\commons-codec-1.15.jar;c:\Users\ruanr\.vscode\extensions\vmware.vscode-spring-boot-1.45.0\language-server\BOOT-INF\lib\commons-compress-1.22.jar;c:\Users\ruanr\.vscode\extensions\vmware.vscode-spring-boot-1.45.0\language-server\BOOT-INF\lib\commons-io-2.4.jar;c:
Launcher Type: SUN_STANDARD

[Global flags]
     intx CICompilerCount                          = 4                                         {product} {ergonomic}
     uint ConcGCThreads                            = 2                                         {product} {ergonomic}
     uint G1ConcRefinementThreads                  = 8                                         {product} {ergonomic}
   size_t G1HeapRegionSize                         = 1048576                                   {product} {ergonomic}
    uintx GCDrainStackTargetSize                   = 64                                        {product} {ergonomic}
     bool HeapDumpOnOutOfMemoryError               = true                                   {manageable} {command line}
   size_t InitialHeapSize                          = 199229440                                 {product} {ergonomic}
   size_t MarkStackSize                            = 4194304                                   {product} {ergonomic}
   size_t MaxHeapSize                              = 1073741824                                {product} {command line}
   size_t MaxNewSize                               = 643825664                                 {product} {ergonomic}
   size_t MinHeapDeltaBytes                        = 1048576                                   {product} {ergonomic}
   size_t MinHeapSize                              = 8388608                                   {product} {ergonomic}
    uintx NonProfiledCodeHeapSize                  = 0                                      {pd product} {ergonomic}
     bool ProfileInterpreter                       = false                                  {pd product} {command line}
    uintx ProfiledCodeHeapSize                     = 0                                      {pd product} {ergonomic}
   size_t SoftMaxHeapSize                          = 1073741824                             {manageable} {ergonomic}
     intx TieredStopAtLevel                        = 1                                         {product} {command line}
     bool UseCompressedClassPointers               = true                           {product lp64_product} {ergonomic}
     bool UseCompressedOops                        = true                           {product lp64_product} {ergonomic}
     bool UseG1GC                                  = true                                      {product} {ergonomic}
     bool UseLargePagesIndividualAllocation        = false                                  {pd product} {ergonomic}

Logging:
Log output configuration:
 #0: stdout all=warning,jni+resolve=off uptime,level,tags
 #1: stderr all=off uptime,level,tags

Environment Variables:
PATH=C:\Program Files\Common Files\Oracle\Java\javapath;C:\Program Files (x86)\Common Files\Intel\Shared Libraries\redist\ia32_win\compiler;C:\Program Files (x86)\Common Files\Intel\Shared Libraries\redist\intel64_win\compiler;C:\Program Files (x86)\Common Files\Oracle\Java\javapath;C:\WINDOWS\system32;C:\WINDOWS;C:\WINDOWS\System32\Wbem;C:\WINDOWS\System32\WindowsPowerShell\v1.0\;C:\WINDOWS\System32\OpenSSH\;C:\Program Files\nodejs\;C:\Program Files (x86)\ZeroTier\One\;C:\Program Files\PowerShell\7\;C:\ProgramData\chocolatey\bin;C:\Program Files\Git\cmd;C:\Users\ruanr\AppData\Local\Microsoft\WindowsApps;C:\Users\ruanr\AppData\Roaming\npm;C:\Users\ruanr\AppData\Local\Programs\Microsoft VS Code\bin;C:\Program Files\R\R-4.0.2\bin;C:\ffmpeg\bin;C:\Program Files\Git\bin;C:\src\flutter-1.22.2\flutter\bin;C:\adb;C:\Android_SDK\tools\bin;C:\platform-tools;C:\altera\13.0sp1\modelsim_ase\win32aloem;C:\Gradle\gradle-8.0.2\bin
USERNAME=ruanr
OS=Windows_NT
PROCESSOR_IDENTIFIER=Intel64 Family 6 Model 142 Stepping 12, GenuineIntel
TMP=C:\Users\ruanr\AppData\Local\Temp
TEMP=C:\Users\ruanr\AppData\Local\Temp



---------------  S Y S T E M  ---------------

OS:
 Windows 11 , 64 bit Build 22621 (10.0.22621.1344)
OS uptime: 0 days 1:22 hours

CPU: total 8 (initial active 8) (4 cores per cpu, 2 threads per core) family 6 model 142 stepping 12 microcode 0xde, cx8, cmov, fxsr, ht, mmx, 3dnowpref, sse, sse2, sse3, ssse3, sse4.1, sse4.2, popcnt, lzcnt, tsc, tscinvbit, avx, avx2, aes, erms, clmul, bmi1, bmi2, adx, fma, vzeroupper, clflush, clflushopt

Memory: 4k page, system-wide physical 12119M (2612M free)
TotalPageFile size 13143M (AvailPageFile size 8M)
current process WorkingSet (physical memory assigned to process): 464M, peak: 671M
current process commit charge ("private bytes"): 503M, peak: 693M

vm_info: OpenJDK 64-Bit Server VM (17.0.6+10) for windows-amd64 JRE (17.0.6+10), built on Jan 18 2023 10:08:59 by "temurin" with MS VC++ 16.7 (VS2019)

END.
